L 12/25/2021 - 14:03:35: Start of error session.
L 12/25/2021 - 14:03:35: Info (map "de_airstrip") (file "addons/amxmodx/logs/error_20211225.log")
L 12/25/2021 - 14:03:35: Invalid player id 36
L 12/25/2021 - 14:03:35: [AMXX] Run time error 10 (plugin "weapon_gunkata.amxx") (native "get_user_flags") - debug not enabled!
L 12/25/2021 - 14:03:35: [AMXX] To enable debug mode, add "debug" after the plugin name in plugins.ini (without quotes).
L 12/25/2021 - 14:03:35: Unhandled dynamic native error
L 12/25/2021 - 14:03:35: [AMXX] Run time error 10 (plugin "scarface_system.amxx") (native "give_gunkata") - debug not enabled!
L 12/25/2021 - 14:03:35: [AMXX] To enable debug mode, add "debug" after the plugin name in plugins.ini (without quotes).
L 12/25/2021 - 19:33:07: Start of error session.
L 12/25/2021 - 19:33:07: Info (map "de_dust2") (file "addons/amxmodx/logs/error_20211225.log")
L 12/25/2021 - 19:33:07: String formatted incorrectly - parameter 4 (total 3)
L 12/25/2021 - 19:33:07: [AMXX] Run time error 25 (plugin "scarface_system.amxx") - debug not enabled!
L 12/25/2021 - 19:33:07: [AMXX] To enable debug mode, add "debug" after the plugin name in plugins.ini (without quotes).
L 12/25/2021 - 19:33:10: String formatted incorrectly - parameter 4 (total 3)
L 12/25/2021 - 19:33:10: [AMXX] Run time error 25 (plugin "scarface_system.amxx") - debug not enabled!
L 12/25/2021 - 19:33:10: [AMXX] To enable debug mode, add "debug" after the plugin name in plugins.ini (without quotes).
L 12/25/2021 - 19:33:12: String formatted incorrectly - parameter 4 (total 3)
L 12/25/2021 - 19:33:12: [AMXX] Run time error 25 (plugin "scarface_system.amxx") - debug not enabled!
L 12/25/2021 - 19:33:12: [AMXX] To enable debug mode, add "debug" after the plugin name in plugins.ini (without quotes).
L 12/25/2021 - 19:33:13: String formatted incorrectly - parameter 4 (total 3)
L 12/25/2021 - 19:33:13: [AMXX] Run time error 25 (plugin "scarface_system.amxx") - debug not enabled!
L 12/25/2021 - 19:33:13: [AMXX] To enable debug mode, add "debug" after the plugin name in plugins.ini (without quotes).
L 12/25/2021 - 19:33:52: String formatted incorrectly - parameter 4 (total 3)
L 12/25/2021 - 19:33:52: [AMXX] Run time error 25 (plugin "scarface_system.amxx") - debug not enabled!
L 12/25/2021 - 19:33:52: [AMXX] To enable debug mode, add "debug" after the plugin name in plugins.ini (without quotes).
L 12/25/2021 - 19:33:54: String formatted incorrectly - parameter 4 (total 3)
L 12/25/2021 - 19:33:54: [AMXX] Run time error 25 (plugin "scarface_system.amxx") - debug not enabled!
L 12/25/2021 - 19:33:54: [AMXX] To enable debug mode, add "debug" after the plugin name in plugins.ini (without quotes).
L 12/25/2021 - 19:34:54: Start of error session.
L 12/25/2021 - 19:34:54: Info (map "de_dust2") (file "addons/amxmodx/logs/error_20211225.log")
L 12/25/2021 - 19:34:54: String formatted incorrectly - parameter 4 (total 3)
L 12/25/2021 - 19:34:54: [AMXX] Displaying debug trace (plugin "scarface_system.amxx", version "1.0")
L 12/25/2021 - 19:34:54: [AMXX] Run time error 25: parameter error 
L 12/25/2021 - 19:34:54: [AMXX]    [0] menu_system.inl::vip_menu_function (line 420)
L 12/25/2021 - 19:34:54: [AMXX]    [1] menu_system.inl::vip_menu_handle (line 395)
L 12/25/2021 - 19:36:48: Start of error session.
L 12/25/2021 - 19:36:48: Info (map "de_dust2") (file "addons/amxmodx/logs/error_20211225.log")
L 12/25/2021 - 19:36:48: String formatted incorrectly - parameter 4 (total 3)
L 12/25/2021 - 19:36:48: [AMXX] Displaying debug trace (plugin "scarface_system.amxx", version "1.0")
L 12/25/2021 - 19:36:48: [AMXX] Run time error 25: parameter error 
L 12/25/2021 - 19:36:48: [AMXX]    [0] menu_system.inl::vip_menu_function (line 420)
L 12/25/2021 - 19:36:48: [AMXX]    [1] menu_system.inl::vip_menu_handle (line 395)
L 12/25/2021 - 19:37:21: String formatted incorrectly - parameter 4 (total 3)
L 12/25/2021 - 19:37:21: [AMXX] Displaying debug trace (plugin "scarface_system.amxx", version "1.0")
L 12/25/2021 - 19:37:21: [AMXX] Run time error 25: parameter error 
L 12/25/2021 - 19:37:21: [AMXX]    [0] menu_system.inl::vip_menu_function (line 420)
L 12/25/2021 - 19:37:21: [AMXX]    [1] menu_system.inl::privilege_menu_handle (line 241)
L 12/25/2021 - 19:39:26: Start of error session.
L 12/25/2021 - 19:39:26: Info (map "de_dust2") (file "addons/amxmodx/logs/error_20211225.log")
L 12/25/2021 - 19:39:26: [AMXX] Run time error 4 (plugin "rpg_mod.amxx") - debug not enabled!
L 12/25/2021 - 19:39:26: [AMXX] To enable debug mode, add "debug" after the plugin name in plugins.ini (without quotes).
L 12/25/2021 - 19:39:26: Unhandled dynamic native error
L 12/25/2021 - 19:39:26: [AMXX] Displaying debug trace (plugin "scarface_system.amxx", version "1.0")
L 12/25/2021 - 19:39:26: [AMXX] Run time error 10: native error (native "rpg_add_exp")
L 12/25/2021 - 19:39:26: [AMXX]    [0] menu_system.inl::vip_menu_handle (line 386)
L 12/25/2021 - 19:39:29: [AMXX] Run time error 4 (plugin "rpg_mod.amxx") - debug not enabled!
L 12/25/2021 - 19:39:29: [AMXX] To enable debug mode, add "debug" after the plugin name in plugins.ini (without quotes).
L 12/25/2021 - 19:39:29: Unhandled dynamic native error
L 12/25/2021 - 19:39:29: [AMXX] Displaying debug trace (plugin "scarface_system.amxx", version "1.0")
L 12/25/2021 - 19:39:29: [AMXX] Run time error 10: native error (native "rpg_add_exp")
L 12/25/2021 - 19:39:29: [AMXX]    [0] menu_system.inl::vip_menu_handle (line 386)
L 12/25/2021 - 19:39:33: [AMXX] Run time error 4 (plugin "rpg_mod.amxx") - debug not enabled!
L 12/25/2021 - 19:39:33: [AMXX] To enable debug mode, add "debug" after the plugin name in plugins.ini (without quotes).
L 12/25/2021 - 19:39:33: Unhandled dynamic native error
L 12/25/2021 - 19:39:33: [AMXX] Displaying debug trace (plugin "scarface_system.amxx", version "1.0")
L 12/25/2021 - 19:39:33: [AMXX] Run time error 10: native error (native "rpg_add_exp")
L 12/25/2021 - 19:39:33: [AMXX]    [0] menu_system.inl::vip_menu_handle (line 386)
L 12/25/2021 - 19:44:37: Start of error session.
L 12/25/2021 - 19:44:37: Info (map "de_dust2") (file "addons/amxmodx/logs/error_20211225.log")
L 12/25/2021 - 19:44:37: [AMXX] Run time error 4 (plugin "rpg_mod.amxx") - debug not enabled!
L 12/25/2021 - 19:44:37: [AMXX] To enable debug mode, add "debug" after the plugin name in plugins.ini (without quotes).
L 12/25/2021 - 19:44:37: Unhandled dynamic native error
L 12/25/2021 - 19:44:37: [AMXX] Displaying debug trace (plugin "scarface_system.amxx", version "1.0")
L 12/25/2021 - 19:44:37: [AMXX] Run time error 10: native error (native "rpg_add_exp")
L 12/25/2021 - 19:44:37: [AMXX]    [0] menu_system.inl::vip_menu_handle (line 392)
L 12/25/2021 - 19:44:40: [AMXX] Run time error 4 (plugin "rpg_mod.amxx") - debug not enabled!
L 12/25/2021 - 19:44:40: [AMXX] To enable debug mode, add "debug" after the plugin name in plugins.ini (without quotes).
L 12/25/2021 - 19:44:40: Unhandled dynamic native error
L 12/25/2021 - 19:44:40: [AMXX] Displaying debug trace (plugin "scarface_system.amxx", version "1.0")
L 12/25/2021 - 19:44:40: [AMXX] Run time error 10: native error (native "rpg_add_exp")
L 12/25/2021 - 19:44:40: [AMXX]    [0] menu_system.inl::vip_menu_handle (line 392)
L 12/25/2021 - 19:50:31: Start of error session.
L 12/25/2021 - 19:50:31: Info (map "de_dust2") (file "addons/amxmodx/logs/error_20211225.log")
L 12/25/2021 - 19:50:31: [AMXX] Run time error 4 (plugin "rpg_mod.amxx") - debug not enabled!
L 12/25/2021 - 19:50:31: [AMXX] To enable debug mode, add "debug" after the plugin name in plugins.ini (without quotes).
L 12/25/2021 - 19:50:31: Unhandled dynamic native error
L 12/25/2021 - 19:50:31: [AMXX] Displaying debug trace (plugin "scarface_system.amxx", version "1.0")
L 12/25/2021 - 19:50:31: [AMXX] Run time error 10: native error (native "rpg_add_exp")
L 12/25/2021 - 19:50:31: [AMXX]    [0] menu_system.inl::vip_menu_handle (line 386)
L 12/25/2021 - 19:52:53: Start of error session.
L 12/25/2021 - 19:52:53: Info (map "de_dust2") (file "addons/amxmodx/logs/error_20211225.log")
L 12/25/2021 - 19:52:53: [AMXX] Run time error 4 (plugin "rpg_mod.amxx") - debug not enabled!
L 12/25/2021 - 19:52:53: [AMXX] To enable debug mode, add "debug" after the plugin name in plugins.ini (without quotes).
L 12/25/2021 - 19:52:53: Unhandled dynamic native error
L 12/25/2021 - 19:52:53: [AMXX] Displaying debug trace (plugin "scarface_system.amxx", version "1.0")
L 12/25/2021 - 19:52:53: [AMXX] Run time error 10: native error (native "rpg_add_exp")
L 12/25/2021 - 19:52:53: [AMXX]    [0] menu_system.inl::vip_menu_handle (line 385)
L 12/25/2021 - 20:11:56: Start of error session.
L 12/25/2021 - 20:11:56: Info (map "de_dust2") (file "addons/amxmodx/logs/error_20211225.log")
L 12/25/2021 - 20:11:56: [AMXX] Run time error 4 (plugin "rpg_mod.amxx") - debug not enabled!
L 12/25/2021 - 20:11:56: [AMXX] To enable debug mode, add "debug" after the plugin name in plugins.ini (without quotes).
L 12/25/2021 - 20:11:56: Unhandled dynamic native error
L 12/25/2021 - 20:11:56: [AMXX] Displaying debug trace (plugin "scarface_system.amxx", version "1.0")
L 12/25/2021 - 20:11:56: [AMXX] Run time error 10: native error (native "rpg_add_exp")
L 12/25/2021 - 20:11:56: [AMXX]    [0] menu_system.inl::vip_menu_handle (line 385)
L 12/25/2021 - 20:11:57: [AMXX] Run time error 4 (plugin "rpg_mod.amxx") - debug not enabled!
L 12/25/2021 - 20:11:57: [AMXX] To enable debug mode, add "debug" after the plugin name in plugins.ini (without quotes).
L 12/25/2021 - 20:11:57: Unhandled dynamic native error
L 12/25/2021 - 20:11:57: [AMXX] Displaying debug trace (plugin "scarface_system.amxx", version "1.0")
L 12/25/2021 - 20:11:57: [AMXX] Run time error 10: native error (native "rpg_add_exp")
L 12/25/2021 - 20:11:57: [AMXX]    [0] menu_system.inl::vip_menu_handle (line 385)
L 12/25/2021 - 20:11:57: [AMXX] Run time error 4 (plugin "rpg_mod.amxx") - debug not enabled!
L 12/25/2021 - 20:11:57: [AMXX] To enable debug mode, add "debug" after the plugin name in plugins.ini (without quotes).
L 12/25/2021 - 20:11:57: Unhandled dynamic native error
L 12/25/2021 - 20:11:57: [AMXX] Displaying debug trace (plugin "scarface_system.amxx", version "1.0")
L 12/25/2021 - 20:11:57: [AMXX] Run time error 10: native error (native "rpg_add_exp")
L 12/25/2021 - 20:11:57: [AMXX]    [0] menu_system.inl::vip_menu_handle (line 385)
L 12/25/2021 - 20:11:57: [AMXX] Run time error 4 (plugin "rpg_mod.amxx") - debug not enabled!
L 12/25/2021 - 20:11:57: [AMXX] To enable debug mode, add "debug" after the plugin name in plugins.ini (without quotes).
L 12/25/2021 - 20:11:57: Unhandled dynamic native error
L 12/25/2021 - 20:11:57: [AMXX] Displaying debug trace (plugin "scarface_system.amxx", version "1.0")
L 12/25/2021 - 20:11:57: [AMXX] Run time error 10: native error (native "rpg_add_exp")
L 12/25/2021 - 20:11:57: [AMXX]    [0] menu_system.inl::vip_menu_handle (line 385)
L 12/25/2021 - 20:11:57: [AMXX] Run time error 4 (plugin "rpg_mod.amxx") - debug not enabled!
L 12/25/2021 - 20:11:57: [AMXX] To enable debug mode, add "debug" after the plugin name in plugins.ini (without quotes).
L 12/25/2021 - 20:11:57: Unhandled dynamic native error
L 12/25/2021 - 20:11:57: [AMXX] Displaying debug trace (plugin "scarface_system.amxx", version "1.0")
L 12/25/2021 - 20:11:57: [AMXX] Run time error 10: native error (native "rpg_add_exp")
L 12/25/2021 - 20:11:57: [AMXX]    [0] menu_system.inl::vip_menu_handle (line 385)
L 12/25/2021 - 20:11:58: [AMXX] Run time error 4 (plugin "rpg_mod.amxx") - debug not enabled!
L 12/25/2021 - 20:11:58: [AMXX] To enable debug mode, add "debug" after the plugin name in plugins.ini (without quotes).
L 12/25/2021 - 20:11:58: Unhandled dynamic native error
L 12/25/2021 - 20:11:58: [AMXX] Displaying debug trace (plugin "scarface_system.amxx", version "1.0")
L 12/25/2021 - 20:11:58: [AMXX] Run time error 10: native error (native "rpg_add_exp")
L 12/25/2021 - 20:11:58: [AMXX]    [0] menu_system.inl::vip_menu_handle (line 385)
