L 01/15/2022 - 00:03:17: Start of error session.
L 01/15/2022 - 00:03:17: Info (map "surf_2kill") (file "addons/amxmodx/logs/error_20220115.log")
L 01/15/2022 - 00:03:17: [ReAPI] ReGameDll: isn't available
L 01/15/2022 - 00:03:17: [AMXX] Displaying debug trace (plugin "male_sexual_organ.amxx", version "1.1.3")
L 01/15/2022 - 00:03:17: [AMXX] Run time error 10: native error (native "rg_create_entity")
L 01/15/2022 - 00:03:17: [AMXX]    [0] male_sexual_organ.sma::CreateEnt (line 246)
L 01/15/2022 - 00:03:17: [AMXX]    [1] male_sexual_organ.sma::client_putinserver (line 221)
L 01/15/2022 - 00:03:53: Start of error session.
L 01/15/2022 - 00:03:53: Info (map "surf_0newage") (file "addons/amxmodx/logs/error_20220115.log")
L 01/15/2022 - 00:03:53: [ReAPI] ReGameDll: isn't available
L 01/15/2022 - 00:03:53: [AMXX] Displaying debug trace (plugin "male_sexual_organ.amxx", version "1.1.3")
L 01/15/2022 - 00:03:53: [AMXX] Run time error 10: native error (native "rg_create_entity")
L 01/15/2022 - 00:03:53: [AMXX]    [0] male_sexual_organ.sma::CreateEnt (line 246)
L 01/15/2022 - 00:03:53: [AMXX]    [1] male_sexual_organ.sma::client_putinserver (line 221)
L 01/15/2022 - 00:03:54: [ReAPI] ReGameDll: isn't available
L 01/15/2022 - 00:03:54: [AMXX] Displaying debug trace (plugin "male_sexual_organ.amxx", version "1.1.3")
L 01/15/2022 - 00:03:54: [AMXX] Run time error 10: native error (native "rg_create_entity")
L 01/15/2022 - 00:03:54: [AMXX]    [0] male_sexual_organ.sma::CreateEnt (line 246)
L 01/15/2022 - 00:03:54: [AMXX]    [1] male_sexual_organ.sma::client_putinserver (line 221)
L 01/15/2022 - 00:03:55: [ReAPI] ReGameDll: isn't available
L 01/15/2022 - 00:03:55: [AMXX] Displaying debug trace (plugin "male_sexual_organ.amxx", version "1.1.3")
L 01/15/2022 - 00:03:55: [AMXX] Run time error 10: native error (native "rg_create_entity")
L 01/15/2022 - 00:03:55: [AMXX]    [0] male_sexual_organ.sma::CreateEnt (line 246)
L 01/15/2022 - 00:03:55: [AMXX]    [1] male_sexual_organ.sma::client_putinserver (line 221)
L 01/15/2022 - 00:03:55: [ReAPI] ReGameDll: isn't available
L 01/15/2022 - 00:03:55: [AMXX] Displaying debug trace (plugin "male_sexual_organ.amxx", version "1.1.3")
L 01/15/2022 - 00:03:55: [AMXX] Run time error 10: native error (native "rg_create_entity")
L 01/15/2022 - 00:03:55: [AMXX]    [0] male_sexual_organ.sma::CreateEnt (line 246)
L 01/15/2022 - 00:03:55: [AMXX]    [1] male_sexual_organ.sma::client_putinserver (line 221)
L 01/15/2022 - 00:03:55: [ReAPI] ReGameDll: isn't available
L 01/15/2022 - 00:03:55: [AMXX] Displaying debug trace (plugin "male_sexual_organ.amxx", version "1.1.3")
L 01/15/2022 - 00:03:55: [AMXX] Run time error 10: native error (native "rg_create_entity")
L 01/15/2022 - 00:03:55: [AMXX]    [0] male_sexual_organ.sma::CreateEnt (line 246)
L 01/15/2022 - 00:03:55: [AMXX]    [1] male_sexual_organ.sma::client_putinserver (line 221)
L 01/15/2022 - 00:07:40: Start of error session.
L 01/15/2022 - 00:07:40: Info (map "surf_0newage") (file "addons/amxmodx/logs/error_20220115.log")
L 01/15/2022 - 00:07:40: [ReAPI] ReGameDll: isn't available
L 01/15/2022 - 00:07:40: [AMXX] Displaying debug trace (plugin "male_sexual_organ.amxx", version "1.1.3")
L 01/15/2022 - 00:07:40: [AMXX] Run time error 10: native error (native "rg_create_entity")
L 01/15/2022 - 00:07:40: [AMXX]    [0] male_sexual_organ.sma::CreateEnt (line 246)
L 01/15/2022 - 00:07:40: [AMXX]    [1] male_sexual_organ.sma::client_putinserver (line 221)
L 01/15/2022 - 00:07:41: [ReAPI] ReGameDll: isn't available
L 01/15/2022 - 00:07:41: [AMXX] Displaying debug trace (plugin "male_sexual_organ.amxx", version "1.1.3")
L 01/15/2022 - 00:07:41: [AMXX] Run time error 10: native error (native "rg_create_entity")
L 01/15/2022 - 00:07:41: [AMXX]    [0] male_sexual_organ.sma::CreateEnt (line 246)
L 01/15/2022 - 00:07:41: [AMXX]    [1] male_sexual_organ.sma::client_putinserver (line 221)
L 01/15/2022 - 00:07:41: [ReAPI] ReGameDll: isn't available
L 01/15/2022 - 00:07:41: [AMXX] Displaying debug trace (plugin "male_sexual_organ.amxx", version "1.1.3")
L 01/15/2022 - 00:07:41: [AMXX] Run time error 10: native error (native "rg_create_entity")
L 01/15/2022 - 00:07:41: [AMXX]    [0] male_sexual_organ.sma::CreateEnt (line 246)
L 01/15/2022 - 00:07:41: [AMXX]    [1] male_sexual_organ.sma::client_putinserver (line 221)
L 01/15/2022 - 00:07:41: [ReAPI] ReGameDll: isn't available
L 01/15/2022 - 00:07:41: [AMXX] Displaying debug trace (plugin "male_sexual_organ.amxx", version "1.1.3")
L 01/15/2022 - 00:07:41: [AMXX] Run time error 10: native error (native "rg_create_entity")
L 01/15/2022 - 00:07:41: [AMXX]    [0] male_sexual_organ.sma::CreateEnt (line 246)
L 01/15/2022 - 00:07:41: [AMXX]    [1] male_sexual_organ.sma::client_putinserver (line 221)
L 01/15/2022 - 00:07:42: [ReAPI] ReGameDll: isn't available
L 01/15/2022 - 00:07:42: [AMXX] Displaying debug trace (plugin "male_sexual_organ.amxx", version "1.1.3")
L 01/15/2022 - 00:07:42: [AMXX] Run time error 10: native error (native "rg_create_entity")
L 01/15/2022 - 00:07:42: [AMXX]    [0] male_sexual_organ.sma::CreateEnt (line 246)
L 01/15/2022 - 00:07:42: [AMXX]    [1] male_sexual_organ.sma::client_putinserver (line 221)
L 01/15/2022 - 00:09:04: Player 1 is not in game.
L 01/15/2022 - 00:09:04: [AMXX] Displaying debug trace (plugin "scarface_system.amxx", version "1.0")
L 01/15/2022 - 00:09:04: [AMXX] Run time error 10: native error (native "menu_display")
L 01/15/2022 - 00:09:04: [AMXX]    [0] menu.class::main_menu_function (line 451)
L 01/15/2022 - 00:09:04: [AMXX]    [1] menu.class::view_menu_handle (line 456)
L 01/15/2022 - 00:10:05: Start of error session.
L 01/15/2022 - 00:10:05: Info (map "surf_0newage") (file "addons/amxmodx/logs/error_20220115.log")
L 01/15/2022 - 00:10:05: [ReAPI] ReGameDll: isn't available
L 01/15/2022 - 00:10:05: [AMXX] Displaying debug trace (plugin "male_sexual_organ.amxx", version "1.1.3")
L 01/15/2022 - 00:10:05: [AMXX] Run time error 10: native error (native "rg_create_entity")
L 01/15/2022 - 00:10:05: [AMXX]    [0] male_sexual_organ.sma::CreateEnt (line 246)
L 01/15/2022 - 00:10:05: [AMXX]    [1] male_sexual_organ.sma::client_putinserver (line 221)
L 01/15/2022 - 00:10:05: [ReAPI] ReGameDll: isn't available
L 01/15/2022 - 00:10:05: [AMXX] Displaying debug trace (plugin "male_sexual_organ.amxx", version "1.1.3")
L 01/15/2022 - 00:10:05: [AMXX] Run time error 10: native error (native "rg_create_entity")
L 01/15/2022 - 00:10:05: [AMXX]    [0] male_sexual_organ.sma::CreateEnt (line 246)
L 01/15/2022 - 00:10:05: [AMXX]    [1] male_sexual_organ.sma::client_putinserver (line 221)
L 01/15/2022 - 00:10:06: [ReAPI] ReGameDll: isn't available
L 01/15/2022 - 00:10:06: [AMXX] Displaying debug trace (plugin "male_sexual_organ.amxx", version "1.1.3")
L 01/15/2022 - 00:10:06: [AMXX] Run time error 10: native error (native "rg_create_entity")
L 01/15/2022 - 00:10:06: [AMXX]    [0] male_sexual_organ.sma::CreateEnt (line 246)
L 01/15/2022 - 00:10:06: [AMXX]    [1] male_sexual_organ.sma::client_putinserver (line 221)
L 01/15/2022 - 00:10:06: [ReAPI] ReGameDll: isn't available
L 01/15/2022 - 00:10:06: [AMXX] Displaying debug trace (plugin "male_sexual_organ.amxx", version "1.1.3")
L 01/15/2022 - 00:10:06: [AMXX] Run time error 10: native error (native "rg_create_entity")
L 01/15/2022 - 00:10:06: [AMXX]    [0] male_sexual_organ.sma::CreateEnt (line 246)
L 01/15/2022 - 00:10:06: [AMXX]    [1] male_sexual_organ.sma::client_putinserver (line 221)
L 01/15/2022 - 00:35:03: Start of error session.
L 01/15/2022 - 00:35:03: Info (map "surf_0newage") (file "addons/amxmodx/logs/error_20220115.log")
L 01/15/2022 - 00:35:03: [AMXX] Plugin ("male_sexual_organ.amxx") is setting itself as failed.
L 01/15/2022 - 00:35:03: [AMXX] Plugin says: Error! Model not found
L 01/15/2022 - 00:35:03: [AMXX] Displaying debug trace (plugin "male_sexual_organ.amxx", version "unknown")
L 01/15/2022 - 00:35:03: [AMXX] Run time error 1: forced exit 
L 01/15/2022 - 00:35:03: [AMXX]    [0] male_sexual_organ.sma::CheckModels (line 204)
L 01/15/2022 - 00:35:03: [AMXX]    [1] male_sexual_organ.sma::plugin_precache (line 197)
L 01/15/2022 - 00:35:26: Start of error session.
L 01/15/2022 - 00:35:26: Info (map "surf_0newage") (file "addons/amxmodx/logs/error_20220115.log")
L 01/15/2022 - 00:35:26: [AMXX] Plugin ("male_sexual_organ.amxx") is setting itself as failed.
L 01/15/2022 - 00:35:26: [AMXX] Plugin says: Error! Model not found
L 01/15/2022 - 00:35:26: [AMXX] Displaying debug trace (plugin "male_sexual_organ.amxx", version "unknown")
L 01/15/2022 - 00:35:26: [AMXX] Run time error 1: forced exit 
L 01/15/2022 - 00:35:26: [AMXX]    [0] male_sexual_organ.sma::CheckModels (line 204)
L 01/15/2022 - 00:35:26: [AMXX]    [1] male_sexual_organ.sma::plugin_precache (line 197)
L 01/15/2022 - 00:36:48: Player 5 is not in game.
L 01/15/2022 - 00:36:48: [AMXX] Displaying debug trace (plugin "scarface_system.amxx", version "1.0")
L 01/15/2022 - 00:36:48: [AMXX] Run time error 10: native error (native "menu_display")
L 01/15/2022 - 00:36:48: [AMXX]    [0] menu.class::main_menu_function (line 451)
L 01/15/2022 - 00:36:48: [AMXX]    [1] menu.class::view_menu_handle (line 456)
L 01/15/2022 - 00:36:48: Start of error session.
L 01/15/2022 - 00:36:48: Info (map "surf_0newage") (file "addons/amxmodx/logs/error_20220115.log")
L 01/15/2022 - 00:36:48: [AMXX] Plugin ("male_sexual_organ.amxx") is setting itself as failed.
L 01/15/2022 - 00:36:48: [AMXX] Plugin says: Error! Model not found
L 01/15/2022 - 00:36:48: [AMXX] Displaying debug trace (plugin "male_sexual_organ.amxx", version "unknown")
L 01/15/2022 - 00:36:48: [AMXX] Run time error 1: forced exit 
L 01/15/2022 - 00:36:48: [AMXX]    [0] male_sexual_organ.sma::CheckModels (line 204)
L 01/15/2022 - 00:36:48: [AMXX]    [1] male_sexual_organ.sma::plugin_precache (line 197)
L 01/15/2022 - 01:39:32: Start of error session.
L 01/15/2022 - 01:39:32: Info (map "surf_sand") (file "addons/amxmodx/logs/error_20220115.log")
L 01/15/2022 - 01:39:32: Player 6 is not in game.
L 01/15/2022 - 01:39:32: [AMXX] Displaying debug trace (plugin "scarface_system.amxx", version "1.0")
L 01/15/2022 - 01:39:32: [AMXX] Run time error 10: native error (native "menu_display")
L 01/15/2022 - 01:39:32: [AMXX]    [0] menu.class::privilege_menu_function (line 593)
L 01/15/2022 - 01:39:32: [AMXX]    [1] menu.class::cso_menu_handle (line 1184)
L 01/15/2022 - 01:40:46: [AMXX] Displaying debug trace (plugin "scarface_system.amxx", version "1.0")
L 01/15/2022 - 01:40:46: [AMXX] Run time error 4: index out of bounds 
L 01/15/2022 - 01:40:46: [AMXX]    [0] scarface_system.sma::model_name (line 614)
L 01/15/2022 - 01:40:46: [AMXX]    [1] main.class::player_take_damage (line 41)
L 01/15/2022 - 01:40:49: [AMXX] Displaying debug trace (plugin "scarface_system.amxx", version "1.0")
L 01/15/2022 - 01:40:49: [AMXX] Run time error 4: index out of bounds 
L 01/15/2022 - 01:40:49: [AMXX]    [0] scarface_system.sma::model_name (line 614)
L 01/15/2022 - 01:40:49: [AMXX]    [1] main.class::player_take_damage (line 41)
L 01/15/2022 - 01:40:50: [AMXX] Displaying debug trace (plugin "scarface_system.amxx", version "1.0")
L 01/15/2022 - 01:40:50: [AMXX] Run time error 4: index out of bounds 
L 01/15/2022 - 01:40:50: [AMXX]    [0] scarface_system.sma::model_name (line 614)
L 01/15/2022 - 01:40:50: [AMXX]    [1] main.class::player_take_damage (line 41)
L 01/15/2022 - 01:40:51: [AMXX] Displaying debug trace (plugin "scarface_system.amxx", version "1.0")
L 01/15/2022 - 01:40:51: [AMXX] Run time error 4: index out of bounds 
L 01/15/2022 - 01:40:51: [AMXX]    [0] scarface_system.sma::model_name (line 614)
L 01/15/2022 - 01:40:51: [AMXX]    [1] main.class::player_take_damage (line 41)
L 01/15/2022 - 01:40:52: [AMXX] Displaying debug trace (plugin "scarface_system.amxx", version "1.0")
L 01/15/2022 - 01:40:52: [AMXX] Run time error 4: index out of bounds 
L 01/15/2022 - 01:40:52: [AMXX]    [0] scarface_system.sma::model_name (line 614)
L 01/15/2022 - 01:40:52: [AMXX]    [1] main.class::player_take_damage (line 41)
L 01/15/2022 - 01:40:53: [AMXX] Displaying debug trace (plugin "scarface_system.amxx", version "1.0")
L 01/15/2022 - 01:40:53: [AMXX] Run time error 4: index out of bounds 
L 01/15/2022 - 01:40:53: [AMXX]    [0] scarface_system.sma::model_name (line 614)
L 01/15/2022 - 01:40:53: [AMXX]    [1] main.class::player_take_damage (line 41)
L 01/15/2022 - 01:40:55: [AMXX] Displaying debug trace (plugin "scarface_system.amxx", version "1.0")
L 01/15/2022 - 01:40:55: [AMXX] Run time error 4: index out of bounds 
L 01/15/2022 - 01:40:55: [AMXX]    [0] scarface_system.sma::model_name (line 614)
L 01/15/2022 - 01:40:55: [AMXX]    [1] main.class::player_take_damage (line 41)
L 01/15/2022 - 01:40:56: [AMXX] Displaying debug trace (plugin "scarface_system.amxx", version "1.0")
L 01/15/2022 - 01:40:56: [AMXX] Run time error 4: index out of bounds 
L 01/15/2022 - 01:40:56: [AMXX]    [0] scarface_system.sma::model_name (line 614)
L 01/15/2022 - 01:40:56: [AMXX]    [1] main.class::player_take_damage (line 41)
L 01/15/2022 - 01:40:59: [AMXX] Displaying debug trace (plugin "scarface_system.amxx", version "1.0")
L 01/15/2022 - 01:40:59: [AMXX] Run time error 4: index out of bounds 
L 01/15/2022 - 01:40:59: [AMXX]    [0] scarface_system.sma::model_name (line 614)
L 01/15/2022 - 01:40:59: [AMXX]    [1] main.class::player_take_damage (line 41)
L 01/15/2022 - 01:41:00: [AMXX] Displaying debug trace (plugin "scarface_system.amxx", version "1.0")
L 01/15/2022 - 01:41:00: [AMXX] Run time error 4: index out of bounds 
L 01/15/2022 - 01:41:00: [AMXX]    [0] scarface_system.sma::model_name (line 614)
L 01/15/2022 - 01:41:00: [AMXX]    [1] main.class::player_take_damage (line 41)
L 01/15/2022 - 01:41:01: [AMXX] Displaying debug trace (plugin "scarface_system.amxx", version "1.0")
L 01/15/2022 - 01:41:01: [AMXX] Run time error 4: index out of bounds 
L 01/15/2022 - 01:41:01: [AMXX]    [0] scarface_system.sma::model_name (line 614)
L 01/15/2022 - 01:41:01: [AMXX]    [1] main.class::player_take_damage (line 41)
L 01/15/2022 - 01:47:36: Start of error session.
L 01/15/2022 - 01:47:36: Info (map "surf_ski_2") (file "addons/amxmodx/logs/error_20220115.log")
L 01/15/2022 - 01:47:36: Player 6 is not in game.
L 01/15/2022 - 01:47:36: [AMXX] Displaying debug trace (plugin "scarface_system.amxx", version "1.0")
L 01/15/2022 - 01:47:36: [AMXX] Run time error 10: native error (native "menu_display")
L 01/15/2022 - 01:47:36: [AMXX]    [0] menu.class::privilege_menu_function (line 593)
L 01/15/2022 - 01:47:36: [AMXX]    [1] menu.class::boss_menu_handle (line 1080)
L 01/15/2022 - 02:01:10: Start of error session.
L 01/15/2022 - 02:01:10: Info (map "surf_dark_day") (file "addons/amxmodx/logs/error_20220115.log")
L 01/15/2022 - 02:01:10: [AMXX] Displaying debug trace (plugin "scarface_system.amxx", version "1.0")
L 01/15/2022 - 02:01:10: [AMXX] Run time error 4: index out of bounds 
L 01/15/2022 - 02:01:10: [AMXX]    [0] scarface_system.sma::model_name (line 614)
L 01/15/2022 - 02:01:10: [AMXX]    [1] main.class::player_take_damage (line 45)
L 01/15/2022 - 03:09:17: Start of error session.
L 01/15/2022 - 03:09:17: Info (map "surf_sand") (file "addons/amxmodx/logs/error_20220115.log")
L 01/15/2022 - 03:09:17: [AMXX] Displaying debug trace (plugin "scarface_system.amxx", version "1.0")
L 01/15/2022 - 03:09:17: [AMXX] Run time error 4: index out of bounds 
L 01/15/2022 - 03:09:17: [AMXX]    [0] scarface_system.sma::model_name (line 620)
L 01/15/2022 - 03:09:17: [AMXX]    [1] knife.class::knife_check (line 135)
L 01/15/2022 - 03:09:18: [AMXX] Displaying debug trace (plugin "scarface_system.amxx", version "1.0")
L 01/15/2022 - 03:09:18: [AMXX] Run time error 4: index out of bounds 
L 01/15/2022 - 03:09:18: [AMXX]    [0] scarface_system.sma::model_name (line 620)
L 01/15/2022 - 03:09:18: [AMXX]    [1] knife.class::knife_check (line 135)
L 01/15/2022 - 03:09:18: [AMXX] Displaying debug trace (plugin "scarface_system.amxx", version "1.0")
L 01/15/2022 - 03:09:18: [AMXX] Run time error 4: index out of bounds 
L 01/15/2022 - 03:09:18: [AMXX]    [0] scarface_system.sma::model_name (line 620)
L 01/15/2022 - 03:09:18: [AMXX]    [1] knife.class::knife_check (line 135)
L 01/15/2022 - 03:09:18: [AMXX] Displaying debug trace (plugin "scarface_system.amxx", version "1.0")
L 01/15/2022 - 03:09:18: [AMXX] Run time error 4: index out of bounds 
L 01/15/2022 - 03:09:18: [AMXX]    [0] scarface_system.sma::model_name (line 620)
L 01/15/2022 - 03:09:18: [AMXX]    [1] knife.class::knife_check (line 135)
L 01/15/2022 - 03:09:18: [AMXX] Displaying debug trace (plugin "scarface_system.amxx", version "1.0")
L 01/15/2022 - 03:09:18: [AMXX] Run time error 4: index out of bounds 
L 01/15/2022 - 03:09:18: [AMXX]    [0] scarface_system.sma::model_name (line 620)
L 01/15/2022 - 03:09:18: [AMXX]    [1] knife.class::knife_check (line 135)
L 01/15/2022 - 03:09:18: [AMXX] Displaying debug trace (plugin "scarface_system.amxx", version "1.0")
L 01/15/2022 - 03:09:18: [AMXX] Run time error 4: index out of bounds 
L 01/15/2022 - 03:09:18: [AMXX]    [0] scarface_system.sma::model_name (line 620)
L 01/15/2022 - 03:09:18: [AMXX]    [1] knife.class::knife_check (line 135)
L 01/15/2022 - 03:09:18: [AMXX] Displaying debug trace (plugin "scarface_system.amxx", version "1.0")
L 01/15/2022 - 03:09:18: [AMXX] Run time error 4: index out of bounds 
L 01/15/2022 - 03:09:18: [AMXX]    [0] scarface_system.sma::model_name (line 620)
L 01/15/2022 - 03:09:18: [AMXX]    [1] knife.class::knife_check (line 135)
L 01/15/2022 - 03:09:19: [AMXX] Displaying debug trace (plugin "scarface_system.amxx", version "1.0")
L 01/15/2022 - 03:09:19: [AMXX] Run time error 4: index out of bounds 
L 01/15/2022 - 03:09:19: [AMXX]    [0] scarface_system.sma::model_name (line 620)
L 01/15/2022 - 03:09:19: [AMXX]    [1] knife.class::knife_check (line 135)
L 01/15/2022 - 03:09:19: [AMXX] Displaying debug trace (plugin "scarface_system.amxx", version "1.0")
L 01/15/2022 - 03:09:19: [AMXX] Run time error 4: index out of bounds 
L 01/15/2022 - 03:09:19: [AMXX]    [0] scarface_system.sma::model_name (line 620)
L 01/15/2022 - 03:09:19: [AMXX]    [1] knife.class::knife_check (line 135)
L 01/15/2022 - 03:09:19: [AMXX] Displaying debug trace (plugin "scarface_system.amxx", version "1.0")
L 01/15/2022 - 03:09:19: [AMXX] Run time error 4: index out of bounds 
L 01/15/2022 - 03:09:19: [AMXX]    [0] scarface_system.sma::model_name (line 620)
L 01/15/2022 - 03:09:19: [AMXX]    [1] knife.class::knife_check (line 135)
L 01/15/2022 - 03:10:34: [AMXX] Displaying debug trace (plugin "scarface_system.amxx", version "1.0")
L 01/15/2022 - 03:10:34: [AMXX] Run time error 4: index out of bounds 
L 01/15/2022 - 03:10:34: [AMXX]    [0] scarface_system.sma::model_name (line 620)
L 01/15/2022 - 03:10:34: [AMXX]    [1] knife.class::knife_check (line 135)
L 01/15/2022 - 03:25:47: [AMXX] Displaying debug trace (plugin "scarface_system.amxx", version "1.0")
L 01/15/2022 - 03:25:47: [AMXX] Run time error 4: index out of bounds 
L 01/15/2022 - 03:25:47: [AMXX]    [0] scarface_system.sma::model_name (line 620)
L 01/15/2022 - 03:25:47: [AMXX]    [1] knife.class::knife_check (line 135)
L 01/15/2022 - 03:25:58: Start of error session.
L 01/15/2022 - 03:25:58: Info (map "surf_sand") (file "addons/amxmodx/logs/error_20220115.log")
L 01/15/2022 - 03:25:58: [CSTRIKE] Invalid player 5 (not in-game)
L 01/15/2022 - 03:25:58: [AMXX] Displaying debug trace (plugin "scarface_system.amxx", version "1.0")
L 01/15/2022 - 03:25:58: [AMXX] Run time error 10: native error (native "cs_get_user_team")
L 01/15/2022 - 03:25:58: [AMXX]    [0] models_manager.class::load_models_with_player_data (line 54)
L 01/15/2022 - 03:25:58: [AMXX]    [1] scarface_system.sma::model_name (line 621)
L 01/15/2022 - 03:25:58: [AMXX]    [2] knife.class::knife_check (line 135)
L 01/15/2022 - 03:27:48: Start of error session.
L 01/15/2022 - 03:27:48: Info (map "surf_0newage") (file "addons/amxmodx/logs/error_20220115.log")
L 01/15/2022 - 03:27:48: [CSTRIKE] Invalid player 1 (not in-game)
L 01/15/2022 - 03:27:48: [AMXX] Displaying debug trace (plugin "scarface_system.amxx", version "1.0")
L 01/15/2022 - 03:27:48: [AMXX] Run time error 10: native error (native "cs_get_user_team")
L 01/15/2022 - 03:27:48: [AMXX]    [0] models_manager.class::load_models_with_player_data (line 54)
L 01/15/2022 - 03:27:48: [AMXX]    [1] scarface_system.sma::model_name (line 621)
L 01/15/2022 - 03:27:48: [AMXX]    [2] knife.class::knife_check (line 135)
L 01/15/2022 - 11:51:08: Start of error session.
L 01/15/2022 - 11:51:08: Info (map "surf_crystals") (file "addons/amxmodx/logs/error_20220115.log")
L 01/15/2022 - 11:51:08: [AMXX] Displaying debug trace (plugin "scarface_system.amxx", version "1.0")
L 01/15/2022 - 11:51:08: [AMXX] Run time error 4: index out of bounds 
L 01/15/2022 - 11:51:08: [AMXX]    [0] scarface_system.sma::model_name (line 621)
L 01/15/2022 - 11:51:08: [AMXX]    [1] main.class::player_take_damage (line 45)
L 01/15/2022 - 11:51:08: [AMXX] Displaying debug trace (plugin "scarface_system.amxx", version "1.0")
L 01/15/2022 - 11:51:08: [AMXX] Run time error 4: index out of bounds 
L 01/15/2022 - 11:51:08: [AMXX]    [0] scarface_system.sma::model_name (line 621)
L 01/15/2022 - 11:51:08: [AMXX]    [1] main.class::player_take_damage (line 45)
L 01/15/2022 - 11:51:09: [AMXX] Displaying debug trace (plugin "scarface_system.amxx", version "1.0")
L 01/15/2022 - 11:51:09: [AMXX] Run time error 4: index out of bounds 
L 01/15/2022 - 11:51:09: [AMXX]    [0] scarface_system.sma::model_name (line 621)
L 01/15/2022 - 11:51:09: [AMXX]    [1] main.class::player_take_damage (line 45)
L 01/15/2022 - 11:59:48: [AMXX] Displaying debug trace (plugin "scarface_system.amxx", version "1.0")
L 01/15/2022 - 11:59:48: [AMXX] Run time error 4: index out of bounds 
L 01/15/2022 - 11:59:48: [AMXX]    [0] scarface_system.sma::model_name (line 621)
L 01/15/2022 - 11:59:48: [AMXX]    [1] main.class::player_take_damage (line 45)
L 01/15/2022 - 11:59:49: [AMXX] Displaying debug trace (plugin "scarface_system.amxx", version "1.0")
L 01/15/2022 - 11:59:49: [AMXX] Run time error 4: index out of bounds 
L 01/15/2022 - 11:59:49: [AMXX]    [0] scarface_system.sma::model_name (line 621)
L 01/15/2022 - 11:59:49: [AMXX]    [1] main.class::player_take_damage (line 45)
L 01/15/2022 - 11:59:50: [AMXX] Displaying debug trace (plugin "scarface_system.amxx", version "1.0")
L 01/15/2022 - 11:59:50: [AMXX] Run time error 4: index out of bounds 
L 01/15/2022 - 11:59:50: [AMXX]    [0] scarface_system.sma::model_name (line 621)
L 01/15/2022 - 11:59:50: [AMXX]    [1] main.class::player_take_damage (line 45)
