L 01/16/2022 - 00:17:51: [GEOIP] Could not find GeoIP2 databases. Disabled natives.
L 01/16/2022 - 00:17:51: -------- Mapchange to surf_0newage --------
L 01/16/2022 - 00:17:53: [AMXX] Failed to open dictionary file: cstrike\addons\amxmodx\data\lang\gold_weapons.txt
L 01/16/2022 - 00:17:53: [AMXX] Failed to open dictionary file: cstrike\addons\amxmodx\data\lang\gold_weapons.txt
L 01/16/2022 - 00:17:53: [AMXX] Failed to open dictionary file: cstrike\addons\amxmodx\data\lang\gold_weapons.txt
L 01/16/2022 - 00:18:33: [rpg_mod.amxx] missing settings for 5
L 01/16/2022 - 00:18:33: [admin.amxx] Login: "MAMON<5><STEAM_0:0:1639286929><>" became an admin (account "MAMON") (access "abcdefghijklmnopqrstuv") (address "25.46.137.237")
L 01/16/2022 - 00:20:30: [mapsmenu.amxx] Cmd: "MAMON<5><STEAM_0:0:1639286929><>" changelevel "surf_sand"
L 01/16/2022 - 00:20:32: -------- Mapchange to surf_sand --------
L 01/16/2022 - 00:20:33: [AMXX] Failed to open dictionary file: cstrike\addons\amxmodx\data\lang\gold_weapons.txt
L 01/16/2022 - 00:20:33: [AMXX] Failed to open dictionary file: cstrike\addons\amxmodx\data\lang\gold_weapons.txt
L 01/16/2022 - 00:20:33: [AMXX] Failed to open dictionary file: cstrike\addons\amxmodx\data\lang\gold_weapons.txt
L 01/16/2022 - 00:20:34: [rpg_mod.amxx] missing settings for 5
L 01/16/2022 - 00:20:34: [admin.amxx] Login: "MAMON<5><STEAM_0:0:1639286929><>" became an admin (account "MAMON") (access "abcdefghijklmnopqrstuv") (address "25.46.137.237")
L 01/16/2022 - 00:23:04: [mapsmenu.amxx] Cmd: "MAMON<5><STEAM_0:0:1639286929><>" changelevel "surf_0newage"
L 01/16/2022 - 00:23:06: -------- Mapchange to surf_0newage --------
L 01/16/2022 - 00:23:07: [AMXX] Failed to open dictionary file: cstrike\addons\amxmodx\data\lang\gold_weapons.txt
L 01/16/2022 - 00:23:07: [AMXX] Failed to open dictionary file: cstrike\addons\amxmodx\data\lang\gold_weapons.txt
L 01/16/2022 - 00:23:07: [AMXX] Failed to open dictionary file: cstrike\addons\amxmodx\data\lang\gold_weapons.txt
L 01/16/2022 - 00:23:07: [rpg_mod.amxx] missing settings for 5
L 01/16/2022 - 00:23:07: [admin.amxx] Login: "MAMON<5><STEAM_0:0:1639286929><>" became an admin (account "MAMON") (access "abcdefghijklmnopqrstuv") (address "25.46.137.237")
L 01/16/2022 - 00:28:19: -------- Mapchange to surf_0newage --------
L 01/16/2022 - 00:28:20: [AMXX] Failed to open dictionary file: cstrike\addons\amxmodx\data\lang\gold_weapons.txt
L 01/16/2022 - 00:28:20: [AMXX] Failed to open dictionary file: cstrike\addons\amxmodx\data\lang\gold_weapons.txt
L 01/16/2022 - 00:28:20: [AMXX] Failed to open dictionary file: cstrike\addons\amxmodx\data\lang\gold_weapons.txt
L 01/16/2022 - 00:28:21: [rpg_mod.amxx] missing settings for 5
L 01/16/2022 - 00:28:21: [admin.amxx] Login: "MAMON<5><STEAM_0:0:1639286929><>" became an admin (account "MAMON") (access "abcdefghijklmnopqrstuv") (address "25.46.137.237")
L 01/16/2022 - 00:34:06: -------- Mapchange to surf_0newage --------
L 01/16/2022 - 00:34:07: [AMXX] Failed to open dictionary file: cstrike\addons\amxmodx\data\lang\gold_weapons.txt
L 01/16/2022 - 00:34:07: [AMXX] Failed to open dictionary file: cstrike\addons\amxmodx\data\lang\gold_weapons.txt
L 01/16/2022 - 00:34:07: [AMXX] Failed to open dictionary file: cstrike\addons\amxmodx\data\lang\gold_weapons.txt
L 01/16/2022 - 00:34:08: [rpg_mod.amxx] missing settings for 5
L 01/16/2022 - 00:34:08: [admin.amxx] Login: "MAMON<5><STEAM_0:0:1639286929><>" became an admin (account "MAMON") (access "abcdefghijklmnopqrstuv") (address "25.46.137.237")
L 01/16/2022 - 00:45:31: [mapsmenu.amxx] Cmd: "MAMON<5><STEAM_0:0:1639286929><>" changelevel "surf_0newage"
L 01/16/2022 - 00:45:33: -------- Mapchange to surf_0newage --------
L 01/16/2022 - 00:45:34: [AMXX] Failed to open dictionary file: cstrike\addons\amxmodx\data\lang\gold_weapons.txt
L 01/16/2022 - 00:45:34: [AMXX] Failed to open dictionary file: cstrike\addons\amxmodx\data\lang\gold_weapons.txt
L 01/16/2022 - 00:45:34: [AMXX] Failed to open dictionary file: cstrike\addons\amxmodx\data\lang\gold_weapons.txt
L 01/16/2022 - 00:45:35: [rpg_mod.amxx] missing settings for 5
L 01/16/2022 - 00:45:35: [admin.amxx] Login: "MAMON<5><STEAM_0:0:1639286929><>" became an admin (account "MAMON") (access "abcdefghijklmnopqrstuv") (address "25.46.137.237")
L 01/16/2022 - 00:47:05: [mapsmenu.amxx] Cmd: "MAMON<5><STEAM_0:0:1639286929><>" changelevel "surf_0newage"
L 01/16/2022 - 00:47:07: -------- Mapchange to surf_0newage --------
L 01/16/2022 - 00:47:08: [AMXX] Failed to open dictionary file: cstrike\addons\amxmodx\data\lang\gold_weapons.txt
L 01/16/2022 - 00:47:08: [AMXX] Failed to open dictionary file: cstrike\addons\amxmodx\data\lang\gold_weapons.txt
L 01/16/2022 - 00:47:08: [AMXX] Failed to open dictionary file: cstrike\addons\amxmodx\data\lang\gold_weapons.txt
L 01/16/2022 - 00:47:09: [rpg_mod.amxx] missing settings for 5
L 01/16/2022 - 00:47:09: [admin.amxx] Login: "MAMON<5><STEAM_0:0:1639286929><>" became an admin (account "MAMON") (access "abcdefghijklmnopqrstuv") (address "25.46.137.237")
L 01/16/2022 - 00:48:20: [mapsmenu.amxx] Cmd: "MAMON<5><STEAM_0:0:1639286929><>" changelevel "surf_0newage"
L 01/16/2022 - 00:48:22: -------- Mapchange to surf_0newage --------
L 01/16/2022 - 00:48:23: [AMXX] Failed to open dictionary file: cstrike\addons\amxmodx\data\lang\gold_weapons.txt
L 01/16/2022 - 00:48:23: [AMXX] Failed to open dictionary file: cstrike\addons\amxmodx\data\lang\gold_weapons.txt
L 01/16/2022 - 00:48:23: [AMXX] Failed to open dictionary file: cstrike\addons\amxmodx\data\lang\gold_weapons.txt
L 01/16/2022 - 00:48:24: [rpg_mod.amxx] missing settings for 5
L 01/16/2022 - 00:48:24: [admin.amxx] Login: "MAMON<5><STEAM_0:0:1639286929><>" became an admin (account "MAMON") (access "abcdefghijklmnopqrstuv") (address "25.46.137.237")
L 01/16/2022 - 00:49:33: [mapsmenu.amxx] Cmd: "MAMON<5><STEAM_0:0:1639286929><>" changelevel "surf_0newage"
L 01/16/2022 - 00:49:35: -------- Mapchange to surf_0newage --------
L 01/16/2022 - 00:49:36: [AMXX] Failed to open dictionary file: cstrike\addons\amxmodx\data\lang\gold_weapons.txt
L 01/16/2022 - 00:49:36: [AMXX] Failed to open dictionary file: cstrike\addons\amxmodx\data\lang\gold_weapons.txt
L 01/16/2022 - 00:49:36: [AMXX] Failed to open dictionary file: cstrike\addons\amxmodx\data\lang\gold_weapons.txt
L 01/16/2022 - 00:49:37: [rpg_mod.amxx] missing settings for 5
L 01/16/2022 - 00:49:37: [admin.amxx] Login: "MAMON<5><STEAM_0:0:1639286929><>" became an admin (account "MAMON") (access "abcdefghijklmnopqrstuv") (address "25.46.137.237")
L 01/16/2022 - 00:50:18: [rpg_mod.amxx] missing settings for 5
L 01/16/2022 - 00:50:18: [admin.amxx] Login: "MAMON<26><STEAM_0:0:1639286929><>" became an admin (account "MAMON") (access "abcdefghijklmnopqrstuv") (address "25.46.137.237")
L 01/16/2022 - 00:51:48: [mapsmenu.amxx] Cmd: "MAMON<26><STEAM_0:0:1639286929><>" changelevel "surf_0newage"
L 01/16/2022 - 00:51:51: -------- Mapchange to surf_0newage --------
L 01/16/2022 - 00:51:51: [AMXX] Failed to open dictionary file: cstrike\addons\amxmodx\data\lang\gold_weapons.txt
L 01/16/2022 - 00:51:51: [AMXX] Failed to open dictionary file: cstrike\addons\amxmodx\data\lang\gold_weapons.txt
L 01/16/2022 - 00:51:51: [AMXX] Failed to open dictionary file: cstrike\addons\amxmodx\data\lang\gold_weapons.txt
L 01/16/2022 - 00:51:52: [rpg_mod.amxx] missing settings for 5
L 01/16/2022 - 00:51:52: [admin.amxx] Login: "MAMON<26><STEAM_0:0:1639286929><>" became an admin (account "MAMON") (access "abcdefghijklmnopqrstuv") (address "25.46.137.237")
L 01/16/2022 - 00:52:51: [mapsmenu.amxx] Cmd: "MAMON<26><STEAM_0:0:1639286929><>" changelevel "surf_0newage"
L 01/16/2022 - 00:52:53: -------- Mapchange to surf_0newage --------
L 01/16/2022 - 00:52:54: [AMXX] Failed to open dictionary file: cstrike\addons\amxmodx\data\lang\gold_weapons.txt
L 01/16/2022 - 00:52:54: [AMXX] Failed to open dictionary file: cstrike\addons\amxmodx\data\lang\gold_weapons.txt
L 01/16/2022 - 00:52:54: [AMXX] Failed to open dictionary file: cstrike\addons\amxmodx\data\lang\gold_weapons.txt
L 01/16/2022 - 00:52:54: [rpg_mod.amxx] missing settings for 5
L 01/16/2022 - 00:52:54: [admin.amxx] Login: "MAMON<26><STEAM_0:0:1639286929><>" became an admin (account "MAMON") (access "abcdefghijklmnopqrstuv") (address "25.46.137.237")
L 01/16/2022 - 00:56:49: [mapsmenu.amxx] Cmd: "MAMON<26><STEAM_0:0:1639286929><>" changelevel "surf_0newage"
L 01/16/2022 - 00:56:51: -------- Mapchange to surf_0newage --------
L 01/16/2022 - 00:56:52: [AMXX] Failed to open dictionary file: cstrike\addons\amxmodx\data\lang\gold_weapons.txt
L 01/16/2022 - 00:56:52: [AMXX] Failed to open dictionary file: cstrike\addons\amxmodx\data\lang\gold_weapons.txt
L 01/16/2022 - 00:56:52: [AMXX] Failed to open dictionary file: cstrike\addons\amxmodx\data\lang\gold_weapons.txt
L 01/16/2022 - 00:56:53: [rpg_mod.amxx] missing settings for 5
L 01/16/2022 - 00:56:53: [admin.amxx] Login: "MAMON<26><STEAM_0:0:1639286929><>" became an admin (account "MAMON") (access "abcdefghijklmnopqrstuv") (address "25.46.137.237")
L 01/16/2022 - 00:57:44: [mapsmenu.amxx] Cmd: "MAMON<26><STEAM_0:0:1639286929><>" changelevel "surf_2kill"
L 01/16/2022 - 00:57:46: -------- Mapchange to surf_2kill --------
L 01/16/2022 - 00:58:13: [GEOIP] Could not find GeoIP2 databases. Disabled natives.
L 01/16/2022 - 00:58:13: -------- Mapchange to surf_0newage --------
L 01/16/2022 - 01:25:46: [GEOIP] Could not find GeoIP2 databases. Disabled natives.
L 01/16/2022 - 01:25:46: -------- Mapchange to surf_crystals --------
L 01/16/2022 - 01:25:47: [AMXX] Failed to open dictionary file: cstrike\addons\amxmodx\data\lang\gold_weapons.txt
L 01/16/2022 - 01:25:47: [AMXX] Failed to open dictionary file: cstrike\addons\amxmodx\data\lang\gold_weapons.txt
L 01/16/2022 - 01:25:47: [AMXX] Failed to open dictionary file: cstrike\addons\amxmodx\data\lang\gold_weapons.txt
L 01/16/2022 - 01:25:58: [admin.amxx] Login: "Ricky_Khats<1><STEAM_0:0:2007752829><>" became an admin (account "Ricky_Khats") (access "abcdefghijklmnopqrstuv") (address "26.73.233.1")
L 01/16/2022 - 01:27:42: [GEOIP] Could not find GeoIP2 databases. Disabled natives.
L 01/16/2022 - 01:27:42: -------- Mapchange to surf_crystals --------
L 01/16/2022 - 01:27:44: [AMXX] Failed to open dictionary file: cstrike\addons\amxmodx\data\lang\gold_weapons.txt
L 01/16/2022 - 01:27:44: [AMXX] Failed to open dictionary file: cstrike\addons\amxmodx\data\lang\gold_weapons.txt
L 01/16/2022 - 01:27:44: [AMXX] Failed to open dictionary file: cstrike\addons\amxmodx\data\lang\gold_weapons.txt
L 01/16/2022 - 01:27:47: [admin.amxx] Login: "Ricky_Khats<1><STEAM_0:0:2007752829><>" became an admin (account "Ricky_Khats") (access "abcdefghijklmnopqrstuv") (address "26.73.233.1")
L 01/16/2022 - 01:27:55: -------- Mapchange to surf_crystals --------
L 01/16/2022 - 01:27:56: [AMXX] Failed to open dictionary file: cstrike\addons\amxmodx\data\lang\gold_weapons.txt
L 01/16/2022 - 01:27:56: [AMXX] Failed to open dictionary file: cstrike\addons\amxmodx\data\lang\gold_weapons.txt
L 01/16/2022 - 01:27:56: [AMXX] Failed to open dictionary file: cstrike\addons\amxmodx\data\lang\gold_weapons.txt
L 01/16/2022 - 01:27:56: [admin.amxx] Login: "Ricky_Khats<1><STEAM_0:0:2007752829><>" became an admin (account "Ricky_Khats") (access "abcdefghijklmnopqrstuv") (address "26.73.233.1")
L 01/16/2022 - 01:34:07: -------- Mapchange to surf_crystals --------
L 01/16/2022 - 01:34:08: [AMXX] Failed to open dictionary file: cstrike\addons\amxmodx\data\lang\gold_weapons.txt
L 01/16/2022 - 01:34:08: [AMXX] Failed to open dictionary file: cstrike\addons\amxmodx\data\lang\gold_weapons.txt
L 01/16/2022 - 01:34:08: [AMXX] Failed to open dictionary file: cstrike\addons\amxmodx\data\lang\gold_weapons.txt
L 01/16/2022 - 01:34:08: [admin.amxx] Login: "Ricky_Khats<1><STEAM_0:0:2007752829><>" became an admin (account "Ricky_Khats") (access "abcdefghijklmnopqrstuv") (address "26.73.233.1")
L 01/16/2022 - 01:38:55: [rpg_mod.amxx] missing settings for 2
L 01/16/2022 - 01:38:55: [admin.amxx] Login: "MAMON<2><STEAM_0:0:1639286929><>" kicked due to invalid password (account "MAMON") (address "25.46.137.237")
L 01/16/2022 - 01:40:19: [rpg_mod.amxx] missing settings for 2
L 01/16/2022 - 01:40:19: [admin.amxx] Login: "MAMON<3><STEAM_0:0:1639286929><>" became an admin (account "MAMON") (access "abcdefghijklmnopqrstuv") (address "25.46.137.237")
L 01/16/2022 - 01:41:54: [mapsmenu.amxx] Cmd: "MAMON<3><STEAM_0:0:1639286929><>" changelevel "surf_0newage"
L 01/16/2022 - 01:41:56: -------- Mapchange to surf_0newage --------
L 01/16/2022 - 01:41:57: [AMXX] Failed to open dictionary file: cstrike\addons\amxmodx\data\lang\gold_weapons.txt
L 01/16/2022 - 01:41:57: [AMXX] Failed to open dictionary file: cstrike\addons\amxmodx\data\lang\gold_weapons.txt
L 01/16/2022 - 01:41:57: [AMXX] Failed to open dictionary file: cstrike\addons\amxmodx\data\lang\gold_weapons.txt
L 01/16/2022 - 01:41:57: [rpg_mod.amxx] missing settings for 2
L 01/16/2022 - 01:41:57: [admin.amxx] Login: "MAMON<3><STEAM_0:0:1639286929><>" became an admin (account "MAMON") (access "abcdefghijklmnopqrstuv") (address "25.46.137.237")
L 01/16/2022 - 01:43:04: -------- Mapchange to surf_0newage --------
L 01/16/2022 - 01:43:04: [AMXX] Failed to open dictionary file: cstrike\addons\amxmodx\data\lang\gold_weapons.txt
L 01/16/2022 - 01:43:04: [AMXX] Failed to open dictionary file: cstrike\addons\amxmodx\data\lang\gold_weapons.txt
L 01/16/2022 - 01:43:04: [AMXX] Failed to open dictionary file: cstrike\addons\amxmodx\data\lang\gold_weapons.txt
L 01/16/2022 - 01:43:05: [rpg_mod.amxx] missing settings for 2
L 01/16/2022 - 01:43:05: [admin.amxx] Login: "MAMON<3><STEAM_0:0:1639286929><>" became an admin (account "MAMON") (access "abcdefghijklmnopqrstuv") (address "25.46.137.237")
L 01/16/2022 - 01:45:28: [mapsmenu.amxx] Cmd: "MAMON<3><STEAM_0:0:1639286929><>" changelevel "surf_0newage"
L 01/16/2022 - 01:45:31: -------- Mapchange to surf_0newage --------
L 01/16/2022 - 01:45:32: [AMXX] Failed to open dictionary file: cstrike\addons\amxmodx\data\lang\gold_weapons.txt
L 01/16/2022 - 01:45:32: [AMXX] Failed to open dictionary file: cstrike\addons\amxmodx\data\lang\gold_weapons.txt
L 01/16/2022 - 01:45:32: [AMXX] Failed to open dictionary file: cstrike\addons\amxmodx\data\lang\gold_weapons.txt
L 01/16/2022 - 01:45:33: [rpg_mod.amxx] missing settings for 2
L 01/16/2022 - 01:45:33: [admin.amxx] Login: "MAMON<3><STEAM_0:0:1639286929><>" became an admin (account "MAMON") (access "abcdefghijklmnopqrstuv") (address "25.46.137.237")
L 01/16/2022 - 01:45:48: [mapsmenu.amxx] Cmd: "MAMON<3><STEAM_0:0:1639286929><>" changelevel "surf_2kill"
L 01/16/2022 - 01:45:50: -------- Mapchange to surf_2kill --------
L 01/16/2022 - 01:45:51: [AMXX] Failed to open dictionary file: cstrike\addons\amxmodx\data\lang\gold_weapons.txt
L 01/16/2022 - 01:45:51: [AMXX] Failed to open dictionary file: cstrike\addons\amxmodx\data\lang\gold_weapons.txt
L 01/16/2022 - 01:45:51: [AMXX] Failed to open dictionary file: cstrike\addons\amxmodx\data\lang\gold_weapons.txt
L 01/16/2022 - 01:45:52: [rpg_mod.amxx] missing settings for 2
L 01/16/2022 - 01:45:52: [admin.amxx] Login: "MAMON<3><STEAM_0:0:1639286929><>" became an admin (account "MAMON") (access "abcdefghijklmnopqrstuv") (address "25.46.137.237")
L 01/16/2022 - 01:50:25: [mapsmenu.amxx] Cmd: "MAMON<3><STEAM_0:0:1639286929><>" changelevel "surf_2kill"
L 01/16/2022 - 01:50:27: -------- Mapchange to surf_2kill --------
L 01/16/2022 - 01:50:28: [AMXX] Failed to open dictionary file: cstrike\addons\amxmodx\data\lang\gold_weapons.txt
L 01/16/2022 - 01:50:28: [AMXX] Failed to open dictionary file: cstrike\addons\amxmodx\data\lang\gold_weapons.txt
L 01/16/2022 - 01:50:28: [AMXX] Failed to open dictionary file: cstrike\addons\amxmodx\data\lang\gold_weapons.txt
L 01/16/2022 - 01:50:29: [rpg_mod.amxx] missing settings for 2
L 01/16/2022 - 01:50:29: [admin.amxx] Login: "MAMON<3><STEAM_0:0:1639286929><>" became an admin (account "MAMON") (access "abcdefghijklmnopqrstuv") (address "25.46.137.237")
L 01/16/2022 - 01:51:37: [mapsmenu.amxx] Cmd: "MAMON<3><STEAM_0:0:1639286929><>" changelevel "surf_0newage"
L 01/16/2022 - 01:51:39: -------- Mapchange to surf_0newage --------
L 01/16/2022 - 01:51:40: [AMXX] Failed to open dictionary file: cstrike\addons\amxmodx\data\lang\gold_weapons.txt
L 01/16/2022 - 01:51:40: [AMXX] Failed to open dictionary file: cstrike\addons\amxmodx\data\lang\gold_weapons.txt
L 01/16/2022 - 01:51:40: [AMXX] Failed to open dictionary file: cstrike\addons\amxmodx\data\lang\gold_weapons.txt
L 01/16/2022 - 01:51:41: [rpg_mod.amxx] missing settings for 2
L 01/16/2022 - 01:51:41: [admin.amxx] Login: "MAMON<3><STEAM_0:0:1639286929><>" became an admin (account "MAMON") (access "abcdefghijklmnopqrstuv") (address "25.46.137.237")
L 01/16/2022 - 01:52:07: [mapsmenu.amxx] Cmd: "MAMON<3><STEAM_0:0:1639286929><>" changelevel "surf_crystals"
L 01/16/2022 - 01:52:09: -------- Mapchange to surf_crystals --------
L 01/16/2022 - 01:52:10: [AMXX] Failed to open dictionary file: cstrike\addons\amxmodx\data\lang\gold_weapons.txt
L 01/16/2022 - 01:52:10: [AMXX] Failed to open dictionary file: cstrike\addons\amxmodx\data\lang\gold_weapons.txt
L 01/16/2022 - 01:52:10: [AMXX] Failed to open dictionary file: cstrike\addons\amxmodx\data\lang\gold_weapons.txt
L 01/16/2022 - 01:52:11: [rpg_mod.amxx] missing settings for 2
L 01/16/2022 - 01:52:11: [admin.amxx] Login: "MAMON<3><STEAM_0:0:1639286929><>" became an admin (account "MAMON") (access "abcdefghijklmnopqrstuv") (address "25.46.137.237")
L 01/16/2022 - 01:52:49: [mapsmenu.amxx] Cmd: "MAMON<3><STEAM_0:0:1639286929><>" changelevel "surf_dark_day"
L 01/16/2022 - 01:52:52: -------- Mapchange to surf_dark_day --------
L 01/16/2022 - 01:52:54: [AMXX] Failed to open dictionary file: cstrike\addons\amxmodx\data\lang\gold_weapons.txt
L 01/16/2022 - 01:52:54: [AMXX] Failed to open dictionary file: cstrike\addons\amxmodx\data\lang\gold_weapons.txt
L 01/16/2022 - 01:52:54: [AMXX] Failed to open dictionary file: cstrike\addons\amxmodx\data\lang\gold_weapons.txt
L 01/16/2022 - 01:52:56: [rpg_mod.amxx] missing settings for 2
L 01/16/2022 - 01:52:56: [admin.amxx] Login: "MAMON<3><STEAM_0:0:1639286929><>" became an admin (account "MAMON") (access "abcdefghijklmnopqrstuv") (address "25.46.137.237")
L 01/16/2022 - 01:53:52: [mapsmenu.amxx] Cmd: "MAMON<3><STEAM_0:0:1639286929><>" changelevel "surf_dark_day"
L 01/16/2022 - 01:53:54: -------- Mapchange to surf_dark_day --------
L 01/16/2022 - 01:53:57: [AMXX] Failed to open dictionary file: cstrike\addons\amxmodx\data\lang\gold_weapons.txt
L 01/16/2022 - 01:53:57: [AMXX] Failed to open dictionary file: cstrike\addons\amxmodx\data\lang\gold_weapons.txt
L 01/16/2022 - 01:53:57: [AMXX] Failed to open dictionary file: cstrike\addons\amxmodx\data\lang\gold_weapons.txt
L 01/16/2022 - 01:53:58: [rpg_mod.amxx] missing settings for 2
L 01/16/2022 - 01:53:58: [admin.amxx] Login: "MAMON<3><STEAM_0:0:1639286929><>" became an admin (account "MAMON") (access "abcdefghijklmnopqrstuv") (address "25.46.137.237")
L 01/16/2022 - 01:56:15: [mapsmenu.amxx] Cmd: "MAMON<3><STEAM_0:0:1639286929><>" changelevel "surf_machine2"
L 01/16/2022 - 01:56:18: -------- Mapchange to surf_machine2 --------
L 01/16/2022 - 01:56:19: [AMXX] Failed to open dictionary file: cstrike\addons\amxmodx\data\lang\gold_weapons.txt
L 01/16/2022 - 01:56:19: [AMXX] Failed to open dictionary file: cstrike\addons\amxmodx\data\lang\gold_weapons.txt
L 01/16/2022 - 01:56:19: [AMXX] Failed to open dictionary file: cstrike\addons\amxmodx\data\lang\gold_weapons.txt
L 01/16/2022 - 01:56:20: [rpg_mod.amxx] missing settings for 2
L 01/16/2022 - 01:56:20: [admin.amxx] Login: "MAMON<3><STEAM_0:0:1639286929><>" became an admin (account "MAMON") (access "abcdefghijklmnopqrstuv") (address "25.46.137.237")
L 01/16/2022 - 01:57:22: [mapsmenu.amxx] Cmd: "MAMON<3><STEAM_0:0:1639286929><>" changelevel "surf_machine2"
L 01/16/2022 - 01:57:24: -------- Mapchange to surf_machine2 --------
L 01/16/2022 - 01:57:25: [AMXX] Failed to open dictionary file: cstrike\addons\amxmodx\data\lang\gold_weapons.txt
L 01/16/2022 - 01:57:25: [AMXX] Failed to open dictionary file: cstrike\addons\amxmodx\data\lang\gold_weapons.txt
L 01/16/2022 - 01:57:25: [AMXX] Failed to open dictionary file: cstrike\addons\amxmodx\data\lang\gold_weapons.txt
L 01/16/2022 - 01:57:25: [rpg_mod.amxx] missing settings for 2
L 01/16/2022 - 01:57:25: [admin.amxx] Login: "MAMON<3><STEAM_0:0:1639286929><>" became an admin (account "MAMON") (access "abcdefghijklmnopqrstuv") (address "25.46.137.237")
L 01/16/2022 - 01:58:23: [mapsmenu.amxx] Cmd: "MAMON<3><STEAM_0:0:1639286929><>" changelevel "surf_riddle_b1"
L 01/16/2022 - 01:58:25: -------- Mapchange to surf_riddle_b1 --------
L 01/16/2022 - 01:58:26: [AMXX] Failed to open dictionary file: cstrike\addons\amxmodx\data\lang\gold_weapons.txt
L 01/16/2022 - 01:58:26: [AMXX] Failed to open dictionary file: cstrike\addons\amxmodx\data\lang\gold_weapons.txt
L 01/16/2022 - 01:58:26: [AMXX] Failed to open dictionary file: cstrike\addons\amxmodx\data\lang\gold_weapons.txt
L 01/16/2022 - 01:58:27: [rpg_mod.amxx] missing settings for 2
L 01/16/2022 - 01:58:27: [admin.amxx] Login: "MAMON<3><STEAM_0:0:1639286929><>" became an admin (account "MAMON") (access "abcdefghijklmnopqrstuv") (address "25.46.137.237")
L 01/16/2022 - 02:02:05: [mapsmenu.amxx] Cmd: "MAMON<3><STEAM_0:0:1639286929><>" changelevel "surf_winter_final"
L 01/16/2022 - 02:02:07: -------- Mapchange to surf_winter_final --------
L 01/16/2022 - 02:02:08: [AMXX] Failed to open dictionary file: cstrike\addons\amxmodx\data\lang\gold_weapons.txt
L 01/16/2022 - 02:02:08: [AMXX] Failed to open dictionary file: cstrike\addons\amxmodx\data\lang\gold_weapons.txt
L 01/16/2022 - 02:02:08: [AMXX] Failed to open dictionary file: cstrike\addons\amxmodx\data\lang\gold_weapons.txt
L 01/16/2022 - 02:02:09: [rpg_mod.amxx] missing settings for 2
L 01/16/2022 - 02:02:09: [admin.amxx] Login: "MAMON<3><STEAM_0:0:1639286929><>" became an admin (account "MAMON") (access "abcdefghijklmnopqrstuv") (address "25.46.137.237")
L 01/16/2022 - 02:02:19: [mapsmenu.amxx] Cmd: "MAMON<3><STEAM_0:0:1639286929><>" changelevel "surf_riddle_b1"
L 01/16/2022 - 02:02:21: -------- Mapchange to surf_riddle_b1 --------
L 01/16/2022 - 02:02:22: [AMXX] Failed to open dictionary file: cstrike\addons\amxmodx\data\lang\gold_weapons.txt
L 01/16/2022 - 02:02:22: [AMXX] Failed to open dictionary file: cstrike\addons\amxmodx\data\lang\gold_weapons.txt
L 01/16/2022 - 02:02:22: [AMXX] Failed to open dictionary file: cstrike\addons\amxmodx\data\lang\gold_weapons.txt
L 01/16/2022 - 02:02:22: [rpg_mod.amxx] missing settings for 2
L 01/16/2022 - 02:02:22: [admin.amxx] Login: "MAMON<3><STEAM_0:0:1639286929><>" became an admin (account "MAMON") (access "abcdefghijklmnopqrstuv") (address "25.46.137.237")
L 01/16/2022 - 02:03:36: [mapsmenu.amxx] Cmd: "MAMON<3><STEAM_0:0:1639286929><>" changelevel "surf_riddle_b1"
L 01/16/2022 - 02:03:38: -------- Mapchange to surf_riddle_b1 --------
L 01/16/2022 - 02:03:39: [AMXX] Failed to open dictionary file: cstrike\addons\amxmodx\data\lang\gold_weapons.txt
L 01/16/2022 - 02:03:39: [AMXX] Failed to open dictionary file: cstrike\addons\amxmodx\data\lang\gold_weapons.txt
L 01/16/2022 - 02:03:39: [AMXX] Failed to open dictionary file: cstrike\addons\amxmodx\data\lang\gold_weapons.txt
L 01/16/2022 - 02:03:40: [rpg_mod.amxx] missing settings for 2
L 01/16/2022 - 02:03:40: [admin.amxx] Login: "MAMON<3><STEAM_0:0:1639286929><>" became an admin (account "MAMON") (access "abcdefghijklmnopqrstuv") (address "25.46.137.237")
L 01/16/2022 - 02:04:24: [mapsmenu.amxx] Cmd: "MAMON<3><STEAM_0:0:1639286929><>" changelevel "surf_riddle_b1"
L 01/16/2022 - 02:04:27: -------- Mapchange to surf_riddle_b1 --------
L 01/16/2022 - 02:04:28: [AMXX] Failed to open dictionary file: cstrike\addons\amxmodx\data\lang\gold_weapons.txt
L 01/16/2022 - 02:04:28: [AMXX] Failed to open dictionary file: cstrike\addons\amxmodx\data\lang\gold_weapons.txt
L 01/16/2022 - 02:04:28: [AMXX] Failed to open dictionary file: cstrike\addons\amxmodx\data\lang\gold_weapons.txt
L 01/16/2022 - 02:04:28: [rpg_mod.amxx] missing settings for 2
L 01/16/2022 - 02:04:28: [admin.amxx] Login: "MAMON<3><STEAM_0:0:1639286929><>" became an admin (account "MAMON") (access "abcdefghijklmnopqrstuv") (address "25.46.137.237")
L 01/16/2022 - 02:06:35: [mapsmenu.amxx] Cmd: "MAMON<3><STEAM_0:0:1639286929><>" changelevel "surf_riddle_b1"
L 01/16/2022 - 02:06:37: -------- Mapchange to surf_riddle_b1 --------
L 01/16/2022 - 02:06:38: [AMXX] Failed to open dictionary file: cstrike\addons\amxmodx\data\lang\gold_weapons.txt
L 01/16/2022 - 02:06:38: [AMXX] Failed to open dictionary file: cstrike\addons\amxmodx\data\lang\gold_weapons.txt
L 01/16/2022 - 02:06:38: [AMXX] Failed to open dictionary file: cstrike\addons\amxmodx\data\lang\gold_weapons.txt
L 01/16/2022 - 02:06:38: [rpg_mod.amxx] missing settings for 2
L 01/16/2022 - 02:06:38: [admin.amxx] Login: "MAMON<3><STEAM_0:0:1639286929><>" became an admin (account "MAMON") (access "abcdefghijklmnopqrstuv") (address "25.46.137.237")
L 01/16/2022 - 02:07:39: [mapsmenu.amxx] Cmd: "MAMON<3><STEAM_0:0:1639286929><>" changelevel "surf_riddle_b1"
L 01/16/2022 - 02:07:41: -------- Mapchange to surf_riddle_b1 --------
L 01/16/2022 - 02:07:42: [AMXX] Failed to open dictionary file: cstrike\addons\amxmodx\data\lang\gold_weapons.txt
L 01/16/2022 - 02:07:42: [AMXX] Failed to open dictionary file: cstrike\addons\amxmodx\data\lang\gold_weapons.txt
L 01/16/2022 - 02:07:42: [AMXX] Failed to open dictionary file: cstrike\addons\amxmodx\data\lang\gold_weapons.txt
L 01/16/2022 - 02:07:42: [rpg_mod.amxx] missing settings for 2
L 01/16/2022 - 02:07:42: [admin.amxx] Login: "MAMON<3><STEAM_0:0:1639286929><>" became an admin (account "MAMON") (access "abcdefghijklmnopqrstuv") (address "25.46.137.237")
L 01/16/2022 - 02:08:20: [mapsmenu.amxx] Cmd: "MAMON<3><STEAM_0:0:1639286929><>" changelevel "surf_sand"
L 01/16/2022 - 02:08:22: -------- Mapchange to surf_sand --------
L 01/16/2022 - 02:08:23: [AMXX] Failed to open dictionary file: cstrike\addons\amxmodx\data\lang\gold_weapons.txt
L 01/16/2022 - 02:08:23: [AMXX] Failed to open dictionary file: cstrike\addons\amxmodx\data\lang\gold_weapons.txt
L 01/16/2022 - 02:08:23: [AMXX] Failed to open dictionary file: cstrike\addons\amxmodx\data\lang\gold_weapons.txt
L 01/16/2022 - 02:08:24: [rpg_mod.amxx] missing settings for 2
L 01/16/2022 - 02:08:24: [admin.amxx] Login: "MAMON<3><STEAM_0:0:1639286929><>" became an admin (account "MAMON") (access "abcdefghijklmnopqrstuv") (address "25.46.137.237")
L 01/16/2022 - 02:09:11: [mapsmenu.amxx] Cmd: "MAMON<3><STEAM_0:0:1639286929><>" changelevel "surf_sand"
L 01/16/2022 - 02:09:13: -------- Mapchange to surf_sand --------
L 01/16/2022 - 02:09:14: [AMXX] Failed to open dictionary file: cstrike\addons\amxmodx\data\lang\gold_weapons.txt
L 01/16/2022 - 02:09:14: [AMXX] Failed to open dictionary file: cstrike\addons\amxmodx\data\lang\gold_weapons.txt
L 01/16/2022 - 02:09:14: [AMXX] Failed to open dictionary file: cstrike\addons\amxmodx\data\lang\gold_weapons.txt
L 01/16/2022 - 02:09:15: [rpg_mod.amxx] missing settings for 2
L 01/16/2022 - 02:09:15: [admin.amxx] Login: "MAMON<3><STEAM_0:0:1639286929><>" became an admin (account "MAMON") (access "abcdefghijklmnopqrstuv") (address "25.46.137.237")
L 01/16/2022 - 02:10:17: [mapsmenu.amxx] Cmd: "MAMON<3><STEAM_0:0:1639286929><>" changelevel "surf_winter_final"
L 01/16/2022 - 02:10:19: -------- Mapchange to surf_winter_final --------
L 01/16/2022 - 02:10:20: [AMXX] Failed to open dictionary file: cstrike\addons\amxmodx\data\lang\gold_weapons.txt
L 01/16/2022 - 02:10:20: [AMXX] Failed to open dictionary file: cstrike\addons\amxmodx\data\lang\gold_weapons.txt
L 01/16/2022 - 02:10:20: [AMXX] Failed to open dictionary file: cstrike\addons\amxmodx\data\lang\gold_weapons.txt
L 01/16/2022 - 02:10:21: [rpg_mod.amxx] missing settings for 2
L 01/16/2022 - 02:10:21: [admin.amxx] Login: "MAMON<3><STEAM_0:0:1639286929><>" became an admin (account "MAMON") (access "abcdefghijklmnopqrstuv") (address "25.46.137.237")
L 01/16/2022 - 02:12:25: [mapsmenu.amxx] Cmd: "MAMON<3><STEAM_0:0:1639286929><>" changelevel "surf_sand"
L 01/16/2022 - 02:12:28: -------- Mapchange to surf_sand --------
L 01/16/2022 - 02:12:29: [AMXX] Failed to open dictionary file: cstrike\addons\amxmodx\data\lang\gold_weapons.txt
L 01/16/2022 - 02:12:29: [AMXX] Failed to open dictionary file: cstrike\addons\amxmodx\data\lang\gold_weapons.txt
L 01/16/2022 - 02:12:29: [AMXX] Failed to open dictionary file: cstrike\addons\amxmodx\data\lang\gold_weapons.txt
L 01/16/2022 - 02:12:29: [rpg_mod.amxx] missing settings for 2
L 01/16/2022 - 02:12:29: [admin.amxx] Login: "MAMON<3><STEAM_0:0:1639286929><>" became an admin (account "MAMON") (access "abcdefghijklmnopqrstuv") (address "25.46.137.237")
L 01/16/2022 - 02:12:46: [mapsmenu.amxx] Cmd: "MAMON<3><STEAM_0:0:1639286929><>" changelevel "surf_winter_final"
L 01/16/2022 - 02:12:48: -------- Mapchange to surf_winter_final --------
L 01/16/2022 - 02:12:49: [AMXX] Failed to open dictionary file: cstrike\addons\amxmodx\data\lang\gold_weapons.txt
L 01/16/2022 - 02:12:49: [AMXX] Failed to open dictionary file: cstrike\addons\amxmodx\data\lang\gold_weapons.txt
L 01/16/2022 - 02:12:49: [AMXX] Failed to open dictionary file: cstrike\addons\amxmodx\data\lang\gold_weapons.txt
L 01/16/2022 - 02:12:50: [rpg_mod.amxx] missing settings for 2
L 01/16/2022 - 02:12:50: [admin.amxx] Login: "MAMON<3><STEAM_0:0:1639286929><>" became an admin (account "MAMON") (access "abcdefghijklmnopqrstuv") (address "25.46.137.237")
L 01/16/2022 - 02:13:42: [mapsmenu.amxx] Cmd: "MAMON<3><STEAM_0:0:1639286929><>" changelevel "surf_winter_final"
L 01/16/2022 - 02:13:44: -------- Mapchange to surf_winter_final --------
L 01/16/2022 - 02:13:45: [AMXX] Failed to open dictionary file: cstrike\addons\amxmodx\data\lang\gold_weapons.txt
L 01/16/2022 - 02:13:45: [AMXX] Failed to open dictionary file: cstrike\addons\amxmodx\data\lang\gold_weapons.txt
L 01/16/2022 - 02:13:45: [AMXX] Failed to open dictionary file: cstrike\addons\amxmodx\data\lang\gold_weapons.txt
L 01/16/2022 - 02:13:46: [rpg_mod.amxx] missing settings for 2
L 01/16/2022 - 02:13:46: [admin.amxx] Login: "MAMON<3><STEAM_0:0:1639286929><>" became an admin (account "MAMON") (access "abcdefghijklmnopqrstuv") (address "25.46.137.237")
L 01/16/2022 - 02:14:25: [mapsmenu.amxx] Cmd: "MAMON<3><STEAM_0:0:1639286929><>" changelevel "surf_south"
L 01/16/2022 - 02:14:27: -------- Mapchange to surf_south --------
L 01/16/2022 - 02:14:28: [AMXX] Failed to open dictionary file: cstrike\addons\amxmodx\data\lang\gold_weapons.txt
L 01/16/2022 - 02:14:28: [AMXX] Failed to open dictionary file: cstrike\addons\amxmodx\data\lang\gold_weapons.txt
L 01/16/2022 - 02:14:28: [AMXX] Failed to open dictionary file: cstrike\addons\amxmodx\data\lang\gold_weapons.txt
L 01/16/2022 - 02:14:29: [rpg_mod.amxx] missing settings for 2
L 01/16/2022 - 02:14:29: [admin.amxx] Login: "MAMON<3><STEAM_0:0:1639286929><>" became an admin (account "MAMON") (access "abcdefghijklmnopqrstuv") (address "25.46.137.237")
L 01/16/2022 - 02:15:12: [mapsmenu.amxx] Cmd: "MAMON<3><STEAM_0:0:1639286929><>" changelevel "surf_crystals"
L 01/16/2022 - 02:15:15: -------- Mapchange to surf_crystals --------
L 01/16/2022 - 02:15:16: [AMXX] Failed to open dictionary file: cstrike\addons\amxmodx\data\lang\gold_weapons.txt
L 01/16/2022 - 02:15:16: [AMXX] Failed to open dictionary file: cstrike\addons\amxmodx\data\lang\gold_weapons.txt
L 01/16/2022 - 02:15:16: [AMXX] Failed to open dictionary file: cstrike\addons\amxmodx\data\lang\gold_weapons.txt
L 01/16/2022 - 02:15:16: [rpg_mod.amxx] missing settings for 2
L 01/16/2022 - 02:15:16: [admin.amxx] Login: "MAMON<3><STEAM_0:0:1639286929><>" became an admin (account "MAMON") (access "abcdefghijklmnopqrstuv") (address "25.46.137.237")
L 01/16/2022 - 02:19:41: [mapsmenu.amxx] Cmd: "MAMON<3><STEAM_0:0:1639286929><>" changelevel "surf_crystals"
L 01/16/2022 - 02:19:43: -------- Mapchange to surf_crystals --------
L 01/16/2022 - 02:19:44: [AMXX] Failed to open dictionary file: cstrike\addons\amxmodx\data\lang\gold_weapons.txt
L 01/16/2022 - 02:19:44: [AMXX] Failed to open dictionary file: cstrike\addons\amxmodx\data\lang\gold_weapons.txt
L 01/16/2022 - 02:19:44: [AMXX] Failed to open dictionary file: cstrike\addons\amxmodx\data\lang\gold_weapons.txt
L 01/16/2022 - 02:19:45: [rpg_mod.amxx] missing settings for 2
L 01/16/2022 - 02:19:45: [admin.amxx] Login: "MAMON<3><STEAM_0:0:1639286929><>" became an admin (account "MAMON") (access "abcdefghijklmnopqrstuv") (address "25.46.137.237")
L 01/16/2022 - 02:20:57: [mapsmenu.amxx] Cmd: "MAMON<3><STEAM_0:0:1639286929><>" changelevel "surf_ski_4"
L 01/16/2022 - 02:20:59: -------- Mapchange to surf_ski_4 --------
L 01/16/2022 - 02:21:01: [AMXX] Failed to open dictionary file: cstrike\addons\amxmodx\data\lang\gold_weapons.txt
L 01/16/2022 - 02:21:01: [AMXX] Failed to open dictionary file: cstrike\addons\amxmodx\data\lang\gold_weapons.txt
L 01/16/2022 - 02:21:01: [AMXX] Failed to open dictionary file: cstrike\addons\amxmodx\data\lang\gold_weapons.txt
L 01/16/2022 - 02:21:02: [rpg_mod.amxx] missing settings for 2
L 01/16/2022 - 02:21:02: [admin.amxx] Login: "MAMON<3><STEAM_0:0:1639286929><>" became an admin (account "MAMON") (access "abcdefghijklmnopqrstuv") (address "25.46.137.237")
L 01/16/2022 - 02:25:02: [mapsmenu.amxx] Cmd: "MAMON<3><STEAM_0:0:1639286929><>" changelevel "surf_ski_4"
L 01/16/2022 - 02:25:04: -------- Mapchange to surf_ski_4 --------
L 01/16/2022 - 02:25:07: [AMXX] Failed to open dictionary file: cstrike\addons\amxmodx\data\lang\gold_weapons.txt
L 01/16/2022 - 02:25:07: [AMXX] Failed to open dictionary file: cstrike\addons\amxmodx\data\lang\gold_weapons.txt
L 01/16/2022 - 02:25:07: [AMXX] Failed to open dictionary file: cstrike\addons\amxmodx\data\lang\gold_weapons.txt
L 01/16/2022 - 02:25:08: [rpg_mod.amxx] missing settings for 2
L 01/16/2022 - 02:25:08: [admin.amxx] Login: "MAMON<3><STEAM_0:0:1639286929><>" became an admin (account "MAMON") (access "abcdefghijklmnopqrstuv") (address "25.46.137.237")
L 01/16/2022 - 02:27:48: [GEOIP] Could not find GeoIP2 databases. Disabled natives.
L 01/16/2022 - 02:27:48: -------- Mapchange to surf_crystals --------
L 01/16/2022 - 02:27:49: [AMXX] Failed to open dictionary file: cstrike\addons\amxmodx\data\lang\gold_weapons.txt
L 01/16/2022 - 02:27:49: [AMXX] Failed to open dictionary file: cstrike\addons\amxmodx\data\lang\gold_weapons.txt
L 01/16/2022 - 02:27:49: [AMXX] Failed to open dictionary file: cstrike\addons\amxmodx\data\lang\gold_weapons.txt
L 01/16/2022 - 02:27:55: [rpg_mod.amxx] missing settings for 1
L 01/16/2022 - 02:27:55: [admin.amxx] Login: "MAMON<1><STEAM_0:0:1639286929><>" kicked due to invalid password (account "MAMON") (address "25.46.137.237")
L 01/16/2022 - 02:28:19: [rpg_mod.amxx] missing settings for 1
L 01/16/2022 - 02:28:19: [admin.amxx] Login: "MAMON<2><STEAM_0:0:1639286929><>" became an admin (account "MAMON") (access "abcdefghijklmnopqrstuv") (address "25.46.137.237")
L 01/16/2022 - 02:29:44: [mapsmenu.amxx] Cmd: "MAMON<2><STEAM_0:0:1639286929><>" changelevel "surf_ski_4"
L 01/16/2022 - 02:29:47: -------- Mapchange to surf_ski_4 --------
L 01/16/2022 - 02:29:49: [AMXX] Failed to open dictionary file: cstrike\addons\amxmodx\data\lang\gold_weapons.txt
L 01/16/2022 - 02:29:49: [AMXX] Failed to open dictionary file: cstrike\addons\amxmodx\data\lang\gold_weapons.txt
L 01/16/2022 - 02:29:49: [AMXX] Failed to open dictionary file: cstrike\addons\amxmodx\data\lang\gold_weapons.txt
L 01/16/2022 - 02:29:50: [rpg_mod.amxx] missing settings for 1
L 01/16/2022 - 02:29:50: [admin.amxx] Login: "MAMON<2><STEAM_0:0:1639286929><>" became an admin (account "MAMON") (access "abcdefghijklmnopqrstuv") (address "25.46.137.237")
L 01/16/2022 - 02:33:02: [mapsmenu.amxx] Cmd: "MAMON<2><STEAM_0:0:1639286929><>" changelevel "surf_0newage"
L 01/16/2022 - 02:33:05: -------- Mapchange to surf_0newage --------
L 01/16/2022 - 02:33:06: [AMXX] Failed to open dictionary file: cstrike\addons\amxmodx\data\lang\gold_weapons.txt
L 01/16/2022 - 02:33:06: [AMXX] Failed to open dictionary file: cstrike\addons\amxmodx\data\lang\gold_weapons.txt
L 01/16/2022 - 02:33:06: [AMXX] Failed to open dictionary file: cstrike\addons\amxmodx\data\lang\gold_weapons.txt
L 01/16/2022 - 02:33:07: [rpg_mod.amxx] missing settings for 1
L 01/16/2022 - 02:33:07: [admin.amxx] Login: "MAMON<2><STEAM_0:0:1639286929><>" became an admin (account "MAMON") (access "abcdefghijklmnopqrstuv") (address "25.46.137.237")
L 01/16/2022 - 02:35:27: [mapsmenu.amxx] Cmd: "MAMON<2><STEAM_0:0:1639286929><>" changelevel "surf_2kill"
L 01/16/2022 - 02:35:29: -------- Mapchange to surf_2kill --------
L 01/16/2022 - 02:35:30: [AMXX] Failed to open dictionary file: cstrike\addons\amxmodx\data\lang\gold_weapons.txt
L 01/16/2022 - 02:35:30: [AMXX] Failed to open dictionary file: cstrike\addons\amxmodx\data\lang\gold_weapons.txt
L 01/16/2022 - 02:35:30: [AMXX] Failed to open dictionary file: cstrike\addons\amxmodx\data\lang\gold_weapons.txt
L 01/16/2022 - 02:35:31: [rpg_mod.amxx] missing settings for 1
L 01/16/2022 - 02:35:31: [admin.amxx] Login: "MAMON<2><STEAM_0:0:1639286929><>" became an admin (account "MAMON") (access "abcdefghijklmnopqrstuv") (address "25.46.137.237")
L 01/16/2022 - 02:36:28: [GEOIP] Could not find GeoIP2 databases. Disabled natives.
L 01/16/2022 - 02:36:28: -------- Mapchange to surf_crystals --------
L 01/16/2022 - 02:36:29: [AMXX] Failed to open dictionary file: cstrike\addons\amxmodx\data\lang\gold_weapons.txt
L 01/16/2022 - 02:36:29: [AMXX] Failed to open dictionary file: cstrike\addons\amxmodx\data\lang\gold_weapons.txt
L 01/16/2022 - 02:36:29: [AMXX] Failed to open dictionary file: cstrike\addons\amxmodx\data\lang\gold_weapons.txt
L 01/16/2022 - 02:36:30: [rpg_mod.amxx] missing settings for 1
L 01/16/2022 - 02:36:30: [admin.amxx] Login: "MAMON<1><STEAM_0:0:1639286929><>" became an admin (account "MAMON") (access "abcdefghijklmnopqrstuv") (address "25.46.137.237")
L 01/16/2022 - 02:40:58: [rpg_mod.amxx] missing settings for 1
L 01/16/2022 - 02:40:58: [admin.amxx] Login: "MAMON<4><STEAM_0:0:1639286929><>" became an admin (account "MAMON") (access "abcdefghijklmnopqrstuv") (address "25.46.137.237")
L 01/16/2022 - 02:43:52: [mapsmenu.amxx] Cmd: "MAMON<4><STEAM_0:0:1639286929><>" changelevel "surf_ski_2"
L 01/16/2022 - 02:43:55: -------- Mapchange to surf_ski_2 --------
L 01/16/2022 - 02:43:58: [AMXX] Failed to open dictionary file: cstrike\addons\amxmodx\data\lang\gold_weapons.txt
L 01/16/2022 - 02:43:58: [AMXX] Failed to open dictionary file: cstrike\addons\amxmodx\data\lang\gold_weapons.txt
L 01/16/2022 - 02:43:58: [AMXX] Failed to open dictionary file: cstrike\addons\amxmodx\data\lang\gold_weapons.txt
L 01/16/2022 - 02:44:00: [rpg_mod.amxx] missing settings for 1
L 01/16/2022 - 02:44:00: [admin.amxx] Login: "MAMON<4><STEAM_0:0:1639286929><>" became an admin (account "MAMON") (access "abcdefghijklmnopqrstuv") (address "25.46.137.237")
L 01/16/2022 - 02:45:16: [mapsmenu.amxx] Cmd: "MAMON<4><STEAM_0:0:1639286929><>" changelevel "surf_ski_4"
L 01/16/2022 - 02:45:18: -------- Mapchange to surf_ski_4 --------
L 01/16/2022 - 02:45:22: [AMXX] Failed to open dictionary file: cstrike\addons\amxmodx\data\lang\gold_weapons.txt
L 01/16/2022 - 02:45:22: [AMXX] Failed to open dictionary file: cstrike\addons\amxmodx\data\lang\gold_weapons.txt
L 01/16/2022 - 02:45:22: [AMXX] Failed to open dictionary file: cstrike\addons\amxmodx\data\lang\gold_weapons.txt
L 01/16/2022 - 02:45:23: [rpg_mod.amxx] missing settings for 1
L 01/16/2022 - 02:45:23: [admin.amxx] Login: "MAMON<4><STEAM_0:0:1639286929><>" became an admin (account "MAMON") (access "abcdefghijklmnopqrstuv") (address "25.46.137.237")
L 01/16/2022 - 03:03:22: [mapchooser.amxx] Vote: Voting for the nextmap started
L 01/16/2022 - 03:03:37: [mapchooser.amxx] Vote: Voting for the nextmap finished. The nextmap will be surf_crystals
L 01/16/2022 - 03:05:31: -------- Mapchange to surf_crystals --------
L 01/16/2022 - 03:05:33: [AMXX] Failed to open dictionary file: cstrike\addons\amxmodx\data\lang\gold_weapons.txt
L 01/16/2022 - 03:05:33: [AMXX] Failed to open dictionary file: cstrike\addons\amxmodx\data\lang\gold_weapons.txt
L 01/16/2022 - 03:05:33: [AMXX] Failed to open dictionary file: cstrike\addons\amxmodx\data\lang\gold_weapons.txt
L 01/16/2022 - 03:23:33: [mapchooser.amxx] Vote: Voting for the nextmap started
L 01/16/2022 - 03:23:48: [mapchooser.amxx] Vote: Voting for the nextmap finished. The nextmap will be surf_dark_day
L 01/16/2022 - 03:25:42: -------- Mapchange to surf_dark_day --------
L 01/16/2022 - 03:25:43: [AMXX] Failed to open dictionary file: cstrike\addons\amxmodx\data\lang\gold_weapons.txt
L 01/16/2022 - 03:25:43: [AMXX] Failed to open dictionary file: cstrike\addons\amxmodx\data\lang\gold_weapons.txt
L 01/16/2022 - 03:25:43: [AMXX] Failed to open dictionary file: cstrike\addons\amxmodx\data\lang\gold_weapons.txt
L 01/16/2022 - 03:43:42: [mapchooser.amxx] Vote: Voting for the nextmap started
L 01/16/2022 - 03:43:57: [mapchooser.amxx] Vote: Voting for the nextmap finished. The nextmap will be surf_green
L 01/16/2022 - 03:45:52: -------- Mapchange to surf_green --------
L 01/16/2022 - 03:45:52: [AMXX] Failed to open dictionary file: cstrike\addons\amxmodx\data\lang\gold_weapons.txt
L 01/16/2022 - 03:45:52: [AMXX] Failed to open dictionary file: cstrike\addons\amxmodx\data\lang\gold_weapons.txt
L 01/16/2022 - 03:45:52: [AMXX] Failed to open dictionary file: cstrike\addons\amxmodx\data\lang\gold_weapons.txt
L 01/16/2022 - 04:03:52: [mapchooser.amxx] Vote: Voting for the nextmap started
L 01/16/2022 - 04:04:07: [mapchooser.amxx] Vote: Voting for the nextmap finished. The nextmap will be surf_machine2
L 01/16/2022 - 04:06:01: -------- Mapchange to surf_machine2 --------
L 01/16/2022 - 04:06:02: [AMXX] Failed to open dictionary file: cstrike\addons\amxmodx\data\lang\gold_weapons.txt
L 01/16/2022 - 04:06:02: [AMXX] Failed to open dictionary file: cstrike\addons\amxmodx\data\lang\gold_weapons.txt
L 01/16/2022 - 04:06:02: [AMXX] Failed to open dictionary file: cstrike\addons\amxmodx\data\lang\gold_weapons.txt
L 01/16/2022 - 04:24:01: [mapchooser.amxx] Vote: Voting for the nextmap started
L 01/16/2022 - 04:24:17: [mapchooser.amxx] Vote: Voting for the nextmap finished. The nextmap will be surf_riddle_b1
L 01/16/2022 - 04:26:11: -------- Mapchange to surf_riddle_b1 --------
L 01/16/2022 - 04:26:11: [AMXX] Failed to open dictionary file: cstrike\addons\amxmodx\data\lang\gold_weapons.txt
L 01/16/2022 - 04:26:11: [AMXX] Failed to open dictionary file: cstrike\addons\amxmodx\data\lang\gold_weapons.txt
L 01/16/2022 - 04:26:11: [AMXX] Failed to open dictionary file: cstrike\addons\amxmodx\data\lang\gold_weapons.txt
L 01/16/2022 - 04:44:11: [mapchooser.amxx] Vote: Voting for the nextmap started
L 01/16/2022 - 04:44:26: [mapchooser.amxx] Vote: Voting for the nextmap finished. The nextmap will be surf_sand
L 01/16/2022 - 04:46:20: -------- Mapchange to surf_sand --------
L 01/16/2022 - 04:46:21: [AMXX] Failed to open dictionary file: cstrike\addons\amxmodx\data\lang\gold_weapons.txt
L 01/16/2022 - 04:46:21: [AMXX] Failed to open dictionary file: cstrike\addons\amxmodx\data\lang\gold_weapons.txt
L 01/16/2022 - 04:46:21: [AMXX] Failed to open dictionary file: cstrike\addons\amxmodx\data\lang\gold_weapons.txt
L 01/16/2022 - 05:04:20: [mapchooser.amxx] Vote: Voting for the nextmap started
L 01/16/2022 - 05:04:35: [mapchooser.amxx] Vote: Voting for the nextmap finished. The nextmap will be surf_ski_2
L 01/16/2022 - 05:06:29: -------- Mapchange to surf_ski_2 --------
L 01/16/2022 - 05:06:30: [AMXX] Failed to open dictionary file: cstrike\addons\amxmodx\data\lang\gold_weapons.txt
L 01/16/2022 - 05:06:30: [AMXX] Failed to open dictionary file: cstrike\addons\amxmodx\data\lang\gold_weapons.txt
L 01/16/2022 - 05:06:30: [AMXX] Failed to open dictionary file: cstrike\addons\amxmodx\data\lang\gold_weapons.txt
L 01/16/2022 - 05:24:29: [mapchooser.amxx] Vote: Voting for the nextmap started
L 01/16/2022 - 05:24:44: [mapchooser.amxx] Vote: Voting for the nextmap finished. The nextmap will be surf_ski_4
L 01/16/2022 - 05:26:38: -------- Mapchange to surf_ski_4 --------
L 01/16/2022 - 05:26:39: [AMXX] Failed to open dictionary file: cstrike\addons\amxmodx\data\lang\gold_weapons.txt
L 01/16/2022 - 05:26:39: [AMXX] Failed to open dictionary file: cstrike\addons\amxmodx\data\lang\gold_weapons.txt
L 01/16/2022 - 05:26:39: [AMXX] Failed to open dictionary file: cstrike\addons\amxmodx\data\lang\gold_weapons.txt
L 01/16/2022 - 05:52:38: [mapchooser.amxx] Vote: Voting for the nextmap started
L 01/16/2022 - 05:52:53: [mapchooser.amxx] Vote: Voting for the nextmap finished. The nextmap will be surf_south
L 01/16/2022 - 05:54:47: -------- Mapchange to surf_south --------
L 01/16/2022 - 05:54:47: [AMXX] Failed to open dictionary file: cstrike\addons\amxmodx\data\lang\gold_weapons.txt
L 01/16/2022 - 05:54:47: [AMXX] Failed to open dictionary file: cstrike\addons\amxmodx\data\lang\gold_weapons.txt
L 01/16/2022 - 05:54:47: [AMXX] Failed to open dictionary file: cstrike\addons\amxmodx\data\lang\gold_weapons.txt
L 01/16/2022 - 06:12:47: [mapchooser.amxx] Vote: Voting for the nextmap started
L 01/16/2022 - 06:13:02: [mapchooser.amxx] Vote: Voting for the nextmap finished. The nextmap will be surf_winter_final
L 01/16/2022 - 06:14:56: -------- Mapchange to surf_winter_final --------
L 01/16/2022 - 06:14:57: [AMXX] Failed to open dictionary file: cstrike\addons\amxmodx\data\lang\gold_weapons.txt
L 01/16/2022 - 06:14:57: [AMXX] Failed to open dictionary file: cstrike\addons\amxmodx\data\lang\gold_weapons.txt
L 01/16/2022 - 06:14:57: [AMXX] Failed to open dictionary file: cstrike\addons\amxmodx\data\lang\gold_weapons.txt
L 01/16/2022 - 07:10:33: [mapchooser.amxx] Vote: Voting for the nextmap started
L 01/16/2022 - 07:10:48: [mapchooser.amxx] Vote: Voting for the nextmap finished. The nextmap will be surf_0newage
L 01/16/2022 - 07:12:42: -------- Mapchange to surf_0newage --------
L 01/16/2022 - 07:12:43: [AMXX] Failed to open dictionary file: cstrike\addons\amxmodx\data\lang\gold_weapons.txt
L 01/16/2022 - 07:12:43: [AMXX] Failed to open dictionary file: cstrike\addons\amxmodx\data\lang\gold_weapons.txt
L 01/16/2022 - 07:12:43: [AMXX] Failed to open dictionary file: cstrike\addons\amxmodx\data\lang\gold_weapons.txt
L 01/16/2022 - 12:29:54: [mapchooser.amxx] Vote: Voting for the nextmap started
L 01/16/2022 - 12:30:09: [mapchooser.amxx] Vote: Voting for the nextmap finished. The nextmap will be surf_2kill
L 01/16/2022 - 12:32:03: -------- Mapchange to surf_2kill --------
L 01/16/2022 - 12:32:04: [AMXX] Failed to open dictionary file: cstrike\addons\amxmodx\data\lang\gold_weapons.txt
L 01/16/2022 - 12:32:04: [AMXX] Failed to open dictionary file: cstrike\addons\amxmodx\data\lang\gold_weapons.txt
L 01/16/2022 - 12:32:04: [AMXX] Failed to open dictionary file: cstrike\addons\amxmodx\data\lang\gold_weapons.txt
L 01/16/2022 - 12:50:03: [mapchooser.amxx] Vote: Voting for the nextmap started
L 01/16/2022 - 12:50:18: [mapchooser.amxx] Vote: Voting for the nextmap finished. The nextmap will be surf_crystals
L 01/16/2022 - 12:52:13: -------- Mapchange to surf_crystals --------
L 01/16/2022 - 12:52:13: [AMXX] Failed to open dictionary file: cstrike\addons\amxmodx\data\lang\gold_weapons.txt
L 01/16/2022 - 12:52:13: [AMXX] Failed to open dictionary file: cstrike\addons\amxmodx\data\lang\gold_weapons.txt
L 01/16/2022 - 12:52:13: [AMXX] Failed to open dictionary file: cstrike\addons\amxmodx\data\lang\gold_weapons.txt
L 01/16/2022 - 13:10:13: [mapchooser.amxx] Vote: Voting for the nextmap started
L 01/16/2022 - 13:10:28: [mapchooser.amxx] Vote: Voting for the nextmap finished. The nextmap will be surf_dark_day
L 01/16/2022 - 13:12:22: -------- Mapchange to surf_dark_day --------
L 01/16/2022 - 13:12:23: [AMXX] Failed to open dictionary file: cstrike\addons\amxmodx\data\lang\gold_weapons.txt
L 01/16/2022 - 13:12:23: [AMXX] Failed to open dictionary file: cstrike\addons\amxmodx\data\lang\gold_weapons.txt
L 01/16/2022 - 13:12:23: [AMXX] Failed to open dictionary file: cstrike\addons\amxmodx\data\lang\gold_weapons.txt
L 01/16/2022 - 13:16:35: [admin.amxx] Login: "Ricky_Khats<5><STEAM_0:0:2007752829><>" became an admin (account "Ricky_Khats") (access "abcdefghijklmnopqrstuv") (address "26.73.233.1")
L 01/16/2022 - 13:17:07: -------- Mapchange to surf_dark_day --------
L 01/16/2022 - 13:17:08: [AMXX] Failed to open dictionary file: cstrike\addons\amxmodx\data\lang\gold_weapons.txt
L 01/16/2022 - 13:17:08: [AMXX] Failed to open dictionary file: cstrike\addons\amxmodx\data\lang\gold_weapons.txt
L 01/16/2022 - 13:17:08: [AMXX] Failed to open dictionary file: cstrike\addons\amxmodx\data\lang\gold_weapons.txt
L 01/16/2022 - 13:17:08: [admin.amxx] Login: "Ricky_Khats<5><STEAM_0:0:2007752829><>" became an admin (account "Ricky_Khats") (access "abcdefghijklmnopqrstuv") (address "26.73.233.1")
L 01/16/2022 - 13:17:27: [mapsmenu.amxx] Cmd: "Ricky_Khats<5><STEAM_0:0:2007752829><>" changelevel "surf_green"
L 01/16/2022 - 13:17:29: -------- Mapchange to surf_green --------
L 01/16/2022 - 13:17:31: [AMXX] Failed to open dictionary file: cstrike\addons\amxmodx\data\lang\gold_weapons.txt
L 01/16/2022 - 13:17:31: [AMXX] Failed to open dictionary file: cstrike\addons\amxmodx\data\lang\gold_weapons.txt
L 01/16/2022 - 13:17:31: [AMXX] Failed to open dictionary file: cstrike\addons\amxmodx\data\lang\gold_weapons.txt
L 01/16/2022 - 13:17:31: [admin.amxx] Login: "Ricky_Khats<5><STEAM_0:0:2007752829><>" became an admin (account "Ricky_Khats") (access "abcdefghijklmnopqrstuv") (address "26.73.233.1")
L 01/16/2022 - 13:22:04: [GEOIP] Could not find GeoIP2 databases. Disabled natives.
L 01/16/2022 - 13:22:05: -------- Mapchange to surf_green --------
L 01/16/2022 - 13:22:06: [AMXX] Failed to open dictionary file: cstrike\addons\amxmodx\data\lang\gold_weapons.txt
L 01/16/2022 - 13:22:06: [AMXX] Failed to open dictionary file: cstrike\addons\amxmodx\data\lang\gold_weapons.txt
L 01/16/2022 - 13:22:06: [AMXX] Failed to open dictionary file: cstrike\addons\amxmodx\data\lang\gold_weapons.txt
L 01/16/2022 - 13:22:09: [admin.amxx] Login: "Ricky_Khats<1><STEAM_0:0:2007752829><>" became an admin (account "Ricky_Khats") (access "abcdefghijklmnopqrstuv") (address "26.73.233.1")
L 01/16/2022 - 13:28:24: [admin.amxx] Login: "Ricky_Khats<3><STEAM_0:0:2007752829><>" became an admin (account "Ricky_Khats") (access "abcdefghijklmnopqrstuv") (address "26.73.233.1")
L 01/16/2022 - 13:29:05: -------- Mapchange to surf_green --------
L 01/16/2022 - 13:29:06: [AMXX] Failed to open dictionary file: cstrike\addons\amxmodx\data\lang\gold_weapons.txt
L 01/16/2022 - 13:29:06: [AMXX] Failed to open dictionary file: cstrike\addons\amxmodx\data\lang\gold_weapons.txt
L 01/16/2022 - 13:29:06: [AMXX] Failed to open dictionary file: cstrike\addons\amxmodx\data\lang\gold_weapons.txt
L 01/16/2022 - 13:29:06: [admin.amxx] Login: "Ricky_Khats<3><STEAM_0:0:2007752829><>" became an admin (account "Ricky_Khats") (access "abcdefghijklmnopqrstuv") (address "26.73.233.1")
L 01/16/2022 - 13:43:42: [admin.amxx] Login: "Ricky_Khats<5><STEAM_0:0:2007752829><>" became an admin (account "Ricky_Khats") (access "abcdefghijklmnopqrstuv") (address "26.73.233.1")
L 01/16/2022 - 13:44:20: [mapsmenu.amxx] Cmd: "Ricky_Khats<5><STEAM_0:0:2007752829><>" changelevel "surf_green"
L 01/16/2022 - 13:44:22: -------- Mapchange to surf_green --------
L 01/16/2022 - 13:44:23: [AMXX] Failed to open dictionary file: cstrike\addons\amxmodx\data\lang\gold_weapons.txt
L 01/16/2022 - 13:44:23: [AMXX] Failed to open dictionary file: cstrike\addons\amxmodx\data\lang\gold_weapons.txt
L 01/16/2022 - 13:44:23: [AMXX] Failed to open dictionary file: cstrike\addons\amxmodx\data\lang\gold_weapons.txt
L 01/16/2022 - 13:44:23: [admin.amxx] Login: "Ricky_Khats<5><STEAM_0:0:2007752829><>" became an admin (account "Ricky_Khats") (access "abcdefghijklmnopqrstuv") (address "26.73.233.1")
L 01/16/2022 - 13:56:40: [rpg_mod.amxx] missing settings for 3
L 01/16/2022 - 13:56:40: [admin.amxx] Login: "MAMON<7><STEAM_0:0:1639286929><>" became an admin (account "MAMON") (access "abcdefghijklmnopqrstuv") (address "25.46.137.237")
L 01/16/2022 - 14:00:39: [mapsmenu.amxx] Cmd: "MAMON<7><STEAM_0:0:1639286929><>" changelevel "surf_sand"
L 01/16/2022 - 14:00:41: -------- Mapchange to surf_sand --------
L 01/16/2022 - 14:00:42: [AMXX] Failed to open dictionary file: cstrike\addons\amxmodx\data\lang\gold_weapons.txt
L 01/16/2022 - 14:00:42: [AMXX] Failed to open dictionary file: cstrike\addons\amxmodx\data\lang\gold_weapons.txt
L 01/16/2022 - 14:00:42: [AMXX] Failed to open dictionary file: cstrike\addons\amxmodx\data\lang\gold_weapons.txt
L 01/16/2022 - 14:00:42: [rpg_mod.amxx] missing settings for 3
L 01/16/2022 - 14:00:42: [admin.amxx] Login: "MAMON<7><STEAM_0:0:1639286929><>" became an admin (account "MAMON") (access "abcdefghijklmnopqrstuv") (address "25.46.137.237")
L 01/16/2022 - 14:05:02: [mapsmenu.amxx] Cmd: "MAMON<7><STEAM_0:0:1639286929><>" changelevel "surf_machine2"
L 01/16/2022 - 14:05:04: -------- Mapchange to surf_machine2 --------
L 01/16/2022 - 14:05:05: [AMXX] Failed to open dictionary file: cstrike\addons\amxmodx\data\lang\gold_weapons.txt
L 01/16/2022 - 14:05:05: [AMXX] Failed to open dictionary file: cstrike\addons\amxmodx\data\lang\gold_weapons.txt
L 01/16/2022 - 14:05:05: [AMXX] Failed to open dictionary file: cstrike\addons\amxmodx\data\lang\gold_weapons.txt
L 01/16/2022 - 14:05:06: [rpg_mod.amxx] missing settings for 3
L 01/16/2022 - 14:05:06: [admin.amxx] Login: "MAMON<7><STEAM_0:0:1639286929><>" became an admin (account "MAMON") (access "abcdefghijklmnopqrstuv") (address "25.46.137.237")
L 01/16/2022 - 14:07:49: [mapsmenu.amxx] Cmd: "MAMON<7><STEAM_0:0:1639286929><>" changelevel "surf_ski_4"
L 01/16/2022 - 14:07:51: -------- Mapchange to surf_ski_4 --------
L 01/16/2022 - 14:07:52: [AMXX] Failed to open dictionary file: cstrike\addons\amxmodx\data\lang\gold_weapons.txt
L 01/16/2022 - 14:07:52: [AMXX] Failed to open dictionary file: cstrike\addons\amxmodx\data\lang\gold_weapons.txt
L 01/16/2022 - 14:07:52: [AMXX] Failed to open dictionary file: cstrike\addons\amxmodx\data\lang\gold_weapons.txt
L 01/16/2022 - 14:07:52: [rpg_mod.amxx] missing settings for 3
L 01/16/2022 - 14:07:52: [admin.amxx] Login: "MAMON<7><STEAM_0:0:1639286929><>" became an admin (account "MAMON") (access "abcdefghijklmnopqrstuv") (address "25.46.137.237")
L 01/16/2022 - 14:11:08: [mapsmenu.amxx] Cmd: "MAMON<7><STEAM_0:0:1639286929><>" changelevel "surf_ski_4"
L 01/16/2022 - 14:11:10: -------- Mapchange to surf_ski_4 --------
L 01/16/2022 - 14:11:11: [AMXX] Failed to open dictionary file: cstrike\addons\amxmodx\data\lang\gold_weapons.txt
L 01/16/2022 - 14:11:11: [AMXX] Failed to open dictionary file: cstrike\addons\amxmodx\data\lang\gold_weapons.txt
L 01/16/2022 - 14:11:11: [AMXX] Failed to open dictionary file: cstrike\addons\amxmodx\data\lang\gold_weapons.txt
L 01/16/2022 - 14:11:12: [rpg_mod.amxx] missing settings for 3
L 01/16/2022 - 14:11:12: [admin.amxx] Login: "MAMON<7><STEAM_0:0:1639286929><>" became an admin (account "MAMON") (access "abcdefghijklmnopqrstuv") (address "25.46.137.237")
L 01/16/2022 - 14:12:26: [mapsmenu.amxx] Cmd: "MAMON<7><STEAM_0:0:1639286929><>" changelevel "surf_sand"
L 01/16/2022 - 14:12:28: -------- Mapchange to surf_sand --------
L 01/16/2022 - 14:12:29: [AMXX] Failed to open dictionary file: cstrike\addons\amxmodx\data\lang\gold_weapons.txt
L 01/16/2022 - 14:12:29: [AMXX] Failed to open dictionary file: cstrike\addons\amxmodx\data\lang\gold_weapons.txt
L 01/16/2022 - 14:12:29: [AMXX] Failed to open dictionary file: cstrike\addons\amxmodx\data\lang\gold_weapons.txt
L 01/16/2022 - 14:12:29: [rpg_mod.amxx] missing settings for 3
L 01/16/2022 - 14:12:29: [admin.amxx] Login: "MAMON<7><STEAM_0:0:1639286929><>" became an admin (account "MAMON") (access "abcdefghijklmnopqrstuv") (address "25.46.137.237")
L 01/16/2022 - 14:12:40: [mapsmenu.amxx] Cmd: "MAMON<7><STEAM_0:0:1639286929><>" changelevel "surf_ski_4"
L 01/16/2022 - 14:12:42: -------- Mapchange to surf_ski_4 --------
L 01/16/2022 - 14:12:43: [AMXX] Failed to open dictionary file: cstrike\addons\amxmodx\data\lang\gold_weapons.txt
L 01/16/2022 - 14:12:43: [AMXX] Failed to open dictionary file: cstrike\addons\amxmodx\data\lang\gold_weapons.txt
L 01/16/2022 - 14:12:43: [AMXX] Failed to open dictionary file: cstrike\addons\amxmodx\data\lang\gold_weapons.txt
L 01/16/2022 - 14:12:43: [rpg_mod.amxx] missing settings for 3
L 01/16/2022 - 14:12:43: [admin.amxx] Login: "MAMON<7><STEAM_0:0:1639286929><>" became an admin (account "MAMON") (access "abcdefghijklmnopqrstuv") (address "25.46.137.237")
L 01/16/2022 - 14:13:30: [mapsmenu.amxx] Cmd: "MAMON<7><STEAM_0:0:1639286929><>" changelevel "surf_ski_4"
L 01/16/2022 - 14:13:32: -------- Mapchange to surf_ski_4 --------
L 01/16/2022 - 14:13:33: [AMXX] Failed to open dictionary file: cstrike\addons\amxmodx\data\lang\gold_weapons.txt
L 01/16/2022 - 14:13:33: [AMXX] Failed to open dictionary file: cstrike\addons\amxmodx\data\lang\gold_weapons.txt
L 01/16/2022 - 14:13:33: [AMXX] Failed to open dictionary file: cstrike\addons\amxmodx\data\lang\gold_weapons.txt
L 01/16/2022 - 14:13:33: [rpg_mod.amxx] missing settings for 3
L 01/16/2022 - 14:13:33: [admin.amxx] Login: "MAMON<7><STEAM_0:0:1639286929><>" became an admin (account "MAMON") (access "abcdefghijklmnopqrstuv") (address "25.46.137.237")
L 01/16/2022 - 14:20:51: [mapsmenu.amxx] Cmd: "MAMON<7><STEAM_0:0:1639286929><>" changelevel "surf_sand"
L 01/16/2022 - 14:20:53: -------- Mapchange to surf_sand --------
L 01/16/2022 - 14:20:54: [AMXX] Failed to open dictionary file: cstrike\addons\amxmodx\data\lang\gold_weapons.txt
L 01/16/2022 - 14:20:54: [AMXX] Failed to open dictionary file: cstrike\addons\amxmodx\data\lang\gold_weapons.txt
L 01/16/2022 - 14:20:54: [AMXX] Failed to open dictionary file: cstrike\addons\amxmodx\data\lang\gold_weapons.txt
L 01/16/2022 - 14:20:55: [rpg_mod.amxx] missing settings for 3
L 01/16/2022 - 14:20:55: [admin.amxx] Login: "MAMON<7><STEAM_0:0:1639286929><>" became an admin (account "MAMON") (access "abcdefghijklmnopqrstuv") (address "25.46.137.237")
L 01/16/2022 - 14:21:08: [mapsmenu.amxx] Cmd: "MAMON<7><STEAM_0:0:1639286929><>" changelevel "surf_ski_4"
L 01/16/2022 - 14:21:10: -------- Mapchange to surf_ski_4 --------
L 01/16/2022 - 14:21:11: [AMXX] Failed to open dictionary file: cstrike\addons\amxmodx\data\lang\gold_weapons.txt
L 01/16/2022 - 14:21:11: [AMXX] Failed to open dictionary file: cstrike\addons\amxmodx\data\lang\gold_weapons.txt
L 01/16/2022 - 14:21:11: [AMXX] Failed to open dictionary file: cstrike\addons\amxmodx\data\lang\gold_weapons.txt
L 01/16/2022 - 14:21:11: [rpg_mod.amxx] missing settings for 3
L 01/16/2022 - 14:21:11: [admin.amxx] Login: "MAMON<7><STEAM_0:0:1639286929><>" became an admin (account "MAMON") (access "abcdefghijklmnopqrstuv") (address "25.46.137.237")
L 01/16/2022 - 14:21:42: [mapsmenu.amxx] Cmd: "MAMON<7><STEAM_0:0:1639286929><>" changelevel "surf_ski_4"
L 01/16/2022 - 14:21:44: -------- Mapchange to surf_ski_4 --------
L 01/16/2022 - 14:21:45: [AMXX] Failed to open dictionary file: cstrike\addons\amxmodx\data\lang\gold_weapons.txt
L 01/16/2022 - 14:21:45: [AMXX] Failed to open dictionary file: cstrike\addons\amxmodx\data\lang\gold_weapons.txt
L 01/16/2022 - 14:21:45: [AMXX] Failed to open dictionary file: cstrike\addons\amxmodx\data\lang\gold_weapons.txt
L 01/16/2022 - 14:21:45: [rpg_mod.amxx] missing settings for 3
L 01/16/2022 - 14:21:45: [admin.amxx] Login: "MAMON<7><STEAM_0:0:1639286929><>" became an admin (account "MAMON") (access "abcdefghijklmnopqrstuv") (address "25.46.137.237")
L 01/16/2022 - 14:22:52: [mapsmenu.amxx] Cmd: "MAMON<7><STEAM_0:0:1639286929><>" changelevel "surf_ski_4"
L 01/16/2022 - 14:22:54: -------- Mapchange to surf_ski_4 --------
L 01/16/2022 - 14:22:55: [AMXX] Failed to open dictionary file: cstrike\addons\amxmodx\data\lang\gold_weapons.txt
L 01/16/2022 - 14:22:55: [AMXX] Failed to open dictionary file: cstrike\addons\amxmodx\data\lang\gold_weapons.txt
L 01/16/2022 - 14:22:55: [AMXX] Failed to open dictionary file: cstrike\addons\amxmodx\data\lang\gold_weapons.txt
L 01/16/2022 - 14:22:55: [rpg_mod.amxx] missing settings for 3
L 01/16/2022 - 14:22:55: [admin.amxx] Login: "MAMON<7><STEAM_0:0:1639286929><>" became an admin (account "MAMON") (access "abcdefghijklmnopqrstuv") (address "25.46.137.237")
L 01/16/2022 - 14:23:25: [mapsmenu.amxx] Cmd: "MAMON<7><STEAM_0:0:1639286929><>" changelevel "surf_ski_4"
L 01/16/2022 - 14:23:27: -------- Mapchange to surf_ski_4 --------
L 01/16/2022 - 14:23:28: [AMXX] Failed to open dictionary file: cstrike\addons\amxmodx\data\lang\gold_weapons.txt
L 01/16/2022 - 14:23:28: [AMXX] Failed to open dictionary file: cstrike\addons\amxmodx\data\lang\gold_weapons.txt
L 01/16/2022 - 14:23:28: [AMXX] Failed to open dictionary file: cstrike\addons\amxmodx\data\lang\gold_weapons.txt
L 01/16/2022 - 14:23:28: [rpg_mod.amxx] missing settings for 3
L 01/16/2022 - 14:23:28: [admin.amxx] Login: "MAMON<7><STEAM_0:0:1639286929><>" became an admin (account "MAMON") (access "abcdefghijklmnopqrstuv") (address "25.46.137.237")
L 01/16/2022 - 14:31:51: [GEOIP] Could not find GeoIP2 databases. Disabled natives.
L 01/16/2022 - 14:31:51: -------- Mapchange to surf_green --------
L 01/16/2022 - 14:31:52: [AMXX] Failed to open dictionary file: cstrike\addons\amxmodx\data\lang\gold_weapons.txt
L 01/16/2022 - 14:31:52: [AMXX] Failed to open dictionary file: cstrike\addons\amxmodx\data\lang\gold_weapons.txt
L 01/16/2022 - 14:31:52: [AMXX] Failed to open dictionary file: cstrike\addons\amxmodx\data\lang\gold_weapons.txt
L 01/16/2022 - 14:32:39: [admin.amxx] Login: "Ricky_Khats<1><STEAM_0:0:2007752829><>" became an admin (account "Ricky_Khats") (access "abcdefghijklmnopqrstuv") (address "26.73.233.1")
L 01/16/2022 - 14:33:48: -------- Mapchange to surf_green --------
L 01/16/2022 - 14:33:49: [AMXX] Failed to open dictionary file: cstrike\addons\amxmodx\data\lang\gold_weapons.txt
L 01/16/2022 - 14:33:49: [AMXX] Failed to open dictionary file: cstrike\addons\amxmodx\data\lang\gold_weapons.txt
L 01/16/2022 - 14:33:49: [AMXX] Failed to open dictionary file: cstrike\addons\amxmodx\data\lang\gold_weapons.txt
L 01/16/2022 - 14:33:49: [admin.amxx] Login: "Ricky_Khats<1><STEAM_0:0:2007752829><>" became an admin (account "Ricky_Khats") (access "abcdefghijklmnopqrstuv") (address "26.73.233.1")
L 01/16/2022 - 14:34:08: [rpg_mod.amxx] missing settings for 2
L 01/16/2022 - 14:34:08: [admin.amxx] Login: "MAMON<2><STEAM_0:0:1639286929><>" kicked due to invalid password (account "MAMON") (address "25.46.137.237")
L 01/16/2022 - 14:34:33: [rpg_mod.amxx] missing settings for 2
L 01/16/2022 - 14:34:33: [admin.amxx] Login: "MAMON<3><STEAM_0:0:1639286929><>" became an admin (account "MAMON") (access "abcdefghijklmnopqrstuv") (address "25.46.137.237")
L 01/16/2022 - 14:37:15: -------- Mapchange to surf_green --------
L 01/16/2022 - 14:37:16: [AMXX] Failed to open dictionary file: cstrike\addons\amxmodx\data\lang\gold_weapons.txt
L 01/16/2022 - 14:37:16: [AMXX] Failed to open dictionary file: cstrike\addons\amxmodx\data\lang\gold_weapons.txt
L 01/16/2022 - 14:37:16: [AMXX] Failed to open dictionary file: cstrike\addons\amxmodx\data\lang\gold_weapons.txt
L 01/16/2022 - 14:37:16: [admin.amxx] Login: "Ricky_Khats<1><STEAM_0:0:2007752829><>" became an admin (account "Ricky_Khats") (access "abcdefghijklmnopqrstuv") (address "26.73.233.1")
L 01/16/2022 - 14:37:16: [rpg_mod.amxx] missing settings for 2
L 01/16/2022 - 14:37:16: [admin.amxx] Login: "MAMON<3><STEAM_0:0:1639286929><>" became an admin (account "MAMON") (access "abcdefghijklmnopqrstuv") (address "25.46.137.237")
L 01/16/2022 - 14:45:36: -------- Mapchange to surf_green --------
L 01/16/2022 - 14:45:37: [AMXX] Failed to open dictionary file: cstrike\addons\amxmodx\data\lang\gold_weapons.txt
L 01/16/2022 - 14:45:37: [AMXX] Failed to open dictionary file: cstrike\addons\amxmodx\data\lang\gold_weapons.txt
L 01/16/2022 - 14:45:37: [AMXX] Failed to open dictionary file: cstrike\addons\amxmodx\data\lang\gold_weapons.txt
L 01/16/2022 - 14:45:37: [admin.amxx] Login: "Ricky_Khats<1><STEAM_0:0:2007752829><>" became an admin (account "Ricky_Khats") (access "abcdefghijklmnopqrstuv") (address "26.73.233.1")
L 01/16/2022 - 14:45:37: [rpg_mod.amxx] missing settings for 2
L 01/16/2022 - 14:45:37: [admin.amxx] Login: "MAMON<3><STEAM_0:0:1639286929><>" became an admin (account "MAMON") (access "abcdefghijklmnopqrstuv") (address "25.46.137.237")
L 01/16/2022 - 14:48:07: [rpg_mod.amxx] missing settings for 2
L 01/16/2022 - 14:48:07: [admin.amxx] Login: "MAMON<12><STEAM_0:0:1639286929><>" became an admin (account "MAMON") (access "abcdefghijklmnopqrstuv") (address "25.46.137.237")
L 01/16/2022 - 14:57:45: [mapsmenu.amxx] Cmd: "MAMON<12><STEAM_0:0:1639286929><>" changelevel "surf_ski_4"
L 01/16/2022 - 14:57:47: -------- Mapchange to surf_ski_4 --------
L 01/16/2022 - 14:57:48: [AMXX] Failed to open dictionary file: cstrike\addons\amxmodx\data\lang\gold_weapons.txt
L 01/16/2022 - 14:57:48: [AMXX] Failed to open dictionary file: cstrike\addons\amxmodx\data\lang\gold_weapons.txt
L 01/16/2022 - 14:57:48: [AMXX] Failed to open dictionary file: cstrike\addons\amxmodx\data\lang\gold_weapons.txt
L 01/16/2022 - 14:57:48: [rpg_mod.amxx] missing settings for 2
L 01/16/2022 - 14:57:48: [admin.amxx] Login: "MAMON<12><STEAM_0:0:1639286929><>" became an admin (account "MAMON") (access "abcdefghijklmnopqrstuv") (address "25.46.137.237")
L 01/16/2022 - 15:00:40: [admin.amxx] Login: "Ricky_Khats<13><STEAM_0:0:2007752829><>" became an admin (account "Ricky_Khats") (access "abcdefghijklmnopqrstuv") (address "26.73.233.1")
L 01/16/2022 - 15:11:21: [mapsmenu.amxx] Cmd: "Ricky_Khats<13><STEAM_0:0:2007752829><>" changelevel "surf_ski_4"
L 01/16/2022 - 15:11:23: -------- Mapchange to surf_ski_4 --------
L 01/16/2022 - 15:11:24: [AMXX] Failed to open dictionary file: cstrike\addons\amxmodx\data\lang\gold_weapons.txt
L 01/16/2022 - 15:11:24: [AMXX] Failed to open dictionary file: cstrike\addons\amxmodx\data\lang\gold_weapons.txt
L 01/16/2022 - 15:11:24: [AMXX] Failed to open dictionary file: cstrike\addons\amxmodx\data\lang\gold_weapons.txt
L 01/16/2022 - 15:11:24: [admin.amxx] Login: "Ricky_Khats<13><STEAM_0:0:2007752829><>" became an admin (account "Ricky_Khats") (access "abcdefghijklmnopqrstuv") (address "26.73.233.1")
L 01/16/2022 - 15:11:25: [rpg_mod.amxx] missing settings for 2
L 01/16/2022 - 15:11:25: [admin.amxx] Login: "MAMON<12><STEAM_0:0:1639286929><>" became an admin (account "MAMON") (access "abcdefghijklmnopqrstuv") (address "25.46.137.237")
L 01/16/2022 - 15:13:42: [GEOIP] Could not find GeoIP2 databases. Disabled natives.
L 01/16/2022 - 15:13:42: -------- Mapchange to surf_green --------
L 01/16/2022 - 15:13:43: [AMXX] Failed to open dictionary file: cstrike\addons\amxmodx\data\lang\gold_weapons.txt
L 01/16/2022 - 15:13:43: [AMXX] Failed to open dictionary file: cstrike\addons\amxmodx\data\lang\gold_weapons.txt
L 01/16/2022 - 15:13:43: [AMXX] Failed to open dictionary file: cstrike\addons\amxmodx\data\lang\gold_weapons.txt
L 01/16/2022 - 15:13:51: [rpg_mod.amxx] missing settings for 9
L 01/16/2022 - 15:13:51: [admin.amxx] Login: "MAMON<9><STEAM_0:0:1639286929><>" became an admin (account "MAMON") (access "abcdefghijklmnopqrstuv") (address "25.46.137.237")
L 01/16/2022 - 15:16:41: -------- Mapchange to surf_green --------
L 01/16/2022 - 15:16:42: [AMXX] Failed to open dictionary file: cstrike\addons\amxmodx\data\lang\gold_weapons.txt
L 01/16/2022 - 15:16:42: [AMXX] Failed to open dictionary file: cstrike\addons\amxmodx\data\lang\gold_weapons.txt
L 01/16/2022 - 15:16:42: [AMXX] Failed to open dictionary file: cstrike\addons\amxmodx\data\lang\gold_weapons.txt
L 01/16/2022 - 15:18:28: -------- Mapchange to surf_green --------
L 01/16/2022 - 15:18:28: [AMXX] Failed to open dictionary file: cstrike\addons\amxmodx\data\lang\gold_weapons.txt
L 01/16/2022 - 15:18:28: [AMXX] Failed to open dictionary file: cstrike\addons\amxmodx\data\lang\gold_weapons.txt
L 01/16/2022 - 15:18:28: [AMXX] Failed to open dictionary file: cstrike\addons\amxmodx\data\lang\gold_weapons.txt
L 01/16/2022 - 15:18:41: [admin.amxx] Login: "Ricky_Khats<29><STEAM_0:0:2007752829><>" became an admin (account "Ricky_Khats") (access "abcdefghijklmnopqrstuv") (address "26.73.233.1")
L 01/16/2022 - 15:18:54: [rpg_mod.amxx] missing settings for 11
L 01/16/2022 - 15:18:54: [admin.amxx] Login: "MAMON<30><STEAM_0:0:1639286929><>" became an admin (account "MAMON") (access "abcdefghijklmnopqrstuv") (address "25.46.137.237")
L 01/16/2022 - 15:19:59: [GEOIP] Could not find GeoIP2 databases. Disabled natives.
L 01/16/2022 - 15:19:59: -------- Mapchange to surf_green --------
L 01/16/2022 - 15:20:00: [AMXX] Failed to open dictionary file: cstrike\addons\amxmodx\data\lang\gold_weapons.txt
L 01/16/2022 - 15:20:00: [AMXX] Failed to open dictionary file: cstrike\addons\amxmodx\data\lang\gold_weapons.txt
L 01/16/2022 - 15:20:00: [AMXX] Failed to open dictionary file: cstrike\addons\amxmodx\data\lang\gold_weapons.txt
L 01/16/2022 - 15:20:12: [admin.amxx] Login: "Ricky_Khats<1><STEAM_0:0:2007752829><>" became an admin (account "Ricky_Khats") (access "abcdefghijklmnopqrstuv") (address "26.73.233.1")
L 01/16/2022 - 15:20:38: [rpg_mod.amxx] missing settings for 2
L 01/16/2022 - 15:20:38: [admin.amxx] Login: "MAMON<2><STEAM_0:0:1639286929><>" became an admin (account "MAMON") (access "abcdefghijklmnopqrstuv") (address "25.46.137.237")
L 01/16/2022 - 15:24:52: -------- Mapchange to surf_green --------
L 01/16/2022 - 15:24:52: [AMXX] Failed to open dictionary file: cstrike\addons\amxmodx\data\lang\gold_weapons.txt
L 01/16/2022 - 15:24:52: [AMXX] Failed to open dictionary file: cstrike\addons\amxmodx\data\lang\gold_weapons.txt
L 01/16/2022 - 15:24:52: [AMXX] Failed to open dictionary file: cstrike\addons\amxmodx\data\lang\gold_weapons.txt
L 01/16/2022 - 15:24:53: [admin.amxx] Login: "Ricky_Khats<1><STEAM_0:0:2007752829><>" became an admin (account "Ricky_Khats") (access "abcdefghijklmnopqrstuv") (address "26.73.233.1")
L 01/16/2022 - 15:24:53: [rpg_mod.amxx] missing settings for 2
L 01/16/2022 - 15:24:53: [admin.amxx] Login: "MAMON<2><STEAM_0:0:1639286929><>" became an admin (account "MAMON") (access "abcdefghijklmnopqrstuv") (address "25.46.137.237")
L 01/16/2022 - 15:27:17: -------- Mapchange to surf_green --------
L 01/16/2022 - 15:27:18: [AMXX] Failed to open dictionary file: cstrike\addons\amxmodx\data\lang\gold_weapons.txt
L 01/16/2022 - 15:27:18: [AMXX] Failed to open dictionary file: cstrike\addons\amxmodx\data\lang\gold_weapons.txt
L 01/16/2022 - 15:27:18: [AMXX] Failed to open dictionary file: cstrike\addons\amxmodx\data\lang\gold_weapons.txt
L 01/16/2022 - 15:27:19: [admin.amxx] Login: "Ricky_Khats<1><STEAM_0:0:2007752829><>" became an admin (account "Ricky_Khats") (access "abcdefghijklmnopqrstuv") (address "26.73.233.1")
L 01/16/2022 - 15:27:19: [rpg_mod.amxx] missing settings for 2
L 01/16/2022 - 15:27:19: [admin.amxx] Login: "MAMON<2><STEAM_0:0:1639286929><>" became an admin (account "MAMON") (access "abcdefghijklmnopqrstuv") (address "25.46.137.237")
L 01/16/2022 - 15:30:27: [mapsmenu.amxx] Cmd: "MAMON<2><STEAM_0:0:1639286929><>" changelevel "surf_ski_4"
L 01/16/2022 - 15:30:29: -------- Mapchange to surf_ski_4 --------
L 01/16/2022 - 15:30:30: [AMXX] Failed to open dictionary file: cstrike\addons\amxmodx\data\lang\gold_weapons.txt
L 01/16/2022 - 15:30:30: [AMXX] Failed to open dictionary file: cstrike\addons\amxmodx\data\lang\gold_weapons.txt
L 01/16/2022 - 15:30:30: [AMXX] Failed to open dictionary file: cstrike\addons\amxmodx\data\lang\gold_weapons.txt
L 01/16/2022 - 15:30:30: [admin.amxx] Login: "Ricky_Khats<1><STEAM_0:0:2007752829><>" became an admin (account "Ricky_Khats") (access "abcdefghijklmnopqrstuv") (address "26.73.233.1")
L 01/16/2022 - 15:30:30: [rpg_mod.amxx] missing settings for 2
L 01/16/2022 - 15:30:30: [admin.amxx] Login: "MAMON<2><STEAM_0:0:1639286929><>" became an admin (account "MAMON") (access "abcdefghijklmnopqrstuv") (address "25.46.137.237")
L 01/16/2022 - 15:34:11: -------- Mapchange to surf_ski_4 --------
L 01/16/2022 - 15:34:12: [AMXX] Failed to open dictionary file: cstrike\addons\amxmodx\data\lang\gold_weapons.txt
L 01/16/2022 - 15:34:12: [AMXX] Failed to open dictionary file: cstrike\addons\amxmodx\data\lang\gold_weapons.txt
L 01/16/2022 - 15:34:12: [AMXX] Failed to open dictionary file: cstrike\addons\amxmodx\data\lang\gold_weapons.txt
L 01/16/2022 - 15:34:13: [admin.amxx] Login: "Ricky_Khats<1><STEAM_0:0:2007752829><>" became an admin (account "Ricky_Khats") (access "abcdefghijklmnopqrstuv") (address "26.73.233.1")
L 01/16/2022 - 15:34:13: [rpg_mod.amxx] missing settings for 2
L 01/16/2022 - 15:34:13: [admin.amxx] Login: "MAMON<2><STEAM_0:0:1639286929><>" became an admin (account "MAMON") (access "abcdefghijklmnopqrstuv") (address "25.46.137.237")
L 01/16/2022 - 15:37:18: [adminchat.amxx] Chat: "MAMON<2><STEAM_0:0:1639286929><>" say "ML_NOTFOUND: MSE_TAG ML_NOTFOUND: MSG_ALREADY_INUSE"
L 01/16/2022 - 15:52:27: [mapchooser.amxx] Vote: Voting for the nextmap started
L 01/16/2022 - 15:52:42: [mapchooser.amxx] Vote: Voting for the nextmap finished. The nextmap will be surf_2kill
L 01/16/2022 - 15:53:10: [admincmd.amxx] ExtendMap: "MAMON<2><STEAM_0:0:1639286929><>" extended map "surf_ski_4" for 999 minutes.
L 01/16/2022 - 16:13:19: [adminchat.amxx] Chat: "MAMON<2><STEAM_0:0:1639286929><>" say "cach_wp"
L 01/16/2022 - 16:15:09: [adminchat.amxx] Chat: "MAMON<2><STEAM_0:0:1639286929><>" say "Path broken from node 0 to node 23. "
L 01/16/2022 - 16:19:26: -------- Mapchange to surf_ski_4 --------
L 01/16/2022 - 16:19:27: [AMXX] Failed to open dictionary file: cstrike\addons\amxmodx\data\lang\gold_weapons.txt
L 01/16/2022 - 16:19:27: [AMXX] Failed to open dictionary file: cstrike\addons\amxmodx\data\lang\gold_weapons.txt
L 01/16/2022 - 16:19:27: [AMXX] Failed to open dictionary file: cstrike\addons\amxmodx\data\lang\gold_weapons.txt
L 01/16/2022 - 16:19:28: [admin.amxx] Login: "Ricky_Khats<1><STEAM_0:0:2007752829><>" became an admin (account "Ricky_Khats") (access "abcdefghijklmnopqrstuv") (address "26.73.233.1")
L 01/16/2022 - 16:20:52: [GEOIP] Could not find GeoIP2 databases. Disabled natives.
L 01/16/2022 - 16:20:52: -------- Mapchange to surf_green --------
L 01/16/2022 - 16:20:54: [AMXX] Failed to open dictionary file: cstrike\addons\amxmodx\data\lang\gold_weapons.txt
L 01/16/2022 - 16:20:54: [AMXX] Failed to open dictionary file: cstrike\addons\amxmodx\data\lang\gold_weapons.txt
L 01/16/2022 - 16:20:54: [AMXX] Failed to open dictionary file: cstrike\addons\amxmodx\data\lang\gold_weapons.txt
L 01/16/2022 - 16:21:01: [admin.amxx] Login: "Ricky_Khats<1><STEAM_0:0:2007752829><>" became an admin (account "Ricky_Khats") (access "abcdefghijklmnopqrstuv") (address "26.73.233.1")
L 01/16/2022 - 16:22:48: [mapsmenu.amxx] Cmd: "Ricky_Khats<1><STEAM_0:0:2007752829><>" changelevel "surf_0newage"
L 01/16/2022 - 16:22:51: -------- Mapchange to surf_0newage --------
L 01/16/2022 - 16:22:53: [AMXX] Failed to open dictionary file: cstrike\addons\amxmodx\data\lang\gold_weapons.txt
L 01/16/2022 - 16:22:53: [AMXX] Failed to open dictionary file: cstrike\addons\amxmodx\data\lang\gold_weapons.txt
L 01/16/2022 - 16:22:53: [AMXX] Failed to open dictionary file: cstrike\addons\amxmodx\data\lang\gold_weapons.txt
L 01/16/2022 - 16:22:54: [admin.amxx] Login: "Ricky_Khats<1><STEAM_0:0:2007752829><>" became an admin (account "Ricky_Khats") (access "abcdefghijklmnopqrstuv") (address "26.73.233.1")
L 01/16/2022 - 16:40:53: [mapchooser.amxx] Vote: Voting for the nextmap started
L 01/16/2022 - 16:41:08: [mapchooser.amxx] Vote: Voting for the nextmap finished. The nextmap will be surf_2kill
L 01/16/2022 - 16:43:02: -------- Mapchange to surf_2kill --------
L 01/16/2022 - 16:43:03: [AMXX] Failed to open dictionary file: cstrike\addons\amxmodx\data\lang\gold_weapons.txt
L 01/16/2022 - 16:43:03: [AMXX] Failed to open dictionary file: cstrike\addons\amxmodx\data\lang\gold_weapons.txt
L 01/16/2022 - 16:43:03: [AMXX] Failed to open dictionary file: cstrike\addons\amxmodx\data\lang\gold_weapons.txt
L 01/16/2022 - 16:50:55: [admin.amxx] Login: "Ricky_Khats<2><STEAM_0:0:2007752829><>" became an admin (account "Ricky_Khats") (access "abcdefghijklmnopqrstuv") (address "26.73.233.1")
L 01/16/2022 - 16:51:23: -------- Mapchange to surf_2kill --------
L 01/16/2022 - 16:51:24: [AMXX] Failed to open dictionary file: cstrike\addons\amxmodx\data\lang\gold_weapons.txt
L 01/16/2022 - 16:51:24: [AMXX] Failed to open dictionary file: cstrike\addons\amxmodx\data\lang\gold_weapons.txt
L 01/16/2022 - 16:51:24: [AMXX] Failed to open dictionary file: cstrike\addons\amxmodx\data\lang\gold_weapons.txt
L 01/16/2022 - 16:51:25: [admin.amxx] Login: "Ricky_Khats<2><STEAM_0:0:2007752829><>" became an admin (account "Ricky_Khats") (access "abcdefghijklmnopqrstuv") (address "26.73.233.1")
L 01/16/2022 - 16:52:33: -------- Mapchange to surf_2kill --------
L 01/16/2022 - 16:52:34: [AMXX] Failed to open dictionary file: cstrike\addons\amxmodx\data\lang\gold_weapons.txt
L 01/16/2022 - 16:52:34: [AMXX] Failed to open dictionary file: cstrike\addons\amxmodx\data\lang\gold_weapons.txt
L 01/16/2022 - 16:52:34: [AMXX] Failed to open dictionary file: cstrike\addons\amxmodx\data\lang\gold_weapons.txt
L 01/16/2022 - 16:52:35: [admin.amxx] Login: "Ricky_Khats<2><STEAM_0:0:2007752829><>" became an admin (account "Ricky_Khats") (access "abcdefghijklmnopqrstuv") (address "26.73.233.1")
L 01/16/2022 - 17:10:34: [mapchooser.amxx] Vote: Voting for the nextmap started
L 01/16/2022 - 17:10:49: [mapchooser.amxx] Vote: Voting for the nextmap finished. The nextmap will be surf_green
L 01/16/2022 - 17:12:43: -------- Mapchange to surf_green --------
L 01/16/2022 - 17:12:44: [AMXX] Failed to open dictionary file: cstrike\addons\amxmodx\data\lang\gold_weapons.txt
L 01/16/2022 - 17:12:44: [AMXX] Failed to open dictionary file: cstrike\addons\amxmodx\data\lang\gold_weapons.txt
L 01/16/2022 - 17:12:44: [AMXX] Failed to open dictionary file: cstrike\addons\amxmodx\data\lang\gold_weapons.txt
L 01/16/2022 - 17:15:47: [admin.amxx] Login: "Ricky_Khats<3><STEAM_0:0:2007752829><>" became an admin (account "Ricky_Khats") (access "abcdefghijklmnopqrstuv") (address "26.73.233.1")
L 01/16/2022 - 17:16:18: -------- Mapchange to surf_green --------
L 01/16/2022 - 17:16:19: [AMXX] Failed to open dictionary file: cstrike\addons\amxmodx\data\lang\gold_weapons.txt
L 01/16/2022 - 17:16:19: [AMXX] Failed to open dictionary file: cstrike\addons\amxmodx\data\lang\gold_weapons.txt
L 01/16/2022 - 17:16:19: [AMXX] Failed to open dictionary file: cstrike\addons\amxmodx\data\lang\gold_weapons.txt
L 01/16/2022 - 17:16:20: [admin.amxx] Login: "Ricky_Khats<3><STEAM_0:0:2007752829><>" became an admin (account "Ricky_Khats") (access "abcdefghijklmnopqrstuv") (address "26.73.233.1")
L 01/16/2022 - 17:19:18: -------- Mapchange to surf_green --------
L 01/16/2022 - 17:19:19: [AMXX] Failed to open dictionary file: cstrike\addons\amxmodx\data\lang\gold_weapons.txt
L 01/16/2022 - 17:19:19: [AMXX] Failed to open dictionary file: cstrike\addons\amxmodx\data\lang\gold_weapons.txt
L 01/16/2022 - 17:19:19: [AMXX] Failed to open dictionary file: cstrike\addons\amxmodx\data\lang\gold_weapons.txt
L 01/16/2022 - 17:19:20: [admin.amxx] Login: "Ricky_Khats<3><STEAM_0:0:2007752829><>" became an admin (account "Ricky_Khats") (access "abcdefghijklmnopqrstuv") (address "26.73.233.1")
L 01/16/2022 - 17:21:11: -------- Mapchange to surf_green --------
L 01/16/2022 - 17:21:12: [AMXX] Failed to open dictionary file: cstrike\addons\amxmodx\data\lang\gold_weapons.txt
L 01/16/2022 - 17:21:12: [AMXX] Failed to open dictionary file: cstrike\addons\amxmodx\data\lang\gold_weapons.txt
L 01/16/2022 - 17:21:12: [AMXX] Failed to open dictionary file: cstrike\addons\amxmodx\data\lang\gold_weapons.txt
L 01/16/2022 - 17:21:13: [admin.amxx] Login: "Ricky_Khats<3><STEAM_0:0:2007752829><>" became an admin (account "Ricky_Khats") (access "abcdefghijklmnopqrstuv") (address "26.73.233.1")
L 01/16/2022 - 17:39:12: [mapchooser.amxx] Vote: Voting for the nextmap started
L 01/16/2022 - 17:39:27: [mapchooser.amxx] Vote: Voting for the nextmap finished. The nextmap will be surf_ski_2
L 01/16/2022 - 17:40:10: [admin.amxx] Login: "Ricky_Khats<4><STEAM_0:0:2007752829><>" became an admin (account "Ricky_Khats") (access "abcdefghijklmnopqrstuv") (address "26.73.233.1")
L 01/16/2022 - 17:40:21: -------- Mapchange to surf_green --------
L 01/16/2022 - 17:40:22: [AMXX] Failed to open dictionary file: cstrike\addons\amxmodx\data\lang\gold_weapons.txt
L 01/16/2022 - 17:40:22: [AMXX] Failed to open dictionary file: cstrike\addons\amxmodx\data\lang\gold_weapons.txt
L 01/16/2022 - 17:40:22: [AMXX] Failed to open dictionary file: cstrike\addons\amxmodx\data\lang\gold_weapons.txt
L 01/16/2022 - 17:40:23: [admin.amxx] Login: "Ricky_Khats<4><STEAM_0:0:2007752829><>" became an admin (account "Ricky_Khats") (access "abcdefghijklmnopqrstuv") (address "26.73.233.1")
L 01/16/2022 - 17:41:36: -------- Mapchange to surf_green --------
L 01/16/2022 - 17:41:37: [AMXX] Failed to open dictionary file: cstrike\addons\amxmodx\data\lang\gold_weapons.txt
L 01/16/2022 - 17:41:37: [AMXX] Failed to open dictionary file: cstrike\addons\amxmodx\data\lang\gold_weapons.txt
L 01/16/2022 - 17:41:37: [AMXX] Failed to open dictionary file: cstrike\addons\amxmodx\data\lang\gold_weapons.txt
L 01/16/2022 - 17:41:37: [admin.amxx] Login: "Ricky_Khats<4><STEAM_0:0:2007752829><>" became an admin (account "Ricky_Khats") (access "abcdefghijklmnopqrstuv") (address "26.73.233.1")
L 01/16/2022 - 17:43:13: -------- Mapchange to surf_green --------
L 01/16/2022 - 17:43:14: [AMXX] Failed to open dictionary file: cstrike\addons\amxmodx\data\lang\gold_weapons.txt
L 01/16/2022 - 17:43:14: [AMXX] Failed to open dictionary file: cstrike\addons\amxmodx\data\lang\gold_weapons.txt
L 01/16/2022 - 17:43:14: [AMXX] Failed to open dictionary file: cstrike\addons\amxmodx\data\lang\gold_weapons.txt
L 01/16/2022 - 17:43:15: [admin.amxx] Login: "Ricky_Khats<4><STEAM_0:0:2007752829><>" became an admin (account "Ricky_Khats") (access "abcdefghijklmnopqrstuv") (address "26.73.233.1")
L 01/16/2022 - 17:59:47: [admin.amxx] Login: "Ricky_Khats<5><STEAM_0:0:2007752829><>" became an admin (account "Ricky_Khats") (access "abcdefghijklmnopqrstuv") (address "26.73.233.1")
L 01/16/2022 - 17:59:58: -------- Mapchange to surf_green --------
L 01/16/2022 - 17:59:59: [AMXX] Failed to open dictionary file: cstrike\addons\amxmodx\data\lang\gold_weapons.txt
L 01/16/2022 - 17:59:59: [AMXX] Failed to open dictionary file: cstrike\addons\amxmodx\data\lang\gold_weapons.txt
L 01/16/2022 - 17:59:59: [AMXX] Failed to open dictionary file: cstrike\addons\amxmodx\data\lang\gold_weapons.txt
L 01/16/2022 - 18:00:00: [admin.amxx] Login: "Ricky_Khats<5><STEAM_0:0:2007752829><>" became an admin (account "Ricky_Khats") (access "abcdefghijklmnopqrstuv") (address "26.73.233.1")
L 01/16/2022 - 18:13:55: [admin.amxx] Login: "Ricky_Khats<6><STEAM_0:0:2007752829><>" became an admin (account "Ricky_Khats") (access "abcdefghijklmnopqrstuv") (address "26.73.233.1")
L 01/16/2022 - 18:14:08: -------- Mapchange to surf_green --------
L 01/16/2022 - 18:14:09: [AMXX] Failed to open dictionary file: cstrike\addons\amxmodx\data\lang\gold_weapons.txt
L 01/16/2022 - 18:14:09: [AMXX] Failed to open dictionary file: cstrike\addons\amxmodx\data\lang\gold_weapons.txt
L 01/16/2022 - 18:14:09: [AMXX] Failed to open dictionary file: cstrike\addons\amxmodx\data\lang\gold_weapons.txt
L 01/16/2022 - 18:14:10: [admin.amxx] Login: "Ricky_Khats<6><STEAM_0:0:2007752829><>" became an admin (account "Ricky_Khats") (access "abcdefghijklmnopqrstuv") (address "26.73.233.1")
L 01/16/2022 - 18:18:14: -------- Mapchange to surf_green --------
L 01/16/2022 - 18:18:15: [AMXX] Failed to open dictionary file: cstrike\addons\amxmodx\data\lang\gold_weapons.txt
L 01/16/2022 - 18:18:15: [AMXX] Failed to open dictionary file: cstrike\addons\amxmodx\data\lang\gold_weapons.txt
L 01/16/2022 - 18:18:15: [AMXX] Failed to open dictionary file: cstrike\addons\amxmodx\data\lang\gold_weapons.txt
L 01/16/2022 - 18:18:16: [admin.amxx] Login: "Ricky_Khats<6><STEAM_0:0:2007752829><>" became an admin (account "Ricky_Khats") (access "abcdefghijklmnopqrstuv") (address "26.73.233.1")
L 01/16/2022 - 18:28:36: -------- Mapchange to surf_green --------
L 01/16/2022 - 18:28:37: [AMXX] Failed to open dictionary file: cstrike\addons\amxmodx\data\lang\gold_weapons.txt
L 01/16/2022 - 18:28:37: [AMXX] Failed to open dictionary file: cstrike\addons\amxmodx\data\lang\gold_weapons.txt
L 01/16/2022 - 18:28:37: [AMXX] Failed to open dictionary file: cstrike\addons\amxmodx\data\lang\gold_weapons.txt
L 01/16/2022 - 18:28:37: [admin.amxx] Login: "Ricky_Khats<6><STEAM_0:0:2007752829><>" became an admin (account "Ricky_Khats") (access "abcdefghijklmnopqrstuv") (address "26.73.233.1")
L 01/16/2022 - 18:44:12: [admin.amxx] Login: "Ricky_Khats<7><STEAM_0:0:2007752829><>" became an admin (account "Ricky_Khats") (access "abcdefghijklmnopqrstuv") (address "26.73.233.1")
L 01/16/2022 - 18:46:36: [mapchooser.amxx] Vote: Voting for the nextmap started
L 01/16/2022 - 18:46:51: [mapchooser.amxx] Vote: Voting for the nextmap finished. The nextmap will be surf_dark_day
L 01/16/2022 - 18:48:46: -------- Mapchange to surf_dark_day --------
L 01/16/2022 - 18:48:47: [AMXX] Failed to open dictionary file: cstrike\addons\amxmodx\data\lang\gold_weapons.txt
L 01/16/2022 - 18:48:47: [AMXX] Failed to open dictionary file: cstrike\addons\amxmodx\data\lang\gold_weapons.txt
L 01/16/2022 - 18:48:47: [AMXX] Failed to open dictionary file: cstrike\addons\amxmodx\data\lang\gold_weapons.txt
L 01/16/2022 - 18:48:47: [admin.amxx] Login: "Ricky_Khats<7><STEAM_0:0:2007752829><>" became an admin (account "Ricky_Khats") (access "abcdefghijklmnopqrstuv") (address "26.73.233.1")
L 01/16/2022 - 18:50:18: -------- Mapchange to surf_dark_day --------
L 01/16/2022 - 18:50:20: [AMXX] Failed to open dictionary file: cstrike\addons\amxmodx\data\lang\gold_weapons.txt
L 01/16/2022 - 18:50:20: [AMXX] Failed to open dictionary file: cstrike\addons\amxmodx\data\lang\gold_weapons.txt
L 01/16/2022 - 18:50:20: [AMXX] Failed to open dictionary file: cstrike\addons\amxmodx\data\lang\gold_weapons.txt
L 01/16/2022 - 18:50:20: [admin.amxx] Login: "Ricky_Khats<7><STEAM_0:0:2007752829><>" became an admin (account "Ricky_Khats") (access "abcdefghijklmnopqrstuv") (address "26.73.233.1")
L 01/16/2022 - 19:00:15: -------- Mapchange to surf_dark_day --------
L 01/16/2022 - 19:00:16: [AMXX] Failed to open dictionary file: cstrike\addons\amxmodx\data\lang\gold_weapons.txt
L 01/16/2022 - 19:00:16: [AMXX] Failed to open dictionary file: cstrike\addons\amxmodx\data\lang\gold_weapons.txt
L 01/16/2022 - 19:00:16: [AMXX] Failed to open dictionary file: cstrike\addons\amxmodx\data\lang\gold_weapons.txt
L 01/16/2022 - 19:00:17: [admin.amxx] Login: "Ricky_Khats<7><STEAM_0:0:2007752829><>" became an admin (account "Ricky_Khats") (access "abcdefghijklmnopqrstuv") (address "26.73.233.1")
L 01/16/2022 - 19:04:32: -------- Mapchange to surf_dark_day --------
L 01/16/2022 - 19:04:34: [AMXX] Failed to open dictionary file: cstrike\addons\amxmodx\data\lang\gold_weapons.txt
L 01/16/2022 - 19:04:34: [AMXX] Failed to open dictionary file: cstrike\addons\amxmodx\data\lang\gold_weapons.txt
L 01/16/2022 - 19:04:34: [AMXX] Failed to open dictionary file: cstrike\addons\amxmodx\data\lang\gold_weapons.txt
L 01/16/2022 - 19:04:34: [admin.amxx] Login: "Ricky_Khats<7><STEAM_0:0:2007752829><>" became an admin (account "Ricky_Khats") (access "abcdefghijklmnopqrstuv") (address "26.73.233.1")
L 01/16/2022 - 19:04:55: -------- Mapchange to surf_dark_day --------
L 01/16/2022 - 19:04:56: [AMXX] Failed to open dictionary file: cstrike\addons\amxmodx\data\lang\gold_weapons.txt
L 01/16/2022 - 19:04:56: [AMXX] Failed to open dictionary file: cstrike\addons\amxmodx\data\lang\gold_weapons.txt
L 01/16/2022 - 19:04:56: [AMXX] Failed to open dictionary file: cstrike\addons\amxmodx\data\lang\gold_weapons.txt
L 01/16/2022 - 19:04:56: [admin.amxx] Login: "Ricky_Khats<7><STEAM_0:0:2007752829><>" became an admin (account "Ricky_Khats") (access "abcdefghijklmnopqrstuv") (address "26.73.233.1")
L 01/16/2022 - 19:22:56: [mapchooser.amxx] Vote: Voting for the nextmap started
L 01/16/2022 - 19:23:11: [mapchooser.amxx] Vote: Voting for the nextmap finished. The nextmap will be surf_ski_2
L 01/16/2022 - 19:25:05: -------- Mapchange to surf_ski_2 --------
L 01/16/2022 - 19:25:06: [AMXX] Failed to open dictionary file: cstrike\addons\amxmodx\data\lang\gold_weapons.txt
L 01/16/2022 - 19:25:06: [AMXX] Failed to open dictionary file: cstrike\addons\amxmodx\data\lang\gold_weapons.txt
L 01/16/2022 - 19:25:06: [AMXX] Failed to open dictionary file: cstrike\addons\amxmodx\data\lang\gold_weapons.txt
L 01/16/2022 - 19:43:05: [mapchooser.amxx] Vote: Voting for the nextmap started
L 01/16/2022 - 19:43:20: [mapchooser.amxx] Vote: Voting for the nextmap finished. The nextmap will be surf_ski_4
L 01/16/2022 - 19:45:14: -------- Mapchange to surf_ski_4 --------
L 01/16/2022 - 19:45:15: [AMXX] Failed to open dictionary file: cstrike\addons\amxmodx\data\lang\gold_weapons.txt
L 01/16/2022 - 19:45:15: [AMXX] Failed to open dictionary file: cstrike\addons\amxmodx\data\lang\gold_weapons.txt
L 01/16/2022 - 19:45:15: [AMXX] Failed to open dictionary file: cstrike\addons\amxmodx\data\lang\gold_weapons.txt
L 01/16/2022 - 20:49:42: [mapchooser.amxx] Vote: Voting for the nextmap started
L 01/16/2022 - 20:49:57: [mapchooser.amxx] Vote: Voting for the nextmap finished. The nextmap will be surf_south
L 01/16/2022 - 20:51:51: -------- Mapchange to surf_south --------
L 01/16/2022 - 20:51:52: [AMXX] Failed to open dictionary file: cstrike\addons\amxmodx\data\lang\gold_weapons.txt
L 01/16/2022 - 20:51:52: [AMXX] Failed to open dictionary file: cstrike\addons\amxmodx\data\lang\gold_weapons.txt
L 01/16/2022 - 20:51:52: [AMXX] Failed to open dictionary file: cstrike\addons\amxmodx\data\lang\gold_weapons.txt
L 01/16/2022 - 21:09:51: [mapchooser.amxx] Vote: Voting for the nextmap started
L 01/16/2022 - 21:10:06: [mapchooser.amxx] Vote: Voting for the nextmap finished. The nextmap will be surf_winter_final
L 01/16/2022 - 21:12:00: -------- Mapchange to surf_winter_final --------
L 01/16/2022 - 21:12:01: [AMXX] Failed to open dictionary file: cstrike\addons\amxmodx\data\lang\gold_weapons.txt
L 01/16/2022 - 21:12:01: [AMXX] Failed to open dictionary file: cstrike\addons\amxmodx\data\lang\gold_weapons.txt
L 01/16/2022 - 21:12:01: [AMXX] Failed to open dictionary file: cstrike\addons\amxmodx\data\lang\gold_weapons.txt
L 01/16/2022 - 21:30:00: [mapchooser.amxx] Vote: Voting for the nextmap started
L 01/16/2022 - 21:30:15: [mapchooser.amxx] Vote: Voting for the nextmap finished. The nextmap will be surf_0newage
L 01/16/2022 - 21:32:09: -------- Mapchange to surf_0newage --------
L 01/16/2022 - 21:32:10: [AMXX] Failed to open dictionary file: cstrike\addons\amxmodx\data\lang\gold_weapons.txt
L 01/16/2022 - 21:32:10: [AMXX] Failed to open dictionary file: cstrike\addons\amxmodx\data\lang\gold_weapons.txt
L 01/16/2022 - 21:32:10: [AMXX] Failed to open dictionary file: cstrike\addons\amxmodx\data\lang\gold_weapons.txt
L 01/16/2022 - 21:50:09: [mapchooser.amxx] Vote: Voting for the nextmap started
L 01/16/2022 - 21:50:24: [mapchooser.amxx] Vote: Voting for the nextmap finished. The nextmap will be surf_2kill
L 01/16/2022 - 21:52:19: -------- Mapchange to surf_2kill --------
L 01/16/2022 - 21:52:19: [AMXX] Failed to open dictionary file: cstrike\addons\amxmodx\data\lang\gold_weapons.txt
L 01/16/2022 - 21:52:19: [AMXX] Failed to open dictionary file: cstrike\addons\amxmodx\data\lang\gold_weapons.txt
L 01/16/2022 - 21:52:19: [AMXX] Failed to open dictionary file: cstrike\addons\amxmodx\data\lang\gold_weapons.txt
L 01/16/2022 - 22:11:40: [mapchooser.amxx] Vote: Voting for the nextmap started
L 01/16/2022 - 22:11:56: [mapchooser.amxx] Vote: Voting for the nextmap finished. The nextmap will be surf_crystals
L 01/16/2022 - 22:13:50: -------- Mapchange to surf_crystals --------
L 01/16/2022 - 22:13:50: [AMXX] Failed to open dictionary file: cstrike\addons\amxmodx\data\lang\gold_weapons.txt
L 01/16/2022 - 22:13:50: [AMXX] Failed to open dictionary file: cstrike\addons\amxmodx\data\lang\gold_weapons.txt
L 01/16/2022 - 22:13:50: [AMXX] Failed to open dictionary file: cstrike\addons\amxmodx\data\lang\gold_weapons.txt
L 01/16/2022 - 22:55:19: [mapchooser.amxx] Vote: Voting for the nextmap started
L 01/16/2022 - 22:55:34: [mapchooser.amxx] Vote: Voting for the nextmap finished. The nextmap will be surf_dark_day
L 01/16/2022 - 22:57:28: -------- Mapchange to surf_dark_day --------
L 01/16/2022 - 22:57:29: [AMXX] Failed to open dictionary file: cstrike\addons\amxmodx\data\lang\gold_weapons.txt
L 01/16/2022 - 22:57:29: [AMXX] Failed to open dictionary file: cstrike\addons\amxmodx\data\lang\gold_weapons.txt
L 01/16/2022 - 22:57:29: [AMXX] Failed to open dictionary file: cstrike\addons\amxmodx\data\lang\gold_weapons.txt
L 01/16/2022 - 23:08:38: [rpg_mod.amxx] missing settings for 1
L 01/16/2022 - 23:08:38: [admin.amxx] Login: "MAMON<8><STEAM_0:0:1639286929><>" kicked due to invalid password (account "MAMON") (address "25.46.137.237")
L 01/16/2022 - 23:08:49: [rpg_mod.amxx] missing settings for 1
L 01/16/2022 - 23:08:49: [admin.amxx] Login: "MAMON<9><STEAM_0:0:1639286929><>" became an admin (account "MAMON") (access "abcdefghijklmnopqrstuv") (address "25.46.137.237")
L 01/16/2022 - 23:09:41: [rpg_mod.amxx] missing settings for 1
L 01/16/2022 - 23:09:41: [admin.amxx] Login: "MAMON<10><STEAM_0:0:1639286929><>" became an admin (account "MAMON") (access "abcdefghijklmnopqrstuv") (address "25.46.137.237")
L 01/16/2022 - 23:10:07: [mapsmenu.amxx] Cmd: "MAMON<10><STEAM_0:0:1639286929><>" changelevel "surf_ski_4"
L 01/16/2022 - 23:10:09: -------- Mapchange to surf_ski_4 --------
L 01/16/2022 - 23:10:10: [AMXX] Failed to open dictionary file: cstrike\addons\amxmodx\data\lang\gold_weapons.txt
L 01/16/2022 - 23:10:10: [AMXX] Failed to open dictionary file: cstrike\addons\amxmodx\data\lang\gold_weapons.txt
L 01/16/2022 - 23:10:10: [AMXX] Failed to open dictionary file: cstrike\addons\amxmodx\data\lang\gold_weapons.txt
L 01/16/2022 - 23:10:11: [rpg_mod.amxx] missing settings for 1
L 01/16/2022 - 23:10:11: [admin.amxx] Login: "MAMON<10><STEAM_0:0:1639286929><>" became an admin (account "MAMON") (access "abcdefghijklmnopqrstuv") (address "25.46.137.237")
