L 12/29/2021 - 00:05:11: [GEOIP] Could not find GeoIP2 databases. Disabled natives.
L 12/29/2021 - 00:05:12: client_disconnected and client_remove forwards have been disabled - check your gamedata files.
L 12/29/2021 - 00:05:12: Binding/Hooking cvars have been disabled - check your gamedata files.
L 12/29/2021 - 00:05:14: -------- Mapchange to as_oilrig --------
L 12/29/2021 - 00:05:15: [CSTRIKE] GiveDefaultItems is not available - native cs_set_no_knives has been disabled
L 12/29/2021 - 00:05:15: [CSTRIKE] UTIL_FindEntByString is not available - native cs_find_ent_by_class() has been disabled
L 12/29/2021 - 00:05:15: [CSTRIKE] AddEntityHashValue or RemoveEntityHashValue is not available - native cs_set_ent_class() has been disabled
L 12/29/2021 - 00:05:15: [CSTRIKE] sv global variable is not available
L 12/29/2021 - 00:05:16: [AMXX] Plugin "scarface_system.amxx" failed to load: Plugin uses an unknown function (name "rpg_get_lvl") - check your modules.ini.
L 12/29/2021 - 00:07:00: [admin.amxx] Login: "Ricky<1><STEAM_ID_LAN><>" became an admin (account "loopback") (access "abcdefghijklmnopqrstuv") (address "loopback")
L 12/29/2021 - 00:07:03: [admin.amxx] Login: "Ricky<1><STEAM_ID_LAN><>" became an admin (account "loopback") (access "abcdefghijklmnopqrstuv") (address "loopback")
L 12/29/2021 - 00:08:22: [rpg_mod_impulse.amxx] ADMIN Ricky used cmd [ amx_rpg_lvl @all = 1000 ], affected players: 31
L 12/29/2021 - 00:09:48: -------- Mapchange to as_oilrig --------
L 12/29/2021 - 00:09:48: [AMXX] Plugin "scarface_system.amxx" failed to load: Plugin uses an unknown function (name "rpg_get_lvl") - check your modules.ini.
L 12/29/2021 - 00:09:49: [admin.amxx] Login: "Ricky<32><STEAM_ID_LAN><>" became an admin (account "loopback") (access "abcdefghijklmnopqrstuv") (address "loopback")
L 12/29/2021 - 00:09:50: [admin.amxx] Login: "Ricky<32><STEAM_ID_LAN><>" became an admin (account "loopback") (access "abcdefghijklmnopqrstuv") (address "loopback")
L 12/29/2021 - 00:27:53: [mapchooser.amxx] Vote: Voting for the nextmap started
L 12/29/2021 - 00:28:08: [mapchooser.amxx] Vote: Voting for the nextmap finished. The nextmap will be cs_havana
L 12/29/2021 - 00:31:28: -------- Mapchange to cs_havana --------
L 12/29/2021 - 00:31:28: [AMXX] Plugin "scarface_system.amxx" failed to load: Plugin uses an unknown function (name "rpg_get_lvl") - check your modules.ini.
L 12/29/2021 - 00:31:30: [admin.amxx] Login: "Ricky<32><STEAM_ID_LAN><>" became an admin (account "loopback") (access "abcdefghijklmnopqrstuv") (address "loopback")
L 12/29/2021 - 00:31:35: [admin.amxx] Login: "Ricky<32><STEAM_ID_LAN><>" became an admin (account "loopback") (access "abcdefghijklmnopqrstuv") (address "loopback")
L 12/29/2021 - 00:36:25: -------- Mapchange to cs_havana --------
L 12/29/2021 - 00:36:25: [AMXX] Plugin "scarface_system.amxx" failed to load: Plugin uses an unknown function (name "rpg_get_lvl") - check your modules.ini.
L 12/29/2021 - 00:36:27: [admin.amxx] Login: "Ricky<93><STEAM_ID_LAN><>" became an admin (account "loopback") (access "abcdefghijklmnopqrstuv") (address "loopback")
L 12/29/2021 - 00:36:28: [admin.amxx] Login: "Ricky<93><STEAM_ID_LAN><>" became an admin (account "loopback") (access "abcdefghijklmnopqrstuv") (address "loopback")
L 12/29/2021 - 00:37:02: -------- Mapchange to cs_havana --------
L 12/29/2021 - 00:37:04: [AMXX] Failed to open dictionary file: cstrike\addons\amxmodx\data\lang\grab_plus.txt
L 12/29/2021 - 00:37:04: [admin.amxx] Login: "Ricky<124><STEAM_ID_LAN><>" became an admin (account "loopback") (access "abcdefghijklmnopqrstuv") (address "loopback")
L 12/29/2021 - 00:37:06: [admin.amxx] Login: "Ricky<124><STEAM_ID_LAN><>" became an admin (account "loopback") (access "abcdefghijklmnopqrstuv") (address "loopback")
L 12/29/2021 - 00:37:19: -------- Mapchange to cs_havana --------
L 12/29/2021 - 00:37:19: [AMXX] Failed to open dictionary file: cstrike\addons\amxmodx\data\lang\grab_plus.txt
L 12/29/2021 - 00:37:20: [admin.amxx] Login: "Ricky<155><STEAM_ID_LAN><>" became an admin (account "loopback") (access "abcdefghijklmnopqrstuv") (address "loopback")
L 12/29/2021 - 00:37:21: [admin.amxx] Login: "Ricky<155><STEAM_ID_LAN><>" became an admin (account "loopback") (access "abcdefghijklmnopqrstuv") (address "loopback")
L 12/29/2021 - 15:17:55: [GEOIP] Could not find GeoIP2 databases. Disabled natives.
L 12/29/2021 - 15:17:56: client_disconnected and client_remove forwards have been disabled - check your gamedata files.
L 12/29/2021 - 15:17:56: Binding/Hooking cvars have been disabled - check your gamedata files.
L 12/29/2021 - 15:17:57: -------- Mapchange to as_oilrig --------
L 12/29/2021 - 15:17:57: [CSTRIKE] GiveDefaultItems is not available - native cs_set_no_knives has been disabled
L 12/29/2021 - 15:17:57: [CSTRIKE] UTIL_FindEntByString is not available - native cs_find_ent_by_class() has been disabled
L 12/29/2021 - 15:17:57: [CSTRIKE] AddEntityHashValue or RemoveEntityHashValue is not available - native cs_set_ent_class() has been disabled
L 12/29/2021 - 15:17:57: [CSTRIKE] sv global variable is not available
L 12/29/2021 - 15:18:07: [AMXX] Failed to open dictionary file: cstrike\addons\amxmodx\data\lang\grab_plus.txt
L 12/29/2021 - 15:18:30: [rpg_mod.amxx] SQL Error: Can't connect to MySQL server on 'db3.myarena.ru' (10060) (2003)
L 12/29/2021 - 15:18:30: [admin.amxx] Login: "Ricky<1><STEAM_ID_LAN><>" became an admin (account "loopback") (access "abcdefghijklmnopqrstuv") (address "loopback")
L 12/29/2021 - 15:18:34: [admin.amxx] Login: "Ricky<1><STEAM_ID_LAN><>" became an admin (account "loopback") (access "abcdefghijklmnopqrstuv") (address "loopback")
L 12/29/2021 - 15:22:02: [mapsmenu.amxx] Cmd: "Ricky<1><STEAM_ID_LAN><>" changelevel "de_dust2"
L 12/29/2021 - 15:22:04: -------- Mapchange to de_dust2 --------
L 12/29/2021 - 15:22:09: [AMXX] Failed to open dictionary file: cstrike\addons\amxmodx\data\lang\grab_plus.txt
L 12/29/2021 - 15:22:14: [admin.amxx] Login: "Ricky<1><STEAM_ID_LAN><>" became an admin (account "loopback") (access "abcdefghijklmnopqrstuv") (address "loopback")
L 12/29/2021 - 15:22:35: [rpg_mod.amxx] SQL Error: Can't connect to MySQL server on 'db3.myarena.ru' (10060) (2003)
L 12/29/2021 - 15:22:55: [admin.amxx] Login: "Ricky<1><STEAM_ID_LAN><>" became an admin (account "loopback") (access "abcdefghijklmnopqrstuv") (address "loopback")
L 12/29/2021 - 15:26:44: -------- Mapchange to de_dust2 --------
L 12/29/2021 - 15:26:49: [AMXX] Failed to open dictionary file: cstrike\addons\amxmodx\data\lang\grab_plus.txt
L 12/29/2021 - 15:27:13: [rpg_mod.amxx] SQL Error: Can't connect to MySQL server on 'db3.myarena.ru' (10060) (2003)
L 12/29/2021 - 15:27:13: [admin.amxx] Login: "Ricky<19><STEAM_ID_LAN><>" became an admin (account "loopback") (access "abcdefghijklmnopqrstuv") (address "loopback")
L 12/29/2021 - 15:27:29: [admin.amxx] Login: "Ricky<19><STEAM_ID_LAN><>" became an admin (account "loopback") (access "abcdefghijklmnopqrstuv") (address "loopback")
L 12/29/2021 - 15:54:37: [GEOIP] Could not find GeoIP2 databases. Disabled natives.
L 12/29/2021 - 15:54:38: client_disconnected and client_remove forwards have been disabled - check your gamedata files.
L 12/29/2021 - 15:54:38: Binding/Hooking cvars have been disabled - check your gamedata files.
L 12/29/2021 - 15:54:38: -------- Mapchange to as_oilrig --------
L 12/29/2021 - 15:54:39: [CSTRIKE] GiveDefaultItems is not available - native cs_set_no_knives has been disabled
L 12/29/2021 - 15:54:39: [CSTRIKE] UTIL_FindEntByString is not available - native cs_find_ent_by_class() has been disabled
L 12/29/2021 - 15:54:39: [CSTRIKE] AddEntityHashValue or RemoveEntityHashValue is not available - native cs_set_ent_class() has been disabled
L 12/29/2021 - 15:54:39: [CSTRIKE] sv global variable is not available
L 12/29/2021 - 15:54:57: [AMXX] Failed to open dictionary file: cstrike\addons\amxmodx\data\lang\grab_plus.txt
L 12/29/2021 - 15:55:19: [rpg_mod.amxx] SQL Error: Can't connect to MySQL server on 'db3.myarena.ru' (10060) (2003)
L 12/29/2021 - 15:55:19: [admin.amxx] Login: "Ricky<1><STEAM_ID_LAN><>" became an admin (account "loopback") (access "abcdefghijklmnopqrstuv") (address "loopback")
L 12/29/2021 - 15:55:23: [admin.amxx] Login: "Ricky<1><STEAM_ID_LAN><>" became an admin (account "loopback") (access "abcdefghijklmnopqrstuv") (address "loopback")
L 12/29/2021 - 15:57:30: [mapsmenu.amxx] Cmd: "Ricky<1><STEAM_ID_LAN><>" changelevel "de_dust2"
L 12/29/2021 - 15:57:32: -------- Mapchange to de_dust2 --------
L 12/29/2021 - 15:57:33: [AMXX] Failed to open dictionary file: cstrike\addons\amxmodx\data\lang\grab_plus.txt
L 12/29/2021 - 15:57:33: [admin.amxx] Login: "Ricky<1><STEAM_ID_LAN><>" became an admin (account "loopback") (access "abcdefghijklmnopqrstuv") (address "loopback")
L 12/29/2021 - 15:57:54: [rpg_mod.amxx] SQL Error: Can't connect to MySQL server on 'db3.myarena.ru' (10060) (2003)
L 12/29/2021 - 15:57:57: [admin.amxx] Login: "Ricky<1><STEAM_ID_LAN><>" became an admin (account "loopback") (access "abcdefghijklmnopqrstuv") (address "loopback")
L 12/29/2021 - 15:59:10: -------- Mapchange to de_dust2 --------
L 12/29/2021 - 15:59:10: [AMXX] Failed to open dictionary file: cstrike\addons\amxmodx\data\lang\grab_plus.txt
L 12/29/2021 - 15:59:32: [rpg_mod.amxx] SQL Error: Can't connect to MySQL server on 'db3.myarena.ru' (10060) (2003)
L 12/29/2021 - 15:59:32: [admin.amxx] Login: "Ricky<8><STEAM_ID_LAN><>" became an admin (account "loopback") (access "abcdefghijklmnopqrstuv") (address "loopback")
L 12/29/2021 - 15:59:41: [admin.amxx] Login: "Ricky<8><STEAM_ID_LAN><>" became an admin (account "loopback") (access "abcdefghijklmnopqrstuv") (address "loopback")
L 12/29/2021 - 15:59:51: -------- Mapchange to de_dust2 --------
L 12/29/2021 - 15:59:51: [AMXX] Failed to open dictionary file: cstrike\addons\amxmodx\data\lang\grab_plus.txt
L 12/29/2021 - 16:00:13: [rpg_mod.amxx] SQL Error: Can't connect to MySQL server on 'db3.myarena.ru' (10060) (2003)
L 12/29/2021 - 16:00:13: [admin.amxx] Login: "Ricky<12><STEAM_ID_LAN><>" became an admin (account "loopback") (access "abcdefghijklmnopqrstuv") (address "loopback")
L 12/29/2021 - 16:00:28: [admin.amxx] Login: "Ricky<12><STEAM_ID_LAN><>" became an admin (account "loopback") (access "abcdefghijklmnopqrstuv") (address "loopback")
L 12/29/2021 - 16:01:44: -------- Mapchange to de_dust2 --------
L 12/29/2021 - 16:01:44: [AMXX] Failed to open dictionary file: cstrike\addons\amxmodx\data\lang\grab_plus.txt
L 12/29/2021 - 16:02:06: [rpg_mod.amxx] SQL Error: Can't connect to MySQL server on 'db3.myarena.ru' (10060) (2003)
L 12/29/2021 - 16:02:06: [admin.amxx] Login: "Ricky<16><STEAM_ID_LAN><>" became an admin (account "loopback") (access "abcdefghijklmnopqrstuv") (address "loopback")
L 12/29/2021 - 16:02:12: [admin.amxx] Login: "Ricky<16><STEAM_ID_LAN><>" became an admin (account "loopback") (access "abcdefghijklmnopqrstuv") (address "loopback")
