L 12/23/2021 - 19:27:03: [GEOIP] Could not find GeoIP2 databases. Disabled natives.
L 12/23/2021 - 19:27:04: client_disconnected and client_remove forwards have been disabled - check your gamedata files.
L 12/23/2021 - 19:27:04: Binding/Hooking cvars have been disabled - check your gamedata files.
L 12/23/2021 - 19:27:05: -------- Mapchange to de_dust2 --------
L 12/23/2021 - 19:27:05: [CSTRIKE] GiveDefaultItems is not available - native cs_set_no_knives has been disabled
L 12/23/2021 - 19:27:05: [CSTRIKE] UTIL_FindEntByString is not available - native cs_find_ent_by_class() has been disabled
L 12/23/2021 - 19:27:05: [CSTRIKE] AddEntityHashValue or RemoveEntityHashValue is not available - native cs_set_ent_class() has been disabled
L 12/23/2021 - 19:27:05: [CSTRIKE] sv global variable is not available
L 12/23/2021 - 19:27:06: [AMXX] Plugin "scarface_system.amxx" failed to load: Plugin uses an unknown function (name "rpg_set_credits") - check your modules.ini.
L 12/23/2021 - 19:27:15: [admin.amxx] Login: "I <3 CS | [B]KoHTpe<1><STEAM_ID_LAN><>" became an admin (account "loopback") (access "abcdefghijklmnopqrstuv") (address "loopback")
L 12/23/2021 - 19:27:17: [admin.amxx] Login: "I <3 CS | [B]KoHTpe<1><STEAM_ID_LAN><>" became an admin (account "loopback") (access "abcdefghijklmnopqrstuv") (address "loopback")
L 12/23/2021 - 19:29:32: -------- Mapchange to de_dust2 --------
L 12/23/2021 - 19:29:32: [AMXX] Plugin "scarface_system.amxx" failed to load: Plugin uses an unknown function (name "rpg_set_credits") - check your modules.ini.
L 12/23/2021 - 19:29:33: [admin.amxx] Login: "I <3 CS | [B]KoHTpe<2><STEAM_ID_LAN><>" became an admin (account "loopback") (access "abcdefghijklmnopqrstuv") (address "loopback")
L 12/23/2021 - 19:29:33: [admin.amxx] Login: "I <3 CS | [B]KoHTpe<2><STEAM_ID_LAN><>" became an admin (account "loopback") (access "abcdefghijklmnopqrstuv") (address "loopback")
L 12/23/2021 - 19:30:07: -------- Mapchange to de_dust2 --------
L 12/23/2021 - 19:30:07: [AMXX] Plugin "scarface_system.amxx" failed to load: Plugin uses an unknown function (name "rpg_get_credits") - check your modules.ini.
L 12/23/2021 - 19:30:07: [admin.amxx] Login: "I <3 CS | [B]KoHTpe<3><STEAM_ID_LAN><>" became an admin (account "loopback") (access "abcdefghijklmnopqrstuv") (address "loopback")
L 12/23/2021 - 19:30:08: [admin.amxx] Login: "I <3 CS | [B]KoHTpe<3><STEAM_ID_LAN><>" became an admin (account "loopback") (access "abcdefghijklmnopqrstuv") (address "loopback")
L 12/23/2021 - 19:30:50: -------- Mapchange to de_dust2 --------
L 12/23/2021 - 19:30:52: [admin.amxx] Login: "I <3 CS | [B]KoHTpe<4><STEAM_ID_LAN><>" became an admin (account "loopback") (access "abcdefghijklmnopqrstuv") (address "loopback")
L 12/23/2021 - 19:30:52: [admin.amxx] Login: "I <3 CS | [B]KoHTpe<4><STEAM_ID_LAN><>" became an admin (account "loopback") (access "abcdefghijklmnopqrstuv") (address "loopback")
L 12/23/2021 - 19:32:22: -------- Mapchange to de_dust2 --------
L 12/23/2021 - 19:32:22: [admin.amxx] Login: "I <3 CS | [B]KoHTpe<5><STEAM_ID_LAN><>" became an admin (account "loopback") (access "abcdefghijklmnopqrstuv") (address "loopback")
L 12/23/2021 - 19:32:23: [admin.amxx] Login: "I <3 CS | [B]KoHTpe<5><STEAM_ID_LAN><>" became an admin (account "loopback") (access "abcdefghijklmnopqrstuv") (address "loopback")
L 12/23/2021 - 19:50:23: [mapchooser.amxx] Vote: Voting for the nextmap started
L 12/23/2021 - 19:50:38: [mapchooser.amxx] Vote: Voting for the nextmap finished. The nextmap will be as_oilrig
L 12/23/2021 - 19:53:11: -------- Mapchange to de_dust2 --------
L 12/23/2021 - 19:53:12: [admin.amxx] Login: "I <3 CS | [B]KoHTpe<6><STEAM_ID_LAN><>" became an admin (account "loopback") (access "abcdefghijklmnopqrstuv") (address "loopback")
L 12/23/2021 - 19:53:13: [admin.amxx] Login: "I <3 CS | [B]KoHTpe<6><STEAM_ID_LAN><>" became an admin (account "loopback") (access "abcdefghijklmnopqrstuv") (address "loopback")
L 12/23/2021 - 19:55:36: -------- Mapchange to de_dust2 --------
L 12/23/2021 - 20:02:17: [GEOIP] Could not find GeoIP2 databases. Disabled natives.
L 12/23/2021 - 20:02:17: client_disconnected and client_remove forwards have been disabled - check your gamedata files.
L 12/23/2021 - 20:02:17: Binding/Hooking cvars have been disabled - check your gamedata files.
L 12/23/2021 - 20:02:17: -------- Mapchange to de_dust2 --------
L 12/23/2021 - 20:02:17: [CSTRIKE] GiveDefaultItems is not available - native cs_set_no_knives has been disabled
L 12/23/2021 - 20:02:17: [CSTRIKE] UTIL_FindEntByString is not available - native cs_find_ent_by_class() has been disabled
L 12/23/2021 - 20:02:17: [CSTRIKE] AddEntityHashValue or RemoveEntityHashValue is not available - native cs_set_ent_class() has been disabled
L 12/23/2021 - 20:02:17: [CSTRIKE] sv global variable is not available
L 12/23/2021 - 20:02:19: [admin.amxx] Login: "I <3 CS | [B]KoHTpe<1><STEAM_ID_LAN><>" became an admin (account "loopback") (access "abcdefghijklmnopqrstuv") (address "loopback")
L 12/23/2021 - 20:02:20: [admin.amxx] Login: "I <3 CS | [B]KoHTpe<1><STEAM_ID_LAN><>" became an admin (account "loopback") (access "abcdefghijklmnopqrstuv") (address "loopback")
L 12/23/2021 - 20:05:10: -------- Mapchange to de_dust2 --------
L 12/23/2021 - 20:05:11: [admin.amxx] Login: "I <3 CS | [B]KoHTpe<2><STEAM_ID_LAN><>" became an admin (account "loopback") (access "abcdefghijklmnopqrstuv") (address "loopback")
L 12/23/2021 - 20:05:13: [admin.amxx] Login: "I <3 CS | [B]KoHTpe<2><STEAM_ID_LAN><>" became an admin (account "loopback") (access "abcdefghijklmnopqrstuv") (address "loopback")
L 12/23/2021 - 20:07:58: -------- Mapchange to de_dust2 --------
L 12/23/2021 - 20:07:59: [admin.amxx] Login: "I <3 CS | [B]KoHTpe<3><STEAM_ID_LAN><>" became an admin (account "loopback") (access "abcdefghijklmnopqrstuv") (address "loopback")
L 12/23/2021 - 20:08:00: [admin.amxx] Login: "I <3 CS | [B]KoHTpe<3><STEAM_ID_LAN><>" became an admin (account "loopback") (access "abcdefghijklmnopqrstuv") (address "loopback")
L 12/23/2021 - 20:08:36: [GEOIP] Could not find GeoIP2 databases. Disabled natives.
L 12/23/2021 - 20:08:37: client_disconnected and client_remove forwards have been disabled - check your gamedata files.
L 12/23/2021 - 20:08:37: Binding/Hooking cvars have been disabled - check your gamedata files.
L 12/23/2021 - 20:08:37: -------- Mapchange to de_dust2 --------
L 12/23/2021 - 20:08:37: [CSTRIKE] GiveDefaultItems is not available - native cs_set_no_knives has been disabled
L 12/23/2021 - 20:08:37: [CSTRIKE] UTIL_FindEntByString is not available - native cs_find_ent_by_class() has been disabled
L 12/23/2021 - 20:08:37: [CSTRIKE] AddEntityHashValue or RemoveEntityHashValue is not available - native cs_set_ent_class() has been disabled
L 12/23/2021 - 20:08:37: [CSTRIKE] sv global variable is not available
L 12/23/2021 - 20:08:39: [admin.amxx] Login: "I <3 CS | [B]KoHTpe<1><STEAM_ID_LAN><>" became an admin (account "loopback") (access "abcdefghijklmnopqrstuv") (address "loopback")
L 12/23/2021 - 20:08:40: [admin.amxx] Login: "I <3 CS | [B]KoHTpe<1><STEAM_ID_LAN><>" became an admin (account "loopback") (access "abcdefghijklmnopqrstuv") (address "loopback")
L 12/23/2021 - 20:09:03: [plmenu.amxx] Ban: "I <3 CS | [B]KoHTpe<1><STEAM_ID_LAN><>" ban and kick "I <3 CS | [B]KoHTpe<1><STEAM_ID_LAN><>" (minutes "0")
L 12/23/2021 - 20:09:05: [plmenu.amxx] Ban: "I <3 CS | [B]KoHTpe<1><STEAM_ID_LAN><>" ban and kick "I <3 CS | [B]KoHTpe<1><STEAM_ID_LAN><>" (minutes "0")
L 12/23/2021 - 20:09:05: [plmenu.amxx] Ban: "I <3 CS | [B]KoHTpe<1><STEAM_ID_LAN><>" ban and kick "I <3 CS | [B]KoHTpe<1><STEAM_ID_LAN><>" (minutes "0")
L 12/23/2021 - 20:12:27: -------- Mapchange to de_dust2 --------
L 12/23/2021 - 20:12:28: [admin.amxx] Login: "I <3 CS | [B]KoHTpe<2><STEAM_ID_LAN><>" became an admin (account "loopback") (access "abcdefghijklmnopqrstuv") (address "loopback")
L 12/23/2021 - 20:12:28: [admin.amxx] Login: "I <3 CS | [B]KoHTpe<2><STEAM_ID_LAN><>" became an admin (account "loopback") (access "abcdefghijklmnopqrstuv") (address "loopback")
L 12/23/2021 - 20:12:50: -------- Mapchange to de_dust2 --------
L 12/23/2021 - 20:12:50: [admin.amxx] Login: "I <3 CS | [B]KoHTpe<3><STEAM_ID_LAN><>" became an admin (account "loopback") (access "abcdefghijklmnopqrstuv") (address "loopback")
L 12/23/2021 - 20:12:51: [admin.amxx] Login: "I <3 CS | [B]KoHTpe<3><STEAM_ID_LAN><>" became an admin (account "loopback") (access "abcdefghijklmnopqrstuv") (address "loopback")
L 12/23/2021 - 20:30:52: [mapchooser.amxx] Vote: Voting for the nextmap started
L 12/23/2021 - 20:31:07: [mapchooser.amxx] Vote: Voting for the nextmap finished. The nextmap will be de_chateau
L 12/23/2021 - 20:34:57: -------- Mapchange to de_chateau --------
L 12/23/2021 - 20:34:57: [admin.amxx] Login: "I <3 CS | [B]KoHTpe<3><STEAM_ID_LAN><>" became an admin (account "loopback") (access "abcdefghijklmnopqrstuv") (address "loopback")
L 12/23/2021 - 20:34:59: [admin.amxx] Login: "I <3 CS | [B]KoHTpe<3><STEAM_ID_LAN><>" became an admin (account "loopback") (access "abcdefghijklmnopqrstuv") (address "loopback")
L 12/23/2021 - 20:47:26: -------- Mapchange to de_chateau --------
L 12/23/2021 - 20:47:26: [admin.amxx] Login: "I <3 CS | [B]KoHTpe<4><STEAM_ID_LAN><>" became an admin (account "loopback") (access "abcdefghijklmnopqrstuv") (address "loopback")
L 12/23/2021 - 20:47:27: [admin.amxx] Login: "I <3 CS | [B]KoHTpe<4><STEAM_ID_LAN><>" became an admin (account "loopback") (access "abcdefghijklmnopqrstuv") (address "loopback")
L 12/23/2021 - 20:57:34: -------- Mapchange to de_chateau --------
L 12/23/2021 - 20:57:34: [admin.amxx] Login: "I <3 CS | [B]KoHTpe<5><STEAM_ID_LAN><>" became an admin (account "loopback") (access "abcdefghijklmnopqrstuv") (address "loopback")
L 12/23/2021 - 20:57:35: [admin.amxx] Login: "I <3 CS | [B]KoHTpe<5><STEAM_ID_LAN><>" became an admin (account "loopback") (access "abcdefghijklmnopqrstuv") (address "loopback")
L 12/23/2021 - 20:58:06: -------- Mapchange to de_chateau --------
L 12/23/2021 - 20:58:07: [admin.amxx] Login: "I <3 CS | [B]KoHTpe<6><STEAM_ID_LAN><>" became an admin (account "loopback") (access "abcdefghijklmnopqrstuv") (address "loopback")
L 12/23/2021 - 20:58:08: [admin.amxx] Login: "I <3 CS | [B]KoHTpe<6><STEAM_ID_LAN><>" became an admin (account "loopback") (access "abcdefghijklmnopqrstuv") (address "loopback")
L 12/23/2021 - 21:02:36: -------- Mapchange to de_chateau --------
L 12/23/2021 - 21:02:37: [admin.amxx] Login: "I <3 CS | [B]KoHTpe<7><STEAM_ID_LAN><>" became an admin (account "loopback") (access "abcdefghijklmnopqrstuv") (address "loopback")
L 12/23/2021 - 21:02:38: [admin.amxx] Login: "I <3 CS | [B]KoHTpe<7><STEAM_ID_LAN><>" became an admin (account "loopback") (access "abcdefghijklmnopqrstuv") (address "loopback")
L 12/23/2021 - 21:06:55: -------- Mapchange to de_chateau --------
L 12/23/2021 - 21:06:56: [admin.amxx] Login: "I <3 CS | [B]KoHTpe<8><STEAM_ID_LAN><>" became an admin (account "loopback") (access "abcdefghijklmnopqrstuv") (address "loopback")
L 12/23/2021 - 21:06:57: [admin.amxx] Login: "I <3 CS | [B]KoHTpe<8><STEAM_ID_LAN><>" became an admin (account "loopback") (access "abcdefghijklmnopqrstuv") (address "loopback")
L 12/23/2021 - 21:24:55: [mapchooser.amxx] Vote: Voting for the nextmap started
L 12/23/2021 - 21:25:10: [mapchooser.amxx] Vote: Voting for the nextmap finished. The nextmap will be cs_747
L 12/23/2021 - 21:29:00: -------- Mapchange to cs_747 --------
L 12/23/2021 - 21:29:00: [admin.amxx] Login: "I <3 CS | [B]KoHTpe<8><STEAM_ID_LAN><>" became an admin (account "loopback") (access "abcdefghijklmnopqrstuv") (address "loopback")
L 12/23/2021 - 21:29:02: [admin.amxx] Login: "I <3 CS | [B]KoHTpe<8><STEAM_ID_LAN><>" became an admin (account "loopback") (access "abcdefghijklmnopqrstuv") (address "loopback")
L 12/23/2021 - 21:33:34: -------- Mapchange to cs_747 --------
L 12/23/2021 - 21:33:34: [admin.amxx] Login: "I <3 CS | [B]KoHTpe<9><STEAM_ID_LAN><>" became an admin (account "loopback") (access "abcdefghijklmnopqrstuv") (address "loopback")
L 12/23/2021 - 21:33:35: [admin.amxx] Login: "I <3 CS | [B]KoHTpe<9><STEAM_ID_LAN><>" became an admin (account "loopback") (access "abcdefghijklmnopqrstuv") (address "loopback")
L 12/23/2021 - 21:37:10: -------- Mapchange to cs_747 --------
L 12/23/2021 - 21:37:10: [admin.amxx] Login: "I <3 CS | [B]KoHTpe<10><STEAM_ID_LAN><>" became an admin (account "loopback") (access "abcdefghijklmnopqrstuv") (address "loopback")
L 12/23/2021 - 21:37:11: [admin.amxx] Login: "I <3 CS | [B]KoHTpe<10><STEAM_ID_LAN><>" became an admin (account "loopback") (access "abcdefghijklmnopqrstuv") (address "loopback")
L 12/23/2021 - 21:42:16: -------- Mapchange to cs_747 --------
L 12/23/2021 - 21:42:17: [admin.amxx] Login: "I <3 CS | [B]KoHTpe<11><STEAM_ID_LAN><>" became an admin (account "loopback") (access "abcdefghijklmnopqrstuv") (address "loopback")
L 12/23/2021 - 21:42:18: [admin.amxx] Login: "I <3 CS | [B]KoHTpe<11><STEAM_ID_LAN><>" became an admin (account "loopback") (access "abcdefghijklmnopqrstuv") (address "loopback")
L 12/23/2021 - 21:43:52: -------- Mapchange to cs_747 --------
L 12/23/2021 - 21:43:52: [admin.amxx] Login: "I <3 CS | [B]KoHTpe<12><STEAM_ID_LAN><>" became an admin (account "loopback") (access "abcdefghijklmnopqrstuv") (address "loopback")
L 12/23/2021 - 21:43:53: [admin.amxx] Login: "I <3 CS | [B]KoHTpe<12><STEAM_ID_LAN><>" became an admin (account "loopback") (access "abcdefghijklmnopqrstuv") (address "loopback")
L 12/23/2021 - 23:32:22: [GEOIP] Could not find GeoIP2 databases. Disabled natives.
L 12/23/2021 - 23:32:23: client_disconnected and client_remove forwards have been disabled - check your gamedata files.
L 12/23/2021 - 23:32:23: Binding/Hooking cvars have been disabled - check your gamedata files.
L 12/23/2021 - 23:32:23: -------- Mapchange to de_dust2 --------
L 12/23/2021 - 23:32:24: [CSTRIKE] GiveDefaultItems is not available - native cs_set_no_knives has been disabled
L 12/23/2021 - 23:32:24: [CSTRIKE] UTIL_FindEntByString is not available - native cs_find_ent_by_class() has been disabled
L 12/23/2021 - 23:32:24: [CSTRIKE] AddEntityHashValue or RemoveEntityHashValue is not available - native cs_set_ent_class() has been disabled
L 12/23/2021 - 23:32:24: [CSTRIKE] sv global variable is not available
L 12/23/2021 - 23:32:31: [admin.amxx] Login: "I <3 CS | [B]KoHTpe<1><STEAM_ID_LAN><>" became an admin (account "loopback") (access "abcdefghijklmnopqrstuv") (address "loopback")
L 12/23/2021 - 23:32:33: [admin.amxx] Login: "I <3 CS | [B]KoHTpe<1><STEAM_ID_LAN><>" became an admin (account "loopback") (access "abcdefghijklmnopqrstuv") (address "loopback")
L 12/23/2021 - 23:35:15: -------- Mapchange to de_dust2 --------
L 12/23/2021 - 23:35:16: [admin.amxx] Login: "I <3 CS | [B]KoHTpe<2><STEAM_ID_LAN><>" became an admin (account "loopback") (access "abcdefghijklmnopqrstuv") (address "loopback")
L 12/23/2021 - 23:35:16: [admin.amxx] Login: "I <3 CS | [B]KoHTpe<2><STEAM_ID_LAN><>" became an admin (account "loopback") (access "abcdefghijklmnopqrstuv") (address "loopback")
L 12/23/2021 - 23:53:16: [mapchooser.amxx] Vote: Voting for the nextmap started
L 12/23/2021 - 23:53:31: [mapchooser.amxx] Vote: Voting for the nextmap finished. The nextmap will be cs_havana
L 12/23/2021 - 23:56:55: -------- Mapchange to de_dust2 --------
L 12/23/2021 - 23:58:24: [GEOIP] Could not find GeoIP2 databases. Disabled natives.
L 12/23/2021 - 23:58:25: client_disconnected and client_remove forwards have been disabled - check your gamedata files.
L 12/23/2021 - 23:58:25: Binding/Hooking cvars have been disabled - check your gamedata files.
L 12/23/2021 - 23:58:25: -------- Mapchange to de_dust2 --------
L 12/23/2021 - 23:58:25: [CSTRIKE] GiveDefaultItems is not available - native cs_set_no_knives has been disabled
L 12/23/2021 - 23:58:25: [CSTRIKE] UTIL_FindEntByString is not available - native cs_find_ent_by_class() has been disabled
L 12/23/2021 - 23:58:25: [CSTRIKE] AddEntityHashValue or RemoveEntityHashValue is not available - native cs_set_ent_class() has been disabled
L 12/23/2021 - 23:58:25: [CSTRIKE] sv global variable is not available
L 12/23/2021 - 23:59:10: [GEOIP] Could not find GeoIP2 databases. Disabled natives.
L 12/23/2021 - 23:59:10: client_disconnected and client_remove forwards have been disabled - check your gamedata files.
L 12/23/2021 - 23:59:10: Binding/Hooking cvars have been disabled - check your gamedata files.
L 12/23/2021 - 23:59:10: -------- Mapchange to de_dust2 --------
L 12/23/2021 - 23:59:10: [CSTRIKE] GiveDefaultItems is not available - native cs_set_no_knives has been disabled
L 12/23/2021 - 23:59:10: [CSTRIKE] UTIL_FindEntByString is not available - native cs_find_ent_by_class() has been disabled
L 12/23/2021 - 23:59:10: [CSTRIKE] AddEntityHashValue or RemoveEntityHashValue is not available - native cs_set_ent_class() has been disabled
L 12/23/2021 - 23:59:10: [CSTRIKE] sv global variable is not available
L 12/23/2021 - 23:59:54: [GEOIP] Could not find GeoIP2 databases. Disabled natives.
L 12/23/2021 - 23:59:55: client_disconnected and client_remove forwards have been disabled - check your gamedata files.
L 12/23/2021 - 23:59:55: Binding/Hooking cvars have been disabled - check your gamedata files.
L 12/23/2021 - 23:59:55: -------- Mapchange to de_dust2 --------
L 12/23/2021 - 23:59:55: [CSTRIKE] GiveDefaultItems is not available - native cs_set_no_knives has been disabled
L 12/23/2021 - 23:59:55: [CSTRIKE] UTIL_FindEntByString is not available - native cs_find_ent_by_class() has been disabled
L 12/23/2021 - 23:59:55: [CSTRIKE] AddEntityHashValue or RemoveEntityHashValue is not available - native cs_set_ent_class() has been disabled
L 12/23/2021 - 23:59:55: [CSTRIKE] sv global variable is not available
L 12/23/2021 - 23:59:57: [admin.amxx] Login: "I <3 CS | [B]KoHTpe<1><STEAM_ID_LAN><>" became an admin (account "loopback") (access "abcdefghijklmnopqrstuv") (address "loopback")
L 12/23/2021 - 23:59:57: [admin.amxx] Login: "I <3 CS | [B]KoHTpe<1><STEAM_ID_LAN><>" became an admin (account "loopback") (access "abcdefghijklmnopqrstuv") (address "loopback")
