L 01/13/2022 - 17:20:15: [GEOIP] Could not find GeoIP2 databases. Disabled natives.
L 01/13/2022 - 17:20:16: client_disconnected and client_remove forwards have been disabled - check your gamedata files.
L 01/13/2022 - 17:20:16: Binding/Hooking cvars have been disabled - check your gamedata files.
L 01/13/2022 - 17:20:16: -------- Mapchange to surf_green --------
L 01/13/2022 - 17:20:16: [CSTRIKE] GiveDefaultItems is not available - native cs_set_no_knives has been disabled
L 01/13/2022 - 17:20:16: [CSTRIKE] UTIL_FindEntByString is not available - native cs_find_ent_by_class() has been disabled
L 01/13/2022 - 17:20:16: [CSTRIKE] AddEntityHashValue or RemoveEntityHashValue is not available - native cs_set_ent_class() has been disabled
L 01/13/2022 - 17:20:16: [CSTRIKE] sv global variable is not available
L 01/13/2022 - 17:21:34: [GEOIP] Could not find GeoIP2 databases. Disabled natives.
L 01/13/2022 - 17:21:34: client_disconnected and client_remove forwards have been disabled - check your gamedata files.
L 01/13/2022 - 17:21:34: Binding/Hooking cvars have been disabled - check your gamedata files.
L 01/13/2022 - 17:21:34: -------- Mapchange to surf_green --------
L 01/13/2022 - 17:21:34: [CSTRIKE] GiveDefaultItems is not available - native cs_set_no_knives has been disabled
L 01/13/2022 - 17:21:34: [CSTRIKE] UTIL_FindEntByString is not available - native cs_find_ent_by_class() has been disabled
L 01/13/2022 - 17:21:34: [CSTRIKE] AddEntityHashValue or RemoveEntityHashValue is not available - native cs_set_ent_class() has been disabled
L 01/13/2022 - 17:21:34: [CSTRIKE] sv global variable is not available
L 01/13/2022 - 17:22:59: [GEOIP] Could not find GeoIP2 databases. Disabled natives.
L 01/13/2022 - 17:22:59: client_disconnected and client_remove forwards have been disabled - check your gamedata files.
L 01/13/2022 - 17:22:59: Binding/Hooking cvars have been disabled - check your gamedata files.
L 01/13/2022 - 17:22:59: -------- Mapchange to surf_green --------
L 01/13/2022 - 17:22:59: [CSTRIKE] GiveDefaultItems is not available - native cs_set_no_knives has been disabled
L 01/13/2022 - 17:22:59: [CSTRIKE] UTIL_FindEntByString is not available - native cs_find_ent_by_class() has been disabled
L 01/13/2022 - 17:22:59: [CSTRIKE] AddEntityHashValue or RemoveEntityHashValue is not available - native cs_set_ent_class() has been disabled
L 01/13/2022 - 17:22:59: [CSTRIKE] sv global variable is not available
L 01/13/2022 - 17:23:16: [GEOIP] Could not find GeoIP2 databases. Disabled natives.
L 01/13/2022 - 17:23:16: client_disconnected and client_remove forwards have been disabled - check your gamedata files.
L 01/13/2022 - 17:23:16: Binding/Hooking cvars have been disabled - check your gamedata files.
L 01/13/2022 - 17:23:16: -------- Mapchange to surf_green --------
L 01/13/2022 - 17:23:16: [CSTRIKE] GiveDefaultItems is not available - native cs_set_no_knives has been disabled
L 01/13/2022 - 17:23:16: [CSTRIKE] UTIL_FindEntByString is not available - native cs_find_ent_by_class() has been disabled
L 01/13/2022 - 17:23:16: [CSTRIKE] AddEntityHashValue or RemoveEntityHashValue is not available - native cs_set_ent_class() has been disabled
L 01/13/2022 - 17:23:16: [CSTRIKE] sv global variable is not available
L 01/13/2022 - 17:24:03: [GEOIP] Could not find GeoIP2 databases. Disabled natives.
L 01/13/2022 - 17:24:03: client_disconnected and client_remove forwards have been disabled - check your gamedata files.
L 01/13/2022 - 17:24:03: Binding/Hooking cvars have been disabled - check your gamedata files.
L 01/13/2022 - 17:24:03: -------- Mapchange to surf_green --------
L 01/13/2022 - 17:24:04: [CSTRIKE] GiveDefaultItems is not available - native cs_set_no_knives has been disabled
L 01/13/2022 - 17:24:04: [CSTRIKE] UTIL_FindEntByString is not available - native cs_find_ent_by_class() has been disabled
L 01/13/2022 - 17:24:04: [CSTRIKE] AddEntityHashValue or RemoveEntityHashValue is not available - native cs_set_ent_class() has been disabled
L 01/13/2022 - 17:24:04: [CSTRIKE] sv global variable is not available
L 01/13/2022 - 17:24:06: [AMXX] Failed to open dictionary file: cstrike\addons\amxmodx\data\lang\gold_weapons.txt
L 01/13/2022 - 17:24:06: [AMXX] Failed to open dictionary file: cstrike\addons\amxmodx\data\lang\gold_weapons.txt
L 01/13/2022 - 17:24:06: [AMXX] Failed to open dictionary file: cstrike\addons\amxmodx\data\lang\gold_weapons.txt
L 01/13/2022 - 17:24:07: [admin.amxx] Login: "Ricky_Khats<1><STEAM_ID_LAN><>" became an admin (account "Ricky_Khats") (access "abcdefghijklmnopqrstuv") (address "loopback")
L 01/13/2022 - 17:24:08: [admin.amxx] Login: "Ricky_Khats<1><STEAM_ID_LAN><>" became an admin (account "Ricky_Khats") (access "abcdefghijklmnopqrstuv") (address "loopback")
L 01/13/2022 - 17:25:52: [GEOIP] Could not find GeoIP2 databases. Disabled natives.
L 01/13/2022 - 17:25:53: -------- Mapchange to de_nuke --------
L 01/13/2022 - 17:25:54: [AMXX] Failed to open dictionary file: cstrike\addons\amxmodx\data\lang\gold_weapons.txt
L 01/13/2022 - 17:25:54: [AMXX] Failed to open dictionary file: cstrike\addons\amxmodx\data\lang\gold_weapons.txt
L 01/13/2022 - 17:25:54: [AMXX] Failed to open dictionary file: cstrike\addons\amxmodx\data\lang\gold_weapons.txt
L 01/13/2022 - 17:26:18: [admin.amxx] Login: "Ricky_Khats<1><STEAM_0:0:2007752829><>" kicked due to invalid password (account "Ricky_Khats") (address "26.73.233.1")
L 01/13/2022 - 17:26:31: [admin.amxx] Login: "Ricky_Khats<2><STEAM_0:0:2007752829><>" became an admin (account "Ricky_Khats") (access "abcdefghijklmnopqrstuv") (address "26.73.233.1")
L 01/13/2022 - 17:30:47: -------- Mapchange to de_nuke --------
L 01/13/2022 - 17:30:48: [AMXX] Failed to open dictionary file: cstrike\addons\amxmodx\data\lang\gold_weapons.txt
L 01/13/2022 - 17:30:48: [AMXX] Failed to open dictionary file: cstrike\addons\amxmodx\data\lang\gold_weapons.txt
L 01/13/2022 - 17:30:48: [AMXX] Failed to open dictionary file: cstrike\addons\amxmodx\data\lang\gold_weapons.txt
L 01/13/2022 - 17:30:49: [admin.amxx] Login: "Ricky_Khats<2><STEAM_0:0:2007752829><>" became an admin (account "Ricky_Khats") (access "abcdefghijklmnopqrstuv") (address "26.73.233.1")
L 01/13/2022 - 17:32:13: -------- Mapchange to de_nuke --------
L 01/13/2022 - 17:32:15: [AMXX] Failed to open dictionary file: cstrike\addons\amxmodx\data\lang\gold_weapons.txt
L 01/13/2022 - 17:32:15: [AMXX] Failed to open dictionary file: cstrike\addons\amxmodx\data\lang\gold_weapons.txt
L 01/13/2022 - 17:32:15: [AMXX] Failed to open dictionary file: cstrike\addons\amxmodx\data\lang\gold_weapons.txt
L 01/13/2022 - 17:32:15: [admin.amxx] Login: "Ricky_Khats<2><STEAM_0:0:2007752829><>" became an admin (account "Ricky_Khats") (access "abcdefghijklmnopqrstuv") (address "26.73.233.1")
L 01/13/2022 - 17:33:07: -------- Mapchange to de_nuke --------
L 01/13/2022 - 17:33:08: [AMXX] Failed to open dictionary file: cstrike\addons\amxmodx\data\lang\gold_weapons.txt
L 01/13/2022 - 17:33:08: [AMXX] Failed to open dictionary file: cstrike\addons\amxmodx\data\lang\gold_weapons.txt
L 01/13/2022 - 17:33:08: [AMXX] Failed to open dictionary file: cstrike\addons\amxmodx\data\lang\gold_weapons.txt
L 01/13/2022 - 17:33:08: [admin.amxx] Login: "Ricky_Khats<2><STEAM_0:0:2007752829><>" became an admin (account "Ricky_Khats") (access "abcdefghijklmnopqrstuv") (address "26.73.233.1")
L 01/13/2022 - 17:51:07: [mapchooser.amxx] Vote: Voting for the nextmap started
L 01/13/2022 - 17:51:22: [mapchooser.amxx] Vote: Voting for the nextmap finished. The nextmap will be de_aztec
L 01/13/2022 - 17:53:16: -------- Mapchange to de_aztec --------
L 01/13/2022 - 17:53:18: [AMXX] Failed to open dictionary file: cstrike\addons\amxmodx\data\lang\gold_weapons.txt
L 01/13/2022 - 17:53:18: [AMXX] Failed to open dictionary file: cstrike\addons\amxmodx\data\lang\gold_weapons.txt
L 01/13/2022 - 17:53:18: [AMXX] Failed to open dictionary file: cstrike\addons\amxmodx\data\lang\gold_weapons.txt
L 01/13/2022 - 18:11:18: [mapchooser.amxx] Vote: Voting for the nextmap started
L 01/13/2022 - 18:11:33: [mapchooser.amxx] Vote: Voting for the nextmap finished. The nextmap will be as_oilrig
L 01/13/2022 - 18:13:27: -------- Mapchange to as_oilrig --------
L 01/13/2022 - 18:13:28: [AMXX] Failed to open dictionary file: cstrike\addons\amxmodx\data\lang\gold_weapons.txt
L 01/13/2022 - 18:13:28: [AMXX] Failed to open dictionary file: cstrike\addons\amxmodx\data\lang\gold_weapons.txt
L 01/13/2022 - 18:13:28: [AMXX] Failed to open dictionary file: cstrike\addons\amxmodx\data\lang\gold_weapons.txt
L 01/13/2022 - 18:31:28: [mapchooser.amxx] Vote: Voting for the nextmap started
L 01/13/2022 - 18:31:43: [mapchooser.amxx] Vote: Voting for the nextmap finished. The nextmap will be cs_siege
L 01/13/2022 - 18:33:37: -------- Mapchange to cs_siege --------
L 01/13/2022 - 18:33:38: [AMXX] Failed to open dictionary file: cstrike\addons\amxmodx\data\lang\gold_weapons.txt
L 01/13/2022 - 18:33:38: [AMXX] Failed to open dictionary file: cstrike\addons\amxmodx\data\lang\gold_weapons.txt
L 01/13/2022 - 18:33:38: [AMXX] Failed to open dictionary file: cstrike\addons\amxmodx\data\lang\gold_weapons.txt
L 01/13/2022 - 18:51:38: [mapchooser.amxx] Vote: Voting for the nextmap started
L 01/13/2022 - 18:51:53: [mapchooser.amxx] Vote: Voting for the nextmap finished. The nextmap will be de_cbble
L 01/13/2022 - 18:53:47: -------- Mapchange to de_cbble --------
L 01/13/2022 - 18:53:48: [AMXX] Failed to open dictionary file: cstrike\addons\amxmodx\data\lang\gold_weapons.txt
L 01/13/2022 - 18:53:48: [AMXX] Failed to open dictionary file: cstrike\addons\amxmodx\data\lang\gold_weapons.txt
L 01/13/2022 - 18:53:48: [AMXX] Failed to open dictionary file: cstrike\addons\amxmodx\data\lang\gold_weapons.txt
L 01/13/2022 - 19:11:47: [mapchooser.amxx] Vote: Voting for the nextmap started
L 01/13/2022 - 19:12:02: [mapchooser.amxx] Vote: Voting for the nextmap finished. The nextmap will be de_dust
L 01/13/2022 - 19:13:57: -------- Mapchange to de_dust --------
L 01/13/2022 - 19:13:58: [AMXX] Failed to open dictionary file: cstrike\addons\amxmodx\data\lang\gold_weapons.txt
L 01/13/2022 - 19:13:58: [AMXX] Failed to open dictionary file: cstrike\addons\amxmodx\data\lang\gold_weapons.txt
L 01/13/2022 - 19:13:58: [AMXX] Failed to open dictionary file: cstrike\addons\amxmodx\data\lang\gold_weapons.txt
L 01/13/2022 - 19:31:57: [mapchooser.amxx] Vote: Voting for the nextmap started
L 01/13/2022 - 19:32:12: [mapchooser.amxx] Vote: Voting for the nextmap finished. The nextmap will be cs_747
L 01/13/2022 - 19:34:06: -------- Mapchange to cs_747 --------
L 01/13/2022 - 19:34:07: [AMXX] Failed to open dictionary file: cstrike\addons\amxmodx\data\lang\gold_weapons.txt
L 01/13/2022 - 19:34:07: [AMXX] Failed to open dictionary file: cstrike\addons\amxmodx\data\lang\gold_weapons.txt
L 01/13/2022 - 19:34:07: [AMXX] Failed to open dictionary file: cstrike\addons\amxmodx\data\lang\gold_weapons.txt
L 01/13/2022 - 19:52:07: [mapchooser.amxx] Vote: Voting for the nextmap started
L 01/13/2022 - 19:52:22: [mapchooser.amxx] Vote: Voting for the nextmap finished. The nextmap will be de_prodigy
L 01/13/2022 - 19:54:16: -------- Mapchange to de_prodigy --------
L 01/13/2022 - 19:54:17: [AMXX] Failed to open dictionary file: cstrike\addons\amxmodx\data\lang\gold_weapons.txt
L 01/13/2022 - 19:54:17: [AMXX] Failed to open dictionary file: cstrike\addons\amxmodx\data\lang\gold_weapons.txt
L 01/13/2022 - 19:54:17: [AMXX] Failed to open dictionary file: cstrike\addons\amxmodx\data\lang\gold_weapons.txt
L 01/13/2022 - 20:29:52: [mapchooser.amxx] Vote: Voting for the nextmap started
L 01/13/2022 - 20:30:07: [mapchooser.amxx] Vote: Voting for the nextmap finished. The nextmap will be cs_assault
L 01/13/2022 - 20:32:01: -------- Mapchange to cs_assault --------
L 01/13/2022 - 20:32:02: [AMXX] Failed to open dictionary file: cstrike\addons\amxmodx\data\lang\gold_weapons.txt
L 01/13/2022 - 20:32:02: [AMXX] Failed to open dictionary file: cstrike\addons\amxmodx\data\lang\gold_weapons.txt
L 01/13/2022 - 20:32:02: [AMXX] Failed to open dictionary file: cstrike\addons\amxmodx\data\lang\gold_weapons.txt
L 01/13/2022 - 20:50:01: [mapchooser.amxx] Vote: Voting for the nextmap started
L 01/13/2022 - 20:50:16: [mapchooser.amxx] Vote: Voting for the nextmap finished. The nextmap will be cs_office
L 01/13/2022 - 21:28:31: -------- Mapchange to cs_office --------
L 01/13/2022 - 21:28:32: [AMXX] Failed to open dictionary file: cstrike\addons\amxmodx\data\lang\gold_weapons.txt
L 01/13/2022 - 21:28:32: [AMXX] Failed to open dictionary file: cstrike\addons\amxmodx\data\lang\gold_weapons.txt
L 01/13/2022 - 21:28:32: [AMXX] Failed to open dictionary file: cstrike\addons\amxmodx\data\lang\gold_weapons.txt
L 01/13/2022 - 21:46:31: [mapchooser.amxx] Vote: Voting for the nextmap started
L 01/13/2022 - 21:46:46: [mapchooser.amxx] Vote: Voting for the nextmap finished. The nextmap will be cs_italy
L 01/13/2022 - 21:48:40: -------- Mapchange to cs_italy --------
L 01/13/2022 - 21:48:41: [AMXX] Failed to open dictionary file: cstrike\addons\amxmodx\data\lang\gold_weapons.txt
L 01/13/2022 - 21:48:41: [AMXX] Failed to open dictionary file: cstrike\addons\amxmodx\data\lang\gold_weapons.txt
L 01/13/2022 - 21:48:41: [AMXX] Failed to open dictionary file: cstrike\addons\amxmodx\data\lang\gold_weapons.txt
L 01/13/2022 - 22:06:40: [mapchooser.amxx] Vote: Voting for the nextmap started
L 01/13/2022 - 22:06:56: [mapchooser.amxx] Vote: Voting for the nextmap finished. The nextmap will be cs_backalley
L 01/13/2022 - 22:08:50: -------- Mapchange to cs_backalley --------
L 01/13/2022 - 22:08:51: [AMXX] Failed to open dictionary file: cstrike\addons\amxmodx\data\lang\gold_weapons.txt
L 01/13/2022 - 22:08:51: [AMXX] Failed to open dictionary file: cstrike\addons\amxmodx\data\lang\gold_weapons.txt
L 01/13/2022 - 22:08:51: [AMXX] Failed to open dictionary file: cstrike\addons\amxmodx\data\lang\gold_weapons.txt
