L 12/31/2021 - 11:32:17: [GEOIP] Could not find GeoIP2 databases. Disabled natives.
L 12/31/2021 - 11:32:18: client_disconnected and client_remove forwards have been disabled - check your gamedata files.
L 12/31/2021 - 11:32:18: Binding/Hooking cvars have been disabled - check your gamedata files.
L 12/31/2021 - 11:32:18: -------- Mapchange to de_dust2 --------
L 12/31/2021 - 11:32:19: [CSTRIKE] GiveDefaultItems is not available - native cs_set_no_knives has been disabled
L 12/31/2021 - 11:32:19: [CSTRIKE] UTIL_FindEntByString is not available - native cs_find_ent_by_class() has been disabled
L 12/31/2021 - 11:32:19: [CSTRIKE] AddEntityHashValue or RemoveEntityHashValue is not available - native cs_set_ent_class() has been disabled
L 12/31/2021 - 11:32:19: [CSTRIKE] sv global variable is not available
L 12/31/2021 - 11:32:28: [AMXX] Failed to open dictionary file: cstrike\addons\amxmodx\data\lang\grab_plus.txt
L 12/31/2021 - 11:32:50: [rpg_mod.amxx] SQL Error: Can't connect to MySQL server on 'db3.myarena.ru' (10060) (2003)
L 12/31/2021 - 11:32:50: [admin.amxx] Login: "Ricky<1><STEAM_ID_LAN><>" became an admin (account "loopback") (access "abcdefghijklmnopqrstuv") (address "loopback")
L 12/31/2021 - 11:32:52: [admin.amxx] Login: "Ricky<1><STEAM_ID_LAN><>" became an admin (account "loopback") (access "abcdefghijklmnopqrstuv") (address "loopback")
L 12/31/2021 - 11:35:17: -------- Mapchange to de_dust2 --------
L 12/31/2021 - 11:35:17: [AMXX] Failed to open dictionary file: cstrike\addons\amxmodx\data\lang\grab_plus.txt
L 12/31/2021 - 11:35:38: [rpg_mod.amxx] SQL Error: Can't connect to MySQL server on 'db3.myarena.ru' (10060) (2003)
L 12/31/2021 - 11:35:38: [admin.amxx] Login: "Ricky<5><STEAM_ID_LAN><>" became an admin (account "loopback") (access "abcdefghijklmnopqrstuv") (address "loopback")
L 12/31/2021 - 11:35:40: [admin.amxx] Login: "Ricky<5><STEAM_ID_LAN><>" became an admin (account "loopback") (access "abcdefghijklmnopqrstuv") (address "loopback")
L 12/31/2021 - 11:48:55: -------- Mapchange to de_dust2 --------
L 12/31/2021 - 11:48:55: [AMXX] Failed to open dictionary file: cstrike\addons\amxmodx\data\lang\grab_plus.txt
L 12/31/2021 - 11:49:17: [rpg_mod.amxx] SQL Error: Can't connect to MySQL server on 'db3.myarena.ru' (10060) (2003)
L 12/31/2021 - 11:49:17: [admin.amxx] Login: "Ricky<9><STEAM_ID_LAN><>" became an admin (account "loopback") (access "abcdefghijklmnopqrstuv") (address "loopback")
L 12/31/2021 - 11:49:17: [admin.amxx] Login: "Ricky<9><STEAM_ID_LAN><>" became an admin (account "loopback") (access "abcdefghijklmnopqrstuv") (address "loopback")
L 12/31/2021 - 12:07:18: [mapchooser.amxx] Vote: Voting for the nextmap started
L 12/31/2021 - 12:07:33: [mapchooser.amxx] Vote: Voting for the nextmap finished. The nextmap will be de_chateau
L 12/31/2021 - 12:11:27: -------- Mapchange to de_chateau --------
L 12/31/2021 - 12:11:28: [AMXX] Failed to open dictionary file: cstrike\addons\amxmodx\data\lang\grab_plus.txt
L 12/31/2021 - 12:11:28: [admin.amxx] Login: "Ricky<9><STEAM_ID_LAN><>" became an admin (account "loopback") (access "abcdefghijklmnopqrstuv") (address "loopback")
L 12/31/2021 - 12:11:49: [rpg_mod.amxx] SQL Error: Can't connect to MySQL server on 'db3.myarena.ru' (10060) (2003)
L 12/31/2021 - 12:11:50: [admin.amxx] Login: "Ricky<9><STEAM_ID_LAN><>" became an admin (account "loopback") (access "abcdefghijklmnopqrstuv") (address "loopback")
L 12/31/2021 - 12:29:48: [mapchooser.amxx] Vote: Voting for the nextmap started
L 12/31/2021 - 12:30:03: [mapchooser.amxx] Vote: Voting for the nextmap finished. The nextmap will be de_aztec
L 12/31/2021 - 12:33:55: -------- Mapchange to de_aztec --------
L 12/31/2021 - 12:33:56: [AMXX] Failed to open dictionary file: cstrike\addons\amxmodx\data\lang\grab_plus.txt
L 12/31/2021 - 12:33:56: [admin.amxx] Login: "Ricky<9><STEAM_ID_LAN><>" became an admin (account "loopback") (access "abcdefghijklmnopqrstuv") (address "loopback")
L 12/31/2021 - 12:34:17: [rpg_mod.amxx] SQL Error: Can't connect to MySQL server on 'db3.myarena.ru' (10060) (2003)
L 12/31/2021 - 12:34:18: [admin.amxx] Login: "Ricky<9><STEAM_ID_LAN><>" became an admin (account "loopback") (access "abcdefghijklmnopqrstuv") (address "loopback")
L 12/31/2021 - 12:52:16: [mapchooser.amxx] Vote: Voting for the nextmap started
L 12/31/2021 - 12:52:31: [mapchooser.amxx] Vote: Voting for the nextmap finished. The nextmap will be as_oilrig
L 12/31/2021 - 12:56:23: -------- Mapchange to as_oilrig --------
L 12/31/2021 - 12:56:24: [AMXX] Failed to open dictionary file: cstrike\addons\amxmodx\data\lang\grab_plus.txt
L 12/31/2021 - 12:56:24: [admin.amxx] Login: "Ricky<9><STEAM_ID_LAN><>" became an admin (account "loopback") (access "abcdefghijklmnopqrstuv") (address "loopback")
L 12/31/2021 - 12:56:45: [rpg_mod.amxx] SQL Error: Can't connect to MySQL server on 'db3.myarena.ru' (10060) (2003)
L 12/31/2021 - 12:56:46: [admin.amxx] Login: "Ricky<9><STEAM_ID_LAN><>" became an admin (account "loopback") (access "abcdefghijklmnopqrstuv") (address "loopback")
L 12/31/2021 - 13:14:44: [mapchooser.amxx] Vote: Voting for the nextmap started
L 12/31/2021 - 13:14:59: [mapchooser.amxx] Vote: Voting for the nextmap finished. The nextmap will be cs_siege
L 12/31/2021 - 13:18:51: -------- Mapchange to cs_siege --------
L 12/31/2021 - 13:18:52: [AMXX] Failed to open dictionary file: cstrike\addons\amxmodx\data\lang\grab_plus.txt
L 12/31/2021 - 13:18:52: [admin.amxx] Login: "Ricky<9><STEAM_ID_LAN><>" became an admin (account "loopback") (access "abcdefghijklmnopqrstuv") (address "loopback")
L 12/31/2021 - 13:19:13: [rpg_mod.amxx] SQL Error: Can't connect to MySQL server on 'db3.myarena.ru' (10060) (2003)
L 12/31/2021 - 13:19:14: [admin.amxx] Login: "Ricky<9><STEAM_ID_LAN><>" became an admin (account "loopback") (access "abcdefghijklmnopqrstuv") (address "loopback")
L 12/31/2021 - 13:37:12: [mapchooser.amxx] Vote: Voting for the nextmap started
L 12/31/2021 - 13:37:27: [mapchooser.amxx] Vote: Voting for the nextmap finished. The nextmap will be de_cbble
L 12/31/2021 - 13:41:19: -------- Mapchange to de_cbble --------
L 12/31/2021 - 13:41:20: [AMXX] Failed to open dictionary file: cstrike\addons\amxmodx\data\lang\grab_plus.txt
L 12/31/2021 - 13:41:20: [admin.amxx] Login: "Ricky<9><STEAM_ID_LAN><>" became an admin (account "loopback") (access "abcdefghijklmnopqrstuv") (address "loopback")
L 12/31/2021 - 13:41:41: [rpg_mod.amxx] SQL Error: Can't connect to MySQL server on 'db3.myarena.ru' (10060) (2003)
L 12/31/2021 - 13:41:42: [admin.amxx] Login: "Ricky<9><STEAM_ID_LAN><>" became an admin (account "loopback") (access "abcdefghijklmnopqrstuv") (address "loopback")
L 12/31/2021 - 13:59:40: [mapchooser.amxx] Vote: Voting for the nextmap started
L 12/31/2021 - 13:59:55: [mapchooser.amxx] Vote: Voting for the nextmap finished. The nextmap will be de_dust
L 12/31/2021 - 14:03:47: -------- Mapchange to de_dust --------
L 12/31/2021 - 14:03:48: [AMXX] Failed to open dictionary file: cstrike\addons\amxmodx\data\lang\grab_plus.txt
L 12/31/2021 - 14:03:48: [admin.amxx] Login: "Ricky<9><STEAM_ID_LAN><>" became an admin (account "loopback") (access "abcdefghijklmnopqrstuv") (address "loopback")
L 12/31/2021 - 14:04:09: [rpg_mod.amxx] SQL Error: Can't connect to MySQL server on 'db3.myarena.ru' (10060) (2003)
L 12/31/2021 - 14:04:10: [admin.amxx] Login: "Ricky<9><STEAM_ID_LAN><>" became an admin (account "loopback") (access "abcdefghijklmnopqrstuv") (address "loopback")
L 12/31/2021 - 14:26:01: [mapchooser.amxx] Vote: Voting for the nextmap started
L 12/31/2021 - 14:26:25: [mapchooser.amxx] Vote: Voting for the nextmap finished. The nextmap will be cs_747
L 12/31/2021 - 14:37:29: -------- Mapchange to cs_747 --------
L 12/31/2021 - 14:37:39: [AMXX] Failed to open dictionary file: cstrike\addons\amxmodx\data\lang\grab_plus.txt
L 12/31/2021 - 14:37:42: [admin.amxx] Login: "Ricky<9><STEAM_ID_LAN><>" became an admin (account "loopback") (access "abcdefghijklmnopqrstuv") (address "loopback")
L 12/31/2021 - 14:38:03: [rpg_mod.amxx] SQL Error: Can't connect to MySQL server on 'db3.myarena.ru' (10060) (2003)
