L 01/05/2022 - 11:01:34: [GEOIP] Could not find GeoIP2 databases. Disabled natives.
L 01/05/2022 - 11:01:35: client_disconnected and client_remove forwards have been disabled - check your gamedata files.
L 01/05/2022 - 11:01:35: Binding/Hooking cvars have been disabled - check your gamedata files.
L 01/05/2022 - 11:01:35: -------- Mapchange to surf_green --------
L 01/05/2022 - 11:01:36: [CSTRIKE] GiveDefaultItems is not available - native cs_set_no_knives has been disabled
L 01/05/2022 - 11:01:36: [CSTRIKE] UTIL_FindEntByString is not available - native cs_find_ent_by_class() has been disabled
L 01/05/2022 - 11:01:36: [CSTRIKE] AddEntityHashValue or RemoveEntityHashValue is not available - native cs_set_ent_class() has been disabled
L 01/05/2022 - 11:01:36: [CSTRIKE] sv global variable is not available
L 01/05/2022 - 11:01:45: [AMXX] Failed to open dictionary file: cstrike\addons\amxmodx\data\lang\grab_plus.txt
L 01/05/2022 - 11:02:46: [rpg_mod.amxx] SQL Error: Lost connection to MySQL server at 'waiting for initial communication packet', system error: 0 (2013)
L 01/05/2022 - 11:02:46: [admin.amxx] Login: "Ricky_Khats<1><STEAM_ID_LAN><>" became an admin (account "Ricky_Khats") (access "abcdefghijklmnopqrstuv") (address "loopback")
L 01/05/2022 - 11:02:48: [admin.amxx] Login: "Ricky_Khats<1><STEAM_ID_LAN><>" became an admin (account "Ricky_Khats") (access "abcdefghijklmnopqrstuv") (address "loopback")
L 01/05/2022 - 15:18:52: [GEOIP] Could not find GeoIP2 databases. Disabled natives.
L 01/05/2022 - 15:18:53: client_disconnected and client_remove forwards have been disabled - check your gamedata files.
L 01/05/2022 - 15:18:53: Binding/Hooking cvars have been disabled - check your gamedata files.
L 01/05/2022 - 15:18:53: -------- Mapchange to surf_green --------
L 01/05/2022 - 15:18:54: [CSTRIKE] GiveDefaultItems is not available - native cs_set_no_knives has been disabled
L 01/05/2022 - 15:18:54: [CSTRIKE] UTIL_FindEntByString is not available - native cs_find_ent_by_class() has been disabled
L 01/05/2022 - 15:18:54: [CSTRIKE] AddEntityHashValue or RemoveEntityHashValue is not available - native cs_set_ent_class() has been disabled
L 01/05/2022 - 15:18:54: [CSTRIKE] sv global variable is not available
L 01/05/2022 - 15:19:02: [AMXX] Failed to open dictionary file: cstrike\addons\amxmodx\data\lang\grab_plus.txt
L 01/05/2022 - 15:20:02: [rpg_mod.amxx] SQL Error: Lost connection to MySQL server at 'waiting for initial communication packet', system error: 0 (2013)
L 01/05/2022 - 15:20:02: [admin.amxx] Login: "Ricky_Khats<1><STEAM_ID_LAN><>" became an admin (account "Ricky_Khats") (access "abcdefghijklmnopqrstuv") (address "loopback")
L 01/05/2022 - 15:20:04: [admin.amxx] Login: "Ricky_Khats<1><STEAM_ID_LAN><>" became an admin (account "Ricky_Khats") (access "abcdefghijklmnopqrstuv") (address "loopback")
L 01/05/2022 - 15:28:38: -------- Mapchange to surf_green --------
L 01/05/2022 - 15:28:38: [AMXX] Failed to open dictionary file: cstrike\addons\amxmodx\data\lang\grab_plus.txt
L 01/05/2022 - 15:29:39: [rpg_mod.amxx] SQL Error: Lost connection to MySQL server at 'waiting for initial communication packet', system error: 0 (2013)
L 01/05/2022 - 15:29:39: [admin.amxx] Login: "Ricky_Khats<22><STEAM_ID_LAN><>" became an admin (account "Ricky_Khats") (access "abcdefghijklmnopqrstuv") (address "loopback")
L 01/05/2022 - 15:29:39: [admin.amxx] Login: "Ricky_Khats<22><STEAM_ID_LAN><>" became an admin (account "Ricky_Khats") (access "abcdefghijklmnopqrstuv") (address "loopback")
L 01/05/2022 - 15:47:37: [mapchooser.amxx] Vote: Voting for the nextmap started
L 01/05/2022 - 15:47:53: [mapchooser.amxx] Vote: Voting for the nextmap finished. The nextmap will be cs_havana
L 01/05/2022 - 16:12:38: [mapchooser.amxx] Vote: Voting for the nextmap started
L 01/05/2022 - 16:12:53: [mapchooser.amxx] Vote: Voting for the nextmap finished. The nextmap will be cs_havana
L 01/05/2022 - 16:14:54: -------- Mapchange to cs_havana --------
L 01/05/2022 - 16:14:55: [AMXX] Failed to open dictionary file: cstrike\addons\amxmodx\data\lang\grab_plus.txt
L 01/05/2022 - 16:14:56: [admin.amxx] Login: "Ricky_Khats<22><STEAM_ID_LAN><>" became an admin (account "Ricky_Khats") (access "abcdefghijklmnopqrstuv") (address "loopback")
L 01/05/2022 - 16:15:56: [rpg_mod.amxx] SQL Error: Lost connection to MySQL server at 'waiting for initial communication packet', system error: 0 (2013)
L 01/05/2022 - 16:15:58: [admin.amxx] Login: "Ricky_Khats<22><STEAM_ID_LAN><>" became an admin (account "Ricky_Khats") (access "abcdefghijklmnopqrstuv") (address "loopback")
L 01/05/2022 - 16:24:08: [GEOIP] Could not find GeoIP2 databases. Disabled natives.
L 01/05/2022 - 16:24:09: client_disconnected and client_remove forwards have been disabled - check your gamedata files.
L 01/05/2022 - 16:24:09: Binding/Hooking cvars have been disabled - check your gamedata files.
L 01/05/2022 - 16:24:09: -------- Mapchange to surf_green --------
L 01/05/2022 - 16:24:09: [CSTRIKE] GiveDefaultItems is not available - native cs_set_no_knives has been disabled
L 01/05/2022 - 16:24:09: [CSTRIKE] UTIL_FindEntByString is not available - native cs_find_ent_by_class() has been disabled
L 01/05/2022 - 16:24:09: [CSTRIKE] AddEntityHashValue or RemoveEntityHashValue is not available - native cs_set_ent_class() has been disabled
L 01/05/2022 - 16:24:09: [CSTRIKE] sv global variable is not available
L 01/05/2022 - 16:24:12: [AMXX] Failed to open dictionary file: cstrike\addons\amxmodx\data\lang\grab_plus.txt
L 01/05/2022 - 16:25:12: [rpg_mod.amxx] SQL Error: Lost connection to MySQL server at 'waiting for initial communication packet', system error: 0 (2013)
L 01/05/2022 - 16:25:12: [admin.amxx] Login: "Ricky_Khats<1><STEAM_ID_LAN><>" became an admin (account "Ricky_Khats") (access "abcdefghijklmnopqrstuv") (address "loopback")
L 01/05/2022 - 16:25:13: [admin.amxx] Login: "Ricky_Khats<1><STEAM_ID_LAN><>" became an admin (account "Ricky_Khats") (access "abcdefghijklmnopqrstuv") (address "loopback")
L 01/05/2022 - 16:32:24: -------- Mapchange to surf_green --------
L 01/05/2022 - 16:32:24: [AMXX] Failed to open dictionary file: cstrike\addons\amxmodx\data\lang\grab_plus.txt
L 01/05/2022 - 16:33:25: [rpg_mod.amxx] SQL Error: Lost connection to MySQL server at 'waiting for initial communication packet', system error: 0 (2013)
L 01/05/2022 - 16:33:25: [admin.amxx] Login: "Ricky_Khats<22><STEAM_ID_LAN><>" became an admin (account "Ricky_Khats") (access "abcdefghijklmnopqrstuv") (address "loopback")
L 01/05/2022 - 16:33:26: [admin.amxx] Login: "Ricky_Khats<22><STEAM_ID_LAN><>" became an admin (account "Ricky_Khats") (access "abcdefghijklmnopqrstuv") (address "loopback")
L 01/05/2022 - 16:51:24: [mapchooser.amxx] Vote: Voting for the nextmap started
L 01/05/2022 - 16:51:39: [mapchooser.amxx] Vote: Voting for the nextmap finished. The nextmap will be cs_havana
L 01/05/2022 - 16:55:40: -------- Mapchange to surf_green --------
L 01/05/2022 - 16:55:41: [AMXX] Failed to open dictionary file: cstrike\addons\amxmodx\data\lang\grab_plus.txt
L 01/05/2022 - 16:56:41: [rpg_mod.amxx] SQL Error: Lost connection to MySQL server at 'waiting for initial communication packet', system error: 0 (2013)
L 01/05/2022 - 16:56:41: [admin.amxx] Login: "Ricky_Khats<43><STEAM_ID_LAN><>" became an admin (account "Ricky_Khats") (access "abcdefghijklmnopqrstuv") (address "loopback")
L 01/05/2022 - 16:56:42: [admin.amxx] Login: "Ricky_Khats<43><STEAM_ID_LAN><>" became an admin (account "Ricky_Khats") (access "abcdefghijklmnopqrstuv") (address "loopback")
L 01/05/2022 - 16:57:36: -------- Mapchange to surf_green --------
L 01/05/2022 - 16:57:36: [AMXX] Failed to open dictionary file: cstrike\addons\amxmodx\data\lang\grab_plus.txt
L 01/05/2022 - 16:58:37: [rpg_mod.amxx] SQL Error: Lost connection to MySQL server at 'waiting for initial communication packet', system error: 0 (2013)
L 01/05/2022 - 16:58:37: [admin.amxx] Login: "Ricky_Khats<64><STEAM_ID_LAN><>" became an admin (account "Ricky_Khats") (access "abcdefghijklmnopqrstuv") (address "loopback")
L 01/05/2022 - 16:58:38: [admin.amxx] Login: "Ricky_Khats<64><STEAM_ID_LAN><>" became an admin (account "Ricky_Khats") (access "abcdefghijklmnopqrstuv") (address "loopback")
L 01/05/2022 - 17:10:47: -------- Mapchange to surf_green --------
L 01/05/2022 - 17:10:47: [AMXX] Failed to open dictionary file: cstrike\addons\amxmodx\data\lang\grab_plus.txt
L 01/05/2022 - 17:11:47: [rpg_mod.amxx] SQL Error: Lost connection to MySQL server at 'waiting for initial communication packet', system error: 0 (2013)
L 01/05/2022 - 17:11:47: [admin.amxx] Login: "Ricky_Khats<85><STEAM_ID_LAN><>" became an admin (account "Ricky_Khats") (access "abcdefghijklmnopqrstuv") (address "loopback")
L 01/05/2022 - 17:11:48: [admin.amxx] Login: "Ricky_Khats<85><STEAM_ID_LAN><>" became an admin (account "Ricky_Khats") (access "abcdefghijklmnopqrstuv") (address "loopback")
L 01/05/2022 - 17:29:46: [mapchooser.amxx] Vote: Voting for the nextmap started
L 01/05/2022 - 17:30:01: [mapchooser.amxx] Vote: Voting for the nextmap finished. The nextmap will be as_oilrig
L 01/05/2022 - 22:39:16: [GEOIP] Could not find GeoIP2 databases. Disabled natives.
L 01/05/2022 - 22:39:16: client_disconnected and client_remove forwards have been disabled - check your gamedata files.
L 01/05/2022 - 22:39:16: Binding/Hooking cvars have been disabled - check your gamedata files.
L 01/05/2022 - 22:39:17: -------- Mapchange to surf_green --------
L 01/05/2022 - 22:39:17: [CSTRIKE] GiveDefaultItems is not available - native cs_set_no_knives has been disabled
L 01/05/2022 - 22:39:17: [CSTRIKE] UTIL_FindEntByString is not available - native cs_find_ent_by_class() has been disabled
L 01/05/2022 - 22:39:17: [CSTRIKE] AddEntityHashValue or RemoveEntityHashValue is not available - native cs_set_ent_class() has been disabled
L 01/05/2022 - 22:39:17: [CSTRIKE] sv global variable is not available
L 01/05/2022 - 22:39:26: [AMXX] Failed to open dictionary file: cstrike\addons\amxmodx\data\lang\grab_plus.txt
L 01/05/2022 - 22:40:27: [rpg_mod.amxx] SQL Error: Lost connection to MySQL server at 'waiting for initial communication packet', system error: 0 (2013)
L 01/05/2022 - 22:40:27: [admin.amxx] Login: "Ricky_Khats<1><STEAM_ID_LAN><>" became an admin (account "Ricky_Khats") (access "abcdefghijklmnopqrstuv") (address "loopback")
L 01/05/2022 - 22:40:30: [admin.amxx] Login: "Ricky_Khats<1><STEAM_ID_LAN><>" became an admin (account "Ricky_Khats") (access "abcdefghijklmnopqrstuv") (address "loopback")
L 01/05/2022 - 22:41:36: -------- Mapchange to surf_green --------
L 01/05/2022 - 22:41:37: [AMXX] Failed to open dictionary file: cstrike\addons\amxmodx\data\lang\grab_plus.txt
L 01/05/2022 - 22:42:37: [rpg_mod.amxx] SQL Error: Lost connection to MySQL server at 'waiting for initial communication packet', system error: 0 (2013)
L 01/05/2022 - 22:42:37: [admin.amxx] Login: "Ricky_Khats<11><STEAM_ID_LAN><>" became an admin (account "Ricky_Khats") (access "abcdefghijklmnopqrstuv") (address "loopback")
L 01/05/2022 - 22:42:38: [admin.amxx] Login: "Ricky_Khats<11><STEAM_ID_LAN><>" became an admin (account "Ricky_Khats") (access "abcdefghijklmnopqrstuv") (address "loopback")
L 01/05/2022 - 22:55:58: -------- Mapchange to surf_green --------
L 01/05/2022 - 22:55:59: [AMXX] Failed to open dictionary file: cstrike\addons\amxmodx\data\lang\grab_plus.txt
L 01/05/2022 - 22:56:59: [rpg_mod.amxx] SQL Error: Lost connection to MySQL server at 'waiting for initial communication packet', system error: 0 (2013)
L 01/05/2022 - 22:56:59: [admin.amxx] Login: "Ricky_Khats<21><STEAM_ID_LAN><>" became an admin (account "Ricky_Khats") (access "abcdefghijklmnopqrstuv") (address "loopback")
L 01/05/2022 - 22:57:01: [admin.amxx] Login: "Ricky_Khats<21><STEAM_ID_LAN><>" became an admin (account "Ricky_Khats") (access "abcdefghijklmnopqrstuv") (address "loopback")
L 01/05/2022 - 23:00:25: -------- Mapchange to surf_green --------
L 01/05/2022 - 23:00:25: [AMXX] Failed to open dictionary file: cstrike\addons\amxmodx\data\lang\grab_plus.txt
L 01/05/2022 - 23:01:26: [rpg_mod.amxx] SQL Error: Lost connection to MySQL server at 'waiting for initial communication packet', system error: 0 (2013)
L 01/05/2022 - 23:01:26: [admin.amxx] Login: "Ricky_Khats<31><STEAM_ID_LAN><>" became an admin (account "Ricky_Khats") (access "abcdefghijklmnopqrstuv") (address "loopback")
L 01/05/2022 - 23:01:26: [admin.amxx] Login: "Ricky_Khats<31><STEAM_ID_LAN><>" became an admin (account "Ricky_Khats") (access "abcdefghijklmnopqrstuv") (address "loopback")
L 01/05/2022 - 23:05:03: -------- Mapchange to surf_green --------
L 01/05/2022 - 23:05:03: [AMXX] Failed to open dictionary file: cstrike\addons\amxmodx\data\lang\grab_plus.txt
L 01/05/2022 - 23:06:04: [rpg_mod.amxx] SQL Error: Lost connection to MySQL server at 'waiting for initial communication packet', system error: 0 (2013)
L 01/05/2022 - 23:06:04: [admin.amxx] Login: "Ricky_Khats<41><STEAM_ID_LAN><>" became an admin (account "Ricky_Khats") (access "abcdefghijklmnopqrstuv") (address "loopback")
L 01/05/2022 - 23:06:05: [admin.amxx] Login: "Ricky_Khats<41><STEAM_ID_LAN><>" became an admin (account "Ricky_Khats") (access "abcdefghijklmnopqrstuv") (address "loopback")
L 01/05/2022 - 23:27:26: -------- Mapchange to surf_green --------
L 01/05/2022 - 23:27:26: [AMXX] Failed to open dictionary file: cstrike\addons\amxmodx\data\lang\grab_plus.txt
L 01/05/2022 - 23:28:26: [rpg_mod.amxx] SQL Error: Lost connection to MySQL server at 'waiting for initial communication packet', system error: 0 (2013)
L 01/05/2022 - 23:28:26: [admin.amxx] Login: "Ricky_Khats<51><STEAM_ID_LAN><>" became an admin (account "Ricky_Khats") (access "abcdefghijklmnopqrstuv") (address "loopback")
L 01/05/2022 - 23:28:27: [admin.amxx] Login: "Ricky_Khats<51><STEAM_ID_LAN><>" became an admin (account "Ricky_Khats") (access "abcdefghijklmnopqrstuv") (address "loopback")
L 01/05/2022 - 23:37:56: -------- Mapchange to surf_green --------
L 01/05/2022 - 23:37:56: [AMXX] Failed to open dictionary file: cstrike\addons\amxmodx\data\lang\grab_plus.txt
L 01/05/2022 - 23:38:56: [rpg_mod.amxx] SQL Error: Lost connection to MySQL server at 'waiting for initial communication packet', system error: 0 (2013)
L 01/05/2022 - 23:38:56: [admin.amxx] Login: "Ricky_Khats<61><STEAM_ID_LAN><>" became an admin (account "Ricky_Khats") (access "abcdefghijklmnopqrstuv") (address "loopback")
L 01/05/2022 - 23:38:58: [admin.amxx] Login: "Ricky_Khats<61><STEAM_ID_LAN><>" became an admin (account "Ricky_Khats") (access "abcdefghijklmnopqrstuv") (address "loopback")
L 01/05/2022 - 23:42:02: -------- Mapchange to surf_green --------
L 01/05/2022 - 23:42:02: [AMXX] Failed to open dictionary file: cstrike\addons\amxmodx\data\lang\grab_plus.txt
L 01/05/2022 - 23:43:02: [rpg_mod.amxx] SQL Error: Lost connection to MySQL server at 'waiting for initial communication packet', system error: 0 (2013)
L 01/05/2022 - 23:43:03: [admin.amxx] Login: "Ricky_Khats<63><STEAM_ID_LAN><>" became an admin (account "Ricky_Khats") (access "abcdefghijklmnopqrstuv") (address "loopback")
L 01/05/2022 - 23:43:03: [admin.amxx] Login: "Ricky_Khats<63><STEAM_ID_LAN><>" became an admin (account "Ricky_Khats") (access "abcdefghijklmnopqrstuv") (address "loopback")
L 01/05/2022 - 23:45:49: -------- Mapchange to surf_green --------
L 01/05/2022 - 23:45:49: [AMXX] Failed to open dictionary file: cstrike\addons\amxmodx\data\lang\grab_plus.txt
L 01/05/2022 - 23:46:10: [rpg_mod.amxx] SQL Error: Can't connect to MySQL server on 'db3.myarena.ru' (10060) (2003)
L 01/05/2022 - 23:46:10: [admin.amxx] Login: "Ricky_Khats<65><STEAM_ID_LAN><>" became an admin (account "Ricky_Khats") (access "abcdefghijklmnopqrstuv") (address "loopback")
L 01/05/2022 - 23:46:12: [admin.amxx] Login: "Ricky_Khats<65><STEAM_ID_LAN><>" became an admin (account "Ricky_Khats") (access "abcdefghijklmnopqrstuv") (address "loopback")
