L 12/24/2021 - 00:08:45: [admin.amxx] Login: "Ricky<1><STEAM_ID_LAN><>" became an admin (account "loopback") (access "abcdefghijklmnopqrstuv") (address "loopback")
L 12/24/2021 - 00:17:56: [mapchooser.amxx] Vote: Voting for the nextmap started
L 12/24/2021 - 00:18:04: -------- Mapchange to de_dust2 --------
L 12/24/2021 - 00:18:05: [admin.amxx] Login: "Ricky<2><STEAM_ID_LAN><>" became an admin (account "loopback") (access "abcdefghijklmnopqrstuv") (address "loopback")
L 12/24/2021 - 00:18:06: [admin.amxx] Login: "Ricky<2><STEAM_ID_LAN><>" became an admin (account "loopback") (access "abcdefghijklmnopqrstuv") (address "loopback")
L 12/24/2021 - 00:23:05: -------- Mapchange to de_dust2 --------
L 12/24/2021 - 00:23:05: [admin.amxx] Login: "Ricky<3><STEAM_ID_LAN><>" became an admin (account "loopback") (access "abcdefghijklmnopqrstuv") (address "loopback")
L 12/24/2021 - 00:23:06: [admin.amxx] Login: "Ricky<3><STEAM_ID_LAN><>" became an admin (account "loopback") (access "abcdefghijklmnopqrstuv") (address "loopback")
L 12/24/2021 - 00:34:44: [GEOIP] Could not find GeoIP2 databases. Disabled natives.
L 12/24/2021 - 00:34:45: client_disconnected and client_remove forwards have been disabled - check your gamedata files.
L 12/24/2021 - 00:34:45: Binding/Hooking cvars have been disabled - check your gamedata files.
L 12/24/2021 - 00:34:45: -------- Mapchange to de_dust2 --------
L 12/24/2021 - 00:34:45: [CSTRIKE] GiveDefaultItems is not available - native cs_set_no_knives has been disabled
L 12/24/2021 - 00:34:45: [CSTRIKE] UTIL_FindEntByString is not available - native cs_find_ent_by_class() has been disabled
L 12/24/2021 - 00:34:45: [CSTRIKE] AddEntityHashValue or RemoveEntityHashValue is not available - native cs_set_ent_class() has been disabled
L 12/24/2021 - 00:34:45: [CSTRIKE] sv global variable is not available
L 12/24/2021 - 00:34:47: [admin.amxx] Login: "Ricky<1><STEAM_ID_LAN><>" became an admin (account "loopback") (access "abcdefghijklmnopqrstuv") (address "loopback")
L 12/24/2021 - 00:34:47: [admin.amxx] Login: "Ricky<1><STEAM_ID_LAN><>" became an admin (account "loopback") (access "abcdefghijklmnopqrstuv") (address "loopback")
L 12/24/2021 - 00:37:24: -------- Mapchange to de_dust2 --------
L 12/24/2021 - 00:37:25: [admin.amxx] Login: "Ricky<2><STEAM_ID_LAN><>" became an admin (account "loopback") (access "abcdefghijklmnopqrstuv") (address "loopback")
L 12/24/2021 - 00:37:25: [admin.amxx] Login: "Ricky<2><STEAM_ID_LAN><>" became an admin (account "loopback") (access "abcdefghijklmnopqrstuv") (address "loopback")
L 12/24/2021 - 10:36:47: [GEOIP] Could not find GeoIP2 databases. Disabled natives.
L 12/24/2021 - 10:36:48: client_disconnected and client_remove forwards have been disabled - check your gamedata files.
L 12/24/2021 - 10:36:48: Binding/Hooking cvars have been disabled - check your gamedata files.
L 12/24/2021 - 10:36:48: -------- Mapchange to de_dust2 --------
L 12/24/2021 - 10:36:49: [CSTRIKE] GiveDefaultItems is not available - native cs_set_no_knives has been disabled
L 12/24/2021 - 10:36:49: [CSTRIKE] UTIL_FindEntByString is not available - native cs_find_ent_by_class() has been disabled
L 12/24/2021 - 10:36:49: [CSTRIKE] AddEntityHashValue or RemoveEntityHashValue is not available - native cs_set_ent_class() has been disabled
L 12/24/2021 - 10:36:49: [CSTRIKE] sv global variable is not available
L 12/24/2021 - 10:36:57: [admin.amxx] Login: "Ricky<1><STEAM_ID_LAN><>" became an admin (account "loopback") (access "abcdefghijklmnopqrstuv") (address "loopback")
L 12/24/2021 - 10:36:59: [admin.amxx] Login: "Ricky<1><STEAM_ID_LAN><>" became an admin (account "loopback") (access "abcdefghijklmnopqrstuv") (address "loopback")
L 12/24/2021 - 10:38:20: -------- Mapchange to de_dust2 --------
L 12/24/2021 - 10:38:21: [admin.amxx] Login: "Ricky<2><STEAM_ID_LAN><>" became an admin (account "loopback") (access "abcdefghijklmnopqrstuv") (address "loopback")
L 12/24/2021 - 10:38:22: [admin.amxx] Login: "Ricky<2><STEAM_ID_LAN><>" became an admin (account "loopback") (access "abcdefghijklmnopqrstuv") (address "loopback")
L 12/24/2021 - 10:39:52: -------- Mapchange to de_dust2 --------
L 12/24/2021 - 10:39:52: [admin.amxx] Login: "Ricky<3><STEAM_ID_LAN><>" became an admin (account "loopback") (access "abcdefghijklmnopqrstuv") (address "loopback")
L 12/24/2021 - 10:39:53: [admin.amxx] Login: "Ricky<3><STEAM_ID_LAN><>" became an admin (account "loopback") (access "abcdefghijklmnopqrstuv") (address "loopback")
L 12/24/2021 - 10:40:51: -------- Mapchange to de_dust2 --------
L 12/24/2021 - 10:40:52: [admin.amxx] Login: "Ricky<4><STEAM_ID_LAN><>" became an admin (account "loopback") (access "abcdefghijklmnopqrstuv") (address "loopback")
L 12/24/2021 - 10:40:52: [admin.amxx] Login: "Ricky<4><STEAM_ID_LAN><>" became an admin (account "loopback") (access "abcdefghijklmnopqrstuv") (address "loopback")
L 12/24/2021 - 10:58:51: [mapchooser.amxx] Vote: Voting for the nextmap started
L 12/24/2021 - 10:59:06: [mapchooser.amxx] Vote: Voting for the nextmap finished. The nextmap will be de_aztec
L 12/24/2021 - 10:59:41: -------- Mapchange to de_dust2 --------
L 12/24/2021 - 10:59:41: [admin.amxx] Login: "Ricky<5><STEAM_ID_LAN><>" became an admin (account "loopback") (access "abcdefghijklmnopqrstuv") (address "loopback")
L 12/24/2021 - 10:59:42: [admin.amxx] Login: "Ricky<5><STEAM_ID_LAN><>" became an admin (account "loopback") (access "abcdefghijklmnopqrstuv") (address "loopback")
L 12/24/2021 - 11:00:56: -------- Mapchange to de_dust2 --------
L 12/24/2021 - 11:00:56: [admin.amxx] Login: "Ricky<6><STEAM_ID_LAN><>" became an admin (account "loopback") (access "abcdefghijklmnopqrstuv") (address "loopback")
L 12/24/2021 - 11:00:57: [admin.amxx] Login: "Ricky<6><STEAM_ID_LAN><>" became an admin (account "loopback") (access "abcdefghijklmnopqrstuv") (address "loopback")
L 12/24/2021 - 11:02:58: -------- Mapchange to de_dust2 --------
L 12/24/2021 - 11:02:59: [admin.amxx] Login: "Ricky<7><STEAM_ID_LAN><>" became an admin (account "loopback") (access "abcdefghijklmnopqrstuv") (address "loopback")
L 12/24/2021 - 11:03:00: [admin.amxx] Login: "Ricky<7><STEAM_ID_LAN><>" became an admin (account "loopback") (access "abcdefghijklmnopqrstuv") (address "loopback")
L 12/24/2021 - 11:21:01: [mapchooser.amxx] Vote: Voting for the nextmap started
L 12/24/2021 - 11:21:16: [mapchooser.amxx] Vote: Voting for the nextmap finished. The nextmap will be de_cbble
L 12/24/2021 - 11:25:04: -------- Mapchange to de_cbble --------
L 12/24/2021 - 11:25:05: [admin.amxx] Login: "Ricky<7><STEAM_ID_LAN><>" became an admin (account "loopback") (access "abcdefghijklmnopqrstuv") (address "loopback")
L 12/24/2021 - 11:25:06: [admin.amxx] Login: "Ricky<7><STEAM_ID_LAN><>" became an admin (account "loopback") (access "abcdefghijklmnopqrstuv") (address "loopback")
L 12/24/2021 - 11:43:05: [mapchooser.amxx] Vote: Voting for the nextmap started
L 12/24/2021 - 11:43:20: [mapchooser.amxx] Vote: Voting for the nextmap finished. The nextmap will be de_dust
L 12/24/2021 - 11:47:10: -------- Mapchange to de_dust --------
L 12/24/2021 - 11:47:11: [admin.amxx] Login: "Ricky<7><STEAM_ID_LAN><>" became an admin (account "loopback") (access "abcdefghijklmnopqrstuv") (address "loopback")
L 12/24/2021 - 11:47:11: [admin.amxx] Login: "Ricky<7><STEAM_ID_LAN><>" became an admin (account "loopback") (access "abcdefghijklmnopqrstuv") (address "loopback")
L 12/24/2021 - 11:57:43: -------- Mapchange to de_dust --------
L 12/24/2021 - 11:57:44: [admin.amxx] Login: "Ricky<8><STEAM_ID_LAN><>" became an admin (account "loopback") (access "abcdefghijklmnopqrstuv") (address "loopback")
L 12/24/2021 - 11:57:45: [admin.amxx] Login: "Ricky<8><STEAM_ID_LAN><>" became an admin (account "loopback") (access "abcdefghijklmnopqrstuv") (address "loopback")
L 12/24/2021 - 12:08:50: -------- Mapchange to de_dust --------
L 12/24/2021 - 12:08:51: [admin.amxx] Login: "Ricky<9><STEAM_ID_LAN><>" became an admin (account "loopback") (access "abcdefghijklmnopqrstuv") (address "loopback")
L 12/24/2021 - 12:08:51: [admin.amxx] Login: "Ricky<9><STEAM_ID_LAN><>" became an admin (account "loopback") (access "abcdefghijklmnopqrstuv") (address "loopback")
L 12/24/2021 - 12:10:40: -------- Mapchange to de_dust --------
L 12/24/2021 - 12:10:41: [admin.amxx] Login: "Ricky<11><STEAM_ID_LAN><>" became an admin (account "loopback") (access "abcdefghijklmnopqrstuv") (address "loopback")
L 12/24/2021 - 12:10:41: [admin.amxx] Login: "Ricky<11><STEAM_ID_LAN><>" became an admin (account "loopback") (access "abcdefghijklmnopqrstuv") (address "loopback")
L 12/24/2021 - 12:11:41: -------- Mapchange to de_dust --------
L 12/24/2021 - 12:12:13: [GEOIP] Could not find GeoIP2 databases. Disabled natives.
L 12/24/2021 - 12:12:13: client_disconnected and client_remove forwards have been disabled - check your gamedata files.
L 12/24/2021 - 12:12:13: Binding/Hooking cvars have been disabled - check your gamedata files.
L 12/24/2021 - 12:12:13: -------- Mapchange to de_dust2 --------
L 12/24/2021 - 12:12:13: [CSTRIKE] GiveDefaultItems is not available - native cs_set_no_knives has been disabled
L 12/24/2021 - 12:12:13: [CSTRIKE] UTIL_FindEntByString is not available - native cs_find_ent_by_class() has been disabled
L 12/24/2021 - 12:12:13: [CSTRIKE] AddEntityHashValue or RemoveEntityHashValue is not available - native cs_set_ent_class() has been disabled
L 12/24/2021 - 12:12:13: [CSTRIKE] sv global variable is not available
L 12/24/2021 - 12:12:15: [AMXX] Failed to open dictionary file: cstrike\addons\amxmodx\data\lang\grab_plus.txt
L 12/24/2021 - 12:12:15: [AMXX] Failed to open dictionary file: cstrike\addons\amxmodx\data\lang\grab.txt
L 12/24/2021 - 12:12:15: [admin.amxx] Login: "Ricky<1><STEAM_ID_LAN><>" became an admin (account "loopback") (access "abcdefghijklmnopqrstuv") (address "loopback")
L 12/24/2021 - 12:12:16: [admin.amxx] Login: "Ricky<1><STEAM_ID_LAN><>" became an admin (account "loopback") (access "abcdefghijklmnopqrstuv") (address "loopback")
L 12/24/2021 - 12:21:35: -------- Mapchange to de_dust2 --------
L 12/24/2021 - 12:21:35: [AMXX] Failed to open dictionary file: cstrike\addons\amxmodx\data\lang\grab_plus.txt
L 12/24/2021 - 12:21:35: [AMXX] Failed to open dictionary file: cstrike\addons\amxmodx\data\lang\grab.txt
L 12/24/2021 - 12:21:36: [admin.amxx] Login: "Ricky<3><STEAM_ID_LAN><>" became an admin (account "loopback") (access "abcdefghijklmnopqrstuv") (address "loopback")
L 12/24/2021 - 12:21:36: [admin.amxx] Login: "Ricky<3><STEAM_ID_LAN><>" became an admin (account "loopback") (access "abcdefghijklmnopqrstuv") (address "loopback")
L 12/24/2021 - 12:31:14: -------- Mapchange to de_dust2 --------
L 12/24/2021 - 12:31:15: [AMXX] Failed to open dictionary file: cstrike\addons\amxmodx\data\lang\grab_plus.txt
L 12/24/2021 - 12:31:15: [AMXX] Failed to open dictionary file: cstrike\addons\amxmodx\data\lang\grab.txt
L 12/24/2021 - 12:31:15: [admin.amxx] Login: "Ricky<6><STEAM_ID_LAN><>" became an admin (account "loopback") (access "abcdefghijklmnopqrstuv") (address "loopback")
L 12/24/2021 - 12:31:16: [admin.amxx] Login: "Ricky<6><STEAM_ID_LAN><>" became an admin (account "loopback") (access "abcdefghijklmnopqrstuv") (address "loopback")
L 12/24/2021 - 12:32:21: -------- Mapchange to de_dust2 --------
L 12/24/2021 - 12:32:21: [AMXX] Failed to open dictionary file: cstrike\addons\amxmodx\data\lang\grab_plus.txt
L 12/24/2021 - 12:32:21: [AMXX] Failed to open dictionary file: cstrike\addons\amxmodx\data\lang\grab.txt
L 12/24/2021 - 12:32:21: [admin.amxx] Login: "Ricky<9><STEAM_ID_LAN><>" became an admin (account "loopback") (access "abcdefghijklmnopqrstuv") (address "loopback")
L 12/24/2021 - 12:32:22: [admin.amxx] Login: "Ricky<9><STEAM_ID_LAN><>" became an admin (account "loopback") (access "abcdefghijklmnopqrstuv") (address "loopback")
L 12/24/2021 - 14:37:02: [GEOIP] Could not find GeoIP2 databases. Disabled natives.
L 12/24/2021 - 14:37:03: client_disconnected and client_remove forwards have been disabled - check your gamedata files.
L 12/24/2021 - 14:37:03: Binding/Hooking cvars have been disabled - check your gamedata files.
L 12/24/2021 - 14:37:03: -------- Mapchange to de_dust2 --------
L 12/24/2021 - 14:37:03: [CSTRIKE] GiveDefaultItems is not available - native cs_set_no_knives has been disabled
L 12/24/2021 - 14:37:03: [CSTRIKE] UTIL_FindEntByString is not available - native cs_find_ent_by_class() has been disabled
L 12/24/2021 - 14:37:03: [CSTRIKE] AddEntityHashValue or RemoveEntityHashValue is not available - native cs_set_ent_class() has been disabled
L 12/24/2021 - 14:37:03: [CSTRIKE] sv global variable is not available
L 12/24/2021 - 14:37:11: [AMXX] Failed to open dictionary file: cstrike\addons\amxmodx\data\lang\grab_plus.txt
L 12/24/2021 - 14:37:11: [AMXX] Failed to open dictionary file: cstrike\addons\amxmodx\data\lang\grab.txt
L 12/24/2021 - 14:37:12: [admin.amxx] Login: "Ricky<1><STEAM_ID_LAN><>" became an admin (account "loopback") (access "abcdefghijklmnopqrstuv") (address "loopback")
L 12/24/2021 - 14:37:14: [admin.amxx] Login: "Ricky<1><STEAM_ID_LAN><>" became an admin (account "loopback") (access "abcdefghijklmnopqrstuv") (address "loopback")
L 12/24/2021 - 14:38:12: -------- Mapchange to de_dust2 --------
L 12/24/2021 - 14:38:12: [AMXX] Failed to open dictionary file: cstrike\addons\amxmodx\data\lang\grab_plus.txt
L 12/24/2021 - 14:38:12: [AMXX] Failed to open dictionary file: cstrike\addons\amxmodx\data\lang\grab.txt
L 12/24/2021 - 14:38:13: [admin.amxx] Login: "Ricky<3><STEAM_ID_LAN><>" became an admin (account "loopback") (access "abcdefghijklmnopqrstuv") (address "loopback")
L 12/24/2021 - 14:38:13: [admin.amxx] Login: "Ricky<3><STEAM_ID_LAN><>" became an admin (account "loopback") (access "abcdefghijklmnopqrstuv") (address "loopback")
