L 01/07/2022 - 13:23:42: [GEOIP] Could not find GeoIP2 databases. Disabled natives.
L 01/07/2022 - 13:23:43: client_disconnected and client_remove forwards have been disabled - check your gamedata files.
L 01/07/2022 - 13:23:43: Binding/Hooking cvars have been disabled - check your gamedata files.
L 01/07/2022 - 13:23:43: -------- Mapchange to surf_green --------
L 01/07/2022 - 13:23:44: [CSTRIKE] GiveDefaultItems is not available - native cs_set_no_knives has been disabled
L 01/07/2022 - 13:23:44: [CSTRIKE] UTIL_FindEntByString is not available - native cs_find_ent_by_class() has been disabled
L 01/07/2022 - 13:23:44: [CSTRIKE] AddEntityHashValue or RemoveEntityHashValue is not available - native cs_set_ent_class() has been disabled
L 01/07/2022 - 13:23:44: [CSTRIKE] sv global variable is not available
L 01/07/2022 - 13:23:54: [AMXX] Failed to open dictionary file: cstrike\addons\amxmodx\data\lang\grab_plus.txt
L 01/07/2022 - 13:24:58: [rpg_mod.amxx] SQL Error: Lost connection to MySQL server at 'waiting for initial communication packet', system error: 0 (2013)
L 01/07/2022 - 13:24:58: [admin.amxx] Login: "Ricky_Khats<1><STEAM_ID_LAN><>" became an admin (account "Ricky_Khats") (access "abcdefghijklmnopqrstuv") (address "loopback")
L 01/07/2022 - 13:25:00: [admin.amxx] Login: "Ricky_Khats<1><STEAM_ID_LAN><>" became an admin (account "Ricky_Khats") (access "abcdefghijklmnopqrstuv") (address "loopback")
L 01/07/2022 - 13:28:17: -------- Mapchange to surf_green --------
L 01/07/2022 - 13:28:17: [AMXX] Failed to open dictionary file: cstrike\addons\amxmodx\data\lang\grab_plus.txt
L 01/07/2022 - 13:29:18: [rpg_mod.amxx] SQL Error: Lost connection to MySQL server at 'waiting for initial communication packet', system error: 0 (2013)
L 01/07/2022 - 13:29:18: [admin.amxx] Login: "Ricky_Khats<11><STEAM_ID_LAN><>" became an admin (account "Ricky_Khats") (access "abcdefghijklmnopqrstuv") (address "loopback")
L 01/07/2022 - 13:29:18: [admin.amxx] Login: "Ricky_Khats<11><STEAM_ID_LAN><>" became an admin (account "Ricky_Khats") (access "abcdefghijklmnopqrstuv") (address "loopback")
L 01/07/2022 - 13:30:11: -------- Mapchange to surf_green --------
L 01/07/2022 - 13:30:12: [AMXX] Failed to open dictionary file: cstrike\addons\amxmodx\data\lang\grab_plus.txt
L 01/07/2022 - 13:31:13: [rpg_mod.amxx] SQL Error: Lost connection to MySQL server at 'waiting for initial communication packet', system error: 0 (2013)
L 01/07/2022 - 13:31:13: [admin.amxx] Login: "Ricky_Khats<21><STEAM_ID_LAN><>" became an admin (account "Ricky_Khats") (access "abcdefghijklmnopqrstuv") (address "loopback")
L 01/07/2022 - 13:31:14: [admin.amxx] Login: "Ricky_Khats<21><STEAM_ID_LAN><>" became an admin (account "Ricky_Khats") (access "abcdefghijklmnopqrstuv") (address "loopback")
L 01/07/2022 - 14:21:42: [GEOIP] Could not find GeoIP2 databases. Disabled natives.
L 01/07/2022 - 14:21:42: client_disconnected and client_remove forwards have been disabled - check your gamedata files.
L 01/07/2022 - 14:21:42: Binding/Hooking cvars have been disabled - check your gamedata files.
L 01/07/2022 - 14:21:43: -------- Mapchange to surf_green --------
L 01/07/2022 - 14:21:43: [CSTRIKE] GiveDefaultItems is not available - native cs_set_no_knives has been disabled
L 01/07/2022 - 14:21:43: [CSTRIKE] UTIL_FindEntByString is not available - native cs_find_ent_by_class() has been disabled
L 01/07/2022 - 14:21:43: [CSTRIKE] AddEntityHashValue or RemoveEntityHashValue is not available - native cs_set_ent_class() has been disabled
L 01/07/2022 - 14:21:43: [CSTRIKE] sv global variable is not available
L 01/07/2022 - 14:21:52: [AMXX] Failed to open dictionary file: cstrike\addons\amxmodx\data\lang\grab_plus.txt
L 01/07/2022 - 14:22:52: [rpg_mod.amxx] SQL Error: Lost connection to MySQL server at 'waiting for initial communication packet', system error: 0 (2013)
L 01/07/2022 - 14:22:52: [admin.amxx] Login: "Ricky_Khats<1><STEAM_ID_LAN><>" became an admin (account "Ricky_Khats") (access "abcdefghijklmnopqrstuv") (address "loopback")
L 01/07/2022 - 14:22:55: [admin.amxx] Login: "Ricky_Khats<1><STEAM_ID_LAN><>" became an admin (account "Ricky_Khats") (access "abcdefghijklmnopqrstuv") (address "loopback")
L 01/07/2022 - 14:25:53: -------- Mapchange to surf_green --------
L 01/07/2022 - 14:25:54: [AMXX] Failed to open dictionary file: cstrike\addons\amxmodx\data\lang\grab_plus.txt
L 01/07/2022 - 14:26:54: [rpg_mod.amxx] SQL Error: Lost connection to MySQL server at 'waiting for initial communication packet', system error: 0 (2013)
L 01/07/2022 - 14:26:54: [admin.amxx] Login: "Ricky_Khats<11><STEAM_ID_LAN><>" became an admin (account "Ricky_Khats") (access "abcdefghijklmnopqrstuv") (address "loopback")
L 01/07/2022 - 14:26:55: [admin.amxx] Login: "Ricky_Khats<11><STEAM_ID_LAN><>" became an admin (account "Ricky_Khats") (access "abcdefghijklmnopqrstuv") (address "loopback")
L 01/07/2022 - 14:44:53: [mapchooser.amxx] Vote: Voting for the nextmap started
L 01/07/2022 - 14:45:08: [mapchooser.amxx] Vote: Voting for the nextmap finished. The nextmap will be cs_havana
L 01/07/2022 - 14:57:09: -------- Mapchange to surf_green --------
L 01/07/2022 - 14:57:09: [AMXX] Failed to open dictionary file: cstrike\addons\amxmodx\data\lang\grab_plus.txt
L 01/07/2022 - 14:58:09: [rpg_mod.amxx] SQL Error: Lost connection to MySQL server at 'waiting for initial communication packet', system error: 0 (2013)
L 01/07/2022 - 14:58:09: [admin.amxx] Login: "Ricky_Khats<21><STEAM_ID_LAN><>" became an admin (account "Ricky_Khats") (access "abcdefghijklmnopqrstuv") (address "loopback")
L 01/07/2022 - 14:58:11: [admin.amxx] Login: "Ricky_Khats<21><STEAM_ID_LAN><>" became an admin (account "Ricky_Khats") (access "abcdefghijklmnopqrstuv") (address "loopback")
L 01/07/2022 - 15:16:12: [mapchooser.amxx] Vote: Voting for the nextmap started
L 01/07/2022 - 15:16:27: [mapchooser.amxx] Vote: Voting for the nextmap finished. The nextmap will be de_chateau
L 01/07/2022 - 16:35:21: [GEOIP] Could not find GeoIP2 databases. Disabled natives.
L 01/07/2022 - 16:35:22: client_disconnected and client_remove forwards have been disabled - check your gamedata files.
L 01/07/2022 - 16:35:22: Binding/Hooking cvars have been disabled - check your gamedata files.
L 01/07/2022 - 16:35:22: -------- Mapchange to surf_green --------
L 01/07/2022 - 16:35:23: [CSTRIKE] GiveDefaultItems is not available - native cs_set_no_knives has been disabled
L 01/07/2022 - 16:35:23: [CSTRIKE] UTIL_FindEntByString is not available - native cs_find_ent_by_class() has been disabled
L 01/07/2022 - 16:35:23: [CSTRIKE] AddEntityHashValue or RemoveEntityHashValue is not available - native cs_set_ent_class() has been disabled
L 01/07/2022 - 16:35:23: [CSTRIKE] sv global variable is not available
L 01/07/2022 - 16:35:31: [AMXX] Failed to open dictionary file: cstrike\addons\amxmodx\data\lang\grab_plus.txt
L 01/07/2022 - 16:36:32: [rpg_mod.amxx] SQL Error: Lost connection to MySQL server at 'waiting for initial communication packet', system error: 0 (2013)
L 01/07/2022 - 16:36:32: [admin.amxx] Login: "Ricky_Khats<1><STEAM_ID_LAN><>" became an admin (account "Ricky_Khats") (access "abcdefghijklmnopqrstuv") (address "loopback")
L 01/07/2022 - 16:36:34: [admin.amxx] Login: "Ricky_Khats<1><STEAM_ID_LAN><>" became an admin (account "Ricky_Khats") (access "abcdefghijklmnopqrstuv") (address "loopback")
L 01/07/2022 - 16:43:33: [GEOIP] Could not find GeoIP2 databases. Disabled natives.
L 01/07/2022 - 16:43:33: client_disconnected and client_remove forwards have been disabled - check your gamedata files.
L 01/07/2022 - 16:43:33: Binding/Hooking cvars have been disabled - check your gamedata files.
L 01/07/2022 - 16:43:33: -------- Mapchange to surf_green --------
L 01/07/2022 - 16:43:34: [CSTRIKE] GiveDefaultItems is not available - native cs_set_no_knives has been disabled
L 01/07/2022 - 16:43:34: [CSTRIKE] UTIL_FindEntByString is not available - native cs_find_ent_by_class() has been disabled
L 01/07/2022 - 16:43:34: [CSTRIKE] AddEntityHashValue or RemoveEntityHashValue is not available - native cs_set_ent_class() has been disabled
L 01/07/2022 - 16:43:34: [CSTRIKE] sv global variable is not available
L 01/07/2022 - 16:43:36: [AMXX] Failed to open dictionary file: cstrike\addons\amxmodx\data\lang\grab_plus.txt
L 01/07/2022 - 16:44:36: [rpg_mod.amxx] SQL Error: Lost connection to MySQL server at 'waiting for initial communication packet', system error: 0 (2013)
L 01/07/2022 - 16:44:36: [admin.amxx] Login: "Ricky_Khats<1><STEAM_ID_LAN><>" became an admin (account "Ricky_Khats") (access "abcdefghijklmnopqrstuv") (address "loopback")
L 01/07/2022 - 16:44:39: [admin.amxx] Login: "Ricky_Khats<1><STEAM_ID_LAN><>" became an admin (account "Ricky_Khats") (access "abcdefghijklmnopqrstuv") (address "loopback")
L 01/07/2022 - 16:46:00: [GEOIP] Could not find GeoIP2 databases. Disabled natives.
L 01/07/2022 - 16:46:01: client_disconnected and client_remove forwards have been disabled - check your gamedata files.
L 01/07/2022 - 16:46:01: Binding/Hooking cvars have been disabled - check your gamedata files.
L 01/07/2022 - 16:46:01: -------- Mapchange to surf_green --------
L 01/07/2022 - 16:46:01: [CSTRIKE] GiveDefaultItems is not available - native cs_set_no_knives has been disabled
L 01/07/2022 - 16:46:01: [CSTRIKE] UTIL_FindEntByString is not available - native cs_find_ent_by_class() has been disabled
L 01/07/2022 - 16:46:01: [CSTRIKE] AddEntityHashValue or RemoveEntityHashValue is not available - native cs_set_ent_class() has been disabled
L 01/07/2022 - 16:46:01: [CSTRIKE] sv global variable is not available
L 01/07/2022 - 16:46:03: [AMXX] Failed to open dictionary file: cstrike\addons\amxmodx\data\lang\grab_plus.txt
L 01/07/2022 - 16:47:04: [rpg_mod.amxx] SQL Error: Lost connection to MySQL server at 'waiting for initial communication packet', system error: 0 (2013)
L 01/07/2022 - 16:47:04: [admin.amxx] Login: "Ricky_Khats<1><STEAM_ID_LAN><>" became an admin (account "Ricky_Khats") (access "abcdefghijklmnopqrstuv") (address "loopback")
L 01/07/2022 - 16:47:04: [admin.amxx] Login: "Ricky_Khats<1><STEAM_ID_LAN><>" became an admin (account "Ricky_Khats") (access "abcdefghijklmnopqrstuv") (address "loopback")
L 01/07/2022 - 16:49:14: [GEOIP] Could not find GeoIP2 databases. Disabled natives.
L 01/07/2022 - 16:49:14: client_disconnected and client_remove forwards have been disabled - check your gamedata files.
L 01/07/2022 - 16:49:14: Binding/Hooking cvars have been disabled - check your gamedata files.
L 01/07/2022 - 16:49:14: -------- Mapchange to surf_green --------
L 01/07/2022 - 16:49:14: [CSTRIKE] GiveDefaultItems is not available - native cs_set_no_knives has been disabled
L 01/07/2022 - 16:49:14: [CSTRIKE] UTIL_FindEntByString is not available - native cs_find_ent_by_class() has been disabled
L 01/07/2022 - 16:49:14: [CSTRIKE] AddEntityHashValue or RemoveEntityHashValue is not available - native cs_set_ent_class() has been disabled
L 01/07/2022 - 16:49:14: [CSTRIKE] sv global variable is not available
L 01/07/2022 - 16:49:17: [AMXX] Failed to open dictionary file: cstrike\addons\amxmodx\data\lang\grab_plus.txt
L 01/07/2022 - 16:50:17: [rpg_mod.amxx] SQL Error: Lost connection to MySQL server at 'waiting for initial communication packet', system error: 0 (2013)
L 01/07/2022 - 16:50:17: [admin.amxx] Login: "Ricky_Khats<1><STEAM_ID_LAN><>" became an admin (account "Ricky_Khats") (access "abcdefghijklmnopqrstuv") (address "loopback")
L 01/07/2022 - 16:50:18: [admin.amxx] Login: "Ricky_Khats<1><STEAM_ID_LAN><>" became an admin (account "Ricky_Khats") (access "abcdefghijklmnopqrstuv") (address "loopback")
L 01/07/2022 - 16:55:02: [GEOIP] Could not find GeoIP2 databases. Disabled natives.
L 01/07/2022 - 16:55:02: client_disconnected and client_remove forwards have been disabled - check your gamedata files.
L 01/07/2022 - 16:55:02: Binding/Hooking cvars have been disabled - check your gamedata files.
L 01/07/2022 - 16:55:02: -------- Mapchange to surf_green --------
L 01/07/2022 - 16:55:02: [CSTRIKE] GiveDefaultItems is not available - native cs_set_no_knives has been disabled
L 01/07/2022 - 16:55:02: [CSTRIKE] UTIL_FindEntByString is not available - native cs_find_ent_by_class() has been disabled
L 01/07/2022 - 16:55:02: [CSTRIKE] AddEntityHashValue or RemoveEntityHashValue is not available - native cs_set_ent_class() has been disabled
L 01/07/2022 - 16:55:02: [CSTRIKE] sv global variable is not available
L 01/07/2022 - 16:55:04: [AMXX] Failed to open dictionary file: cstrike\addons\amxmodx\data\lang\grab_plus.txt
L 01/07/2022 - 16:56:05: [rpg_mod.amxx] SQL Error: Lost connection to MySQL server at 'waiting for initial communication packet', system error: 0 (2013)
L 01/07/2022 - 16:56:05: [admin.amxx] Login: "Ricky_Khats<1><STEAM_ID_LAN><>" became an admin (account "Ricky_Khats") (access "abcdefghijklmnopqrstuv") (address "loopback")
L 01/07/2022 - 16:56:06: [admin.amxx] Login: "Ricky_Khats<1><STEAM_ID_LAN><>" became an admin (account "Ricky_Khats") (access "abcdefghijklmnopqrstuv") (address "loopback")
L 01/07/2022 - 17:05:16: [GEOIP] Could not find GeoIP2 databases. Disabled natives.
L 01/07/2022 - 17:05:17: client_disconnected and client_remove forwards have been disabled - check your gamedata files.
L 01/07/2022 - 17:05:17: Binding/Hooking cvars have been disabled - check your gamedata files.
L 01/07/2022 - 17:05:18: -------- Mapchange to surf_green --------
L 01/07/2022 - 17:05:18: [CSTRIKE] GiveDefaultItems is not available - native cs_set_no_knives has been disabled
L 01/07/2022 - 17:05:18: [CSTRIKE] UTIL_FindEntByString is not available - native cs_find_ent_by_class() has been disabled
L 01/07/2022 - 17:05:18: [CSTRIKE] AddEntityHashValue or RemoveEntityHashValue is not available - native cs_set_ent_class() has been disabled
L 01/07/2022 - 17:05:18: [CSTRIKE] sv global variable is not available
L 01/07/2022 - 17:05:29: [AMXX] Failed to open dictionary file: cstrike\addons\amxmodx\data\lang\grab_plus.txt
L 01/07/2022 - 17:06:30: [rpg_mod.amxx] SQL Error: Lost connection to MySQL server at 'waiting for initial communication packet', system error: 0 (2013)
L 01/07/2022 - 17:06:30: [admin.amxx] Login: "Ricky_Khats<1><STEAM_ID_LAN><>" became an admin (account "Ricky_Khats") (access "abcdefghijklmnopqrstuv") (address "loopback")
L 01/07/2022 - 17:06:32: [admin.amxx] Login: "Ricky_Khats<1><STEAM_ID_LAN><>" became an admin (account "Ricky_Khats") (access "abcdefghijklmnopqrstuv") (address "loopback")
L 01/07/2022 - 17:07:50: -------- Mapchange to surf_green --------
L 01/07/2022 - 17:07:51: [AMXX] Failed to open dictionary file: cstrike\addons\amxmodx\data\lang\grab_plus.txt
L 01/07/2022 - 17:08:51: [rpg_mod.amxx] SQL Error: Lost connection to MySQL server at 'waiting for initial communication packet', system error: 0 (2013)
L 01/07/2022 - 17:08:51: [admin.amxx] Login: "Ricky_Khats<11><STEAM_ID_LAN><>" became an admin (account "Ricky_Khats") (access "abcdefghijklmnopqrstuv") (address "loopback")
L 01/07/2022 - 17:08:52: [admin.amxx] Login: "Ricky_Khats<11><STEAM_ID_LAN><>" became an admin (account "Ricky_Khats") (access "abcdefghijklmnopqrstuv") (address "loopback")
L 01/07/2022 - 17:11:37: -------- Mapchange to surf_green --------
L 01/07/2022 - 17:11:37: [AMXX] Failed to open dictionary file: cstrike\addons\amxmodx\data\lang\grab_plus.txt
L 01/07/2022 - 17:12:37: [rpg_mod.amxx] SQL Error: Lost connection to MySQL server at 'waiting for initial communication packet', system error: 0 (2013)
L 01/07/2022 - 17:12:37: [admin.amxx] Login: "Ricky_Khats<20><STEAM_ID_LAN><>" became an admin (account "Ricky_Khats") (access "abcdefghijklmnopqrstuv") (address "loopback")
L 01/07/2022 - 17:12:38: [admin.amxx] Login: "Ricky_Khats<20><STEAM_ID_LAN><>" became an admin (account "Ricky_Khats") (access "abcdefghijklmnopqrstuv") (address "loopback")
L 01/07/2022 - 17:14:21: [GEOIP] Could not find GeoIP2 databases. Disabled natives.
L 01/07/2022 - 17:14:22: client_disconnected and client_remove forwards have been disabled - check your gamedata files.
L 01/07/2022 - 17:14:22: Binding/Hooking cvars have been disabled - check your gamedata files.
L 01/07/2022 - 17:14:22: -------- Mapchange to surf_green --------
L 01/07/2022 - 17:14:22: [CSTRIKE] GiveDefaultItems is not available - native cs_set_no_knives has been disabled
L 01/07/2022 - 17:14:22: [CSTRIKE] UTIL_FindEntByString is not available - native cs_find_ent_by_class() has been disabled
L 01/07/2022 - 17:14:22: [CSTRIKE] AddEntityHashValue or RemoveEntityHashValue is not available - native cs_set_ent_class() has been disabled
L 01/07/2022 - 17:14:22: [CSTRIKE] sv global variable is not available
L 01/07/2022 - 17:14:24: [AMXX] Failed to open dictionary file: cstrike\addons\amxmodx\data\lang\grab_plus.txt
L 01/07/2022 - 17:15:25: [rpg_mod.amxx] SQL Error: Lost connection to MySQL server at 'waiting for initial communication packet', system error: 0 (2013)
L 01/07/2022 - 17:15:25: [admin.amxx] Login: "Ricky_Khats<1><STEAM_ID_LAN><>" became an admin (account "Ricky_Khats") (access "abcdefghijklmnopqrstuv") (address "loopback")
L 01/07/2022 - 17:15:26: [admin.amxx] Login: "Ricky_Khats<1><STEAM_ID_LAN><>" became an admin (account "Ricky_Khats") (access "abcdefghijklmnopqrstuv") (address "loopback")
L 01/07/2022 - 17:18:27: -------- Mapchange to surf_green --------
L 01/07/2022 - 17:18:27: [AMXX] Failed to open dictionary file: cstrike\addons\amxmodx\data\lang\grab_plus.txt
L 01/07/2022 - 17:19:28: [rpg_mod.amxx] SQL Error: Lost connection to MySQL server at 'waiting for initial communication packet', system error: 0 (2013)
L 01/07/2022 - 17:19:28: [admin.amxx] Login: "Ricky_Khats<11><STEAM_ID_LAN><>" became an admin (account "Ricky_Khats") (access "abcdefghijklmnopqrstuv") (address "loopback")
L 01/07/2022 - 17:19:28: [admin.amxx] Login: "Ricky_Khats<11><STEAM_ID_LAN><>" became an admin (account "Ricky_Khats") (access "abcdefghijklmnopqrstuv") (address "loopback")
L 01/07/2022 - 17:23:25: -------- Mapchange to surf_green --------
L 01/07/2022 - 17:23:26: [AMXX] Failed to open dictionary file: cstrike\addons\amxmodx\data\lang\grab_plus.txt
L 01/07/2022 - 17:24:26: [rpg_mod.amxx] SQL Error: Lost connection to MySQL server at 'waiting for initial communication packet', system error: 0 (2013)
L 01/07/2022 - 17:24:26: [admin.amxx] Login: "Ricky_Khats<17><STEAM_ID_LAN><>" became an admin (account "Ricky_Khats") (access "abcdefghijklmnopqrstuv") (address "loopback")
L 01/07/2022 - 17:24:27: [admin.amxx] Login: "Ricky_Khats<17><STEAM_ID_LAN><>" became an admin (account "Ricky_Khats") (access "abcdefghijklmnopqrstuv") (address "loopback")
L 01/07/2022 - 17:42:40: [mapchooser.amxx] Vote: Voting for the nextmap started
L 01/07/2022 - 17:42:55: [mapchooser.amxx] Vote: Voting for the nextmap finished. The nextmap will be de_chateau
L 01/07/2022 - 17:57:58: -------- Mapchange to surf_green --------
L 01/07/2022 - 17:58:01: [AMXX] Failed to open dictionary file: cstrike\addons\amxmodx\data\lang\grab_plus.txt
L 01/07/2022 - 17:59:01: [rpg_mod.amxx] SQL Error: Lost connection to MySQL server at 'waiting for initial communication packet', system error: 0 (2013)
L 01/07/2022 - 17:59:01: [admin.amxx] Login: "Ricky_Khats<27><STEAM_ID_LAN><>" became an admin (account "Ricky_Khats") (access "abcdefghijklmnopqrstuv") (address "loopback")
L 01/07/2022 - 17:59:04: [admin.amxx] Login: "Ricky_Khats<27><STEAM_ID_LAN><>" became an admin (account "Ricky_Khats") (access "abcdefghijklmnopqrstuv") (address "loopback")
L 01/07/2022 - 19:18:06: -------- Mapchange to surf_green --------
L 01/07/2022 - 19:18:14: [AMXX] Failed to open dictionary file: cstrike\addons\amxmodx\data\lang\grab_plus.txt
L 01/07/2022 - 19:18:33: [GEOIP] Could not find GeoIP2 databases. Disabled natives.
L 01/07/2022 - 19:18:34: client_disconnected and client_remove forwards have been disabled - check your gamedata files.
L 01/07/2022 - 19:18:34: Binding/Hooking cvars have been disabled - check your gamedata files.
L 01/07/2022 - 19:18:34: -------- Mapchange to surf_green --------
L 01/07/2022 - 19:18:34: [CSTRIKE] GiveDefaultItems is not available - native cs_set_no_knives has been disabled
L 01/07/2022 - 19:18:34: [CSTRIKE] UTIL_FindEntByString is not available - native cs_find_ent_by_class() has been disabled
L 01/07/2022 - 19:18:34: [CSTRIKE] AddEntityHashValue or RemoveEntityHashValue is not available - native cs_set_ent_class() has been disabled
L 01/07/2022 - 19:18:34: [CSTRIKE] sv global variable is not available
L 01/07/2022 - 19:18:40: [AMXX] Failed to open dictionary file: cstrike\addons\amxmodx\data\lang\grab_plus.txt
L 01/07/2022 - 19:18:40: [admin.amxx] Login: "Ricky_Khats<1><STEAM_ID_LAN><>" became an admin (account "Ricky_Khats") (access "abcdefghijklmnopqrstuv") (address "loopback")
L 01/07/2022 - 19:18:43: [admin.amxx] Login: "Ricky_Khats<1><STEAM_ID_LAN><>" became an admin (account "Ricky_Khats") (access "abcdefghijklmnopqrstuv") (address "loopback")
L 01/07/2022 - 19:25:44: [GEOIP] Could not find GeoIP2 databases. Disabled natives.
L 01/07/2022 - 19:25:44: Binding/Hooking cvars have been disabled - check your gamedata files.
L 01/07/2022 - 19:25:44: -------- Mapchange to de_dust2 --------
L 01/07/2022 - 19:25:44: [CSTRIKE] GiveDefaultItems is not available - native cs_set_no_knives has been disabled
L 01/07/2022 - 19:25:44: [CSTRIKE] UTIL_FindEntByString is not available - native cs_find_ent_by_class() has been disabled
L 01/07/2022 - 19:25:44: [CSTRIKE] AddEntityHashValue or RemoveEntityHashValue is not available - native cs_set_ent_class() has been disabled
L 01/07/2022 - 19:26:07: [GEOIP] Could not find GeoIP2 databases. Disabled natives.
L 01/07/2022 - 19:26:07: client_disconnected and client_remove forwards have been disabled - check your gamedata files.
L 01/07/2022 - 19:26:07: Binding/Hooking cvars have been disabled - check your gamedata files.
L 01/07/2022 - 19:26:07: -------- Mapchange to surf_green --------
L 01/07/2022 - 19:26:07: [CSTRIKE] GiveDefaultItems is not available - native cs_set_no_knives has been disabled
L 01/07/2022 - 19:26:07: [CSTRIKE] UTIL_FindEntByString is not available - native cs_find_ent_by_class() has been disabled
L 01/07/2022 - 19:26:07: [CSTRIKE] AddEntityHashValue or RemoveEntityHashValue is not available - native cs_set_ent_class() has been disabled
L 01/07/2022 - 19:26:07: [CSTRIKE] sv global variable is not available
L 01/07/2022 - 19:26:13: [AMXX] Failed to open dictionary file: cstrike\addons\amxmodx\data\lang\grab_plus.txt
L 01/07/2022 - 19:26:13: [admin.amxx] Login: "Ricky_Khats<1><STEAM_ID_LAN><>" became an admin (account "Ricky_Khats") (access "abcdefghijklmnopqrstuv") (address "loopback")
L 01/07/2022 - 19:26:15: [admin.amxx] Login: "Ricky_Khats<1><STEAM_ID_LAN><>" became an admin (account "Ricky_Khats") (access "abcdefghijklmnopqrstuv") (address "loopback")
L 01/07/2022 - 19:33:17: -------- Mapchange to surf_green --------
L 01/07/2022 - 19:34:18: [GEOIP] Could not find GeoIP2 databases. Disabled natives.
L 01/07/2022 - 19:34:18: client_disconnected and client_remove forwards have been disabled - check your gamedata files.
L 01/07/2022 - 19:34:18: Binding/Hooking cvars have been disabled - check your gamedata files.
L 01/07/2022 - 19:34:18: -------- Mapchange to surf_green --------
L 01/07/2022 - 19:34:18: [CSTRIKE] GiveDefaultItems is not available - native cs_set_no_knives has been disabled
L 01/07/2022 - 19:34:18: [CSTRIKE] UTIL_FindEntByString is not available - native cs_find_ent_by_class() has been disabled
L 01/07/2022 - 19:34:18: [CSTRIKE] AddEntityHashValue or RemoveEntityHashValue is not available - native cs_set_ent_class() has been disabled
L 01/07/2022 - 19:34:18: [CSTRIKE] sv global variable is not available
L 01/07/2022 - 19:40:02: [GEOIP] Could not find GeoIP2 databases. Disabled natives.
L 01/07/2022 - 19:40:02: client_disconnected and client_remove forwards have been disabled - check your gamedata files.
L 01/07/2022 - 19:40:02: Binding/Hooking cvars have been disabled - check your gamedata files.
L 01/07/2022 - 19:40:02: -------- Mapchange to surf_green --------
L 01/07/2022 - 19:40:02: [CSTRIKE] GiveDefaultItems is not available - native cs_set_no_knives has been disabled
L 01/07/2022 - 19:40:02: [CSTRIKE] UTIL_FindEntByString is not available - native cs_find_ent_by_class() has been disabled
L 01/07/2022 - 19:40:02: [CSTRIKE] AddEntityHashValue or RemoveEntityHashValue is not available - native cs_set_ent_class() has been disabled
L 01/07/2022 - 19:40:02: [CSTRIKE] sv global variable is not available
