L 12/28/2021 - 18:58:54: [GEOIP] Could not find GeoIP2 databases. Disabled natives.
L 12/28/2021 - 18:58:55: client_disconnected and client_remove forwards have been disabled - check your gamedata files.
L 12/28/2021 - 18:58:55: Binding/Hooking cvars have been disabled - check your gamedata files.
L 12/28/2021 - 18:58:56: -------- Mapchange to de_dust2 --------
L 12/28/2021 - 18:58:56: [CSTRIKE] GiveDefaultItems is not available - native cs_set_no_knives has been disabled
L 12/28/2021 - 18:58:56: [CSTRIKE] UTIL_FindEntByString is not available - native cs_find_ent_by_class() has been disabled
L 12/28/2021 - 18:58:56: [CSTRIKE] AddEntityHashValue or RemoveEntityHashValue is not available - native cs_set_ent_class() has been disabled
L 12/28/2021 - 18:58:56: [CSTRIKE] sv global variable is not available
L 12/28/2021 - 18:58:57: [AMXX] Plugin "scarface_system.amxx" failed to load: Module/Library "reapi" required for plugin.  Check modules.ini.
L 12/28/2021 - 18:59:06: [admin.amxx] Login: "Ricky<1><STEAM_ID_LAN><>" became an admin (account "loopback") (access "abcdefghijklmnopqrstuv") (address "loopback")
L 12/28/2021 - 18:59:09: [admin.amxx] Login: "Ricky<1><STEAM_ID_LAN><>" became an admin (account "loopback") (access "abcdefghijklmnopqrstuv") (address "loopback")
L 12/28/2021 - 19:00:58: -------- Mapchange to de_dust2 --------
L 12/28/2021 - 19:00:58: [AMXX] Plugin "scarface_system.amxx" failed to load: Plugin uses an unknown function (name "rpg_get_max_health") - check your modules.ini.
L 12/28/2021 - 19:00:59: [admin.amxx] Login: "Ricky<2><STEAM_ID_LAN><>" became an admin (account "loopback") (access "abcdefghijklmnopqrstuv") (address "loopback")
L 12/28/2021 - 19:01:00: [admin.amxx] Login: "Ricky<2><STEAM_ID_LAN><>" became an admin (account "loopback") (access "abcdefghijklmnopqrstuv") (address "loopback")
L 12/28/2021 - 19:01:30: -------- Mapchange to de_dust2 --------
L 12/28/2021 - 19:01:31: [admin.amxx] Login: "Ricky<3><STEAM_ID_LAN><>" became an admin (account "loopback") (access "abcdefghijklmnopqrstuv") (address "loopback")
L 12/28/2021 - 19:01:32: [admin.amxx] Login: "Ricky<3><STEAM_ID_LAN><>" became an admin (account "loopback") (access "abcdefghijklmnopqrstuv") (address "loopback")
L 12/28/2021 - 19:06:44: -------- Mapchange to de_dust2 --------
L 12/28/2021 - 19:06:45: [admin.amxx] Login: "Ricky<4><STEAM_ID_LAN><>" became an admin (account "loopback") (access "abcdefghijklmnopqrstuv") (address "loopback")
L 12/28/2021 - 19:06:45: [admin.amxx] Login: "Ricky<4><STEAM_ID_LAN><>" became an admin (account "loopback") (access "abcdefghijklmnopqrstuv") (address "loopback")
L 12/28/2021 - 19:14:11: -------- Mapchange to de_dust2 --------
L 12/28/2021 - 19:14:12: [admin.amxx] Login: "Ricky<5><STEAM_ID_LAN><>" became an admin (account "loopback") (access "abcdefghijklmnopqrstuv") (address "loopback")
L 12/28/2021 - 19:14:12: [admin.amxx] Login: "Ricky<5><STEAM_ID_LAN><>" became an admin (account "loopback") (access "abcdefghijklmnopqrstuv") (address "loopback")
L 12/28/2021 - 19:15:51: -------- Mapchange to de_dust2 --------
L 12/28/2021 - 19:15:52: [admin.amxx] Login: "Ricky<6><STEAM_ID_LAN><>" became an admin (account "loopback") (access "abcdefghijklmnopqrstuv") (address "loopback")
L 12/28/2021 - 19:15:52: [admin.amxx] Login: "Ricky<6><STEAM_ID_LAN><>" became an admin (account "loopback") (access "abcdefghijklmnopqrstuv") (address "loopback")
L 12/28/2021 - 19:18:01: -------- Mapchange to de_dust2 --------
L 12/28/2021 - 19:18:02: [admin.amxx] Login: "Ricky<7><STEAM_ID_LAN><>" became an admin (account "loopback") (access "abcdefghijklmnopqrstuv") (address "loopback")
L 12/28/2021 - 19:18:03: [admin.amxx] Login: "Ricky<7><STEAM_ID_LAN><>" became an admin (account "loopback") (access "abcdefghijklmnopqrstuv") (address "loopback")
L 12/28/2021 - 19:24:26: -------- Mapchange to de_dust2 --------
L 12/28/2021 - 19:27:51: [GEOIP] Could not find GeoIP2 databases. Disabled natives.
L 12/28/2021 - 19:27:51: client_disconnected and client_remove forwards have been disabled - check your gamedata files.
L 12/28/2021 - 19:27:51: Binding/Hooking cvars have been disabled - check your gamedata files.
L 12/28/2021 - 19:27:51: -------- Mapchange to de_dust2 --------
L 12/28/2021 - 19:27:52: [CSTRIKE] GiveDefaultItems is not available - native cs_set_no_knives has been disabled
L 12/28/2021 - 19:27:52: [CSTRIKE] UTIL_FindEntByString is not available - native cs_find_ent_by_class() has been disabled
L 12/28/2021 - 19:27:52: [CSTRIKE] AddEntityHashValue or RemoveEntityHashValue is not available - native cs_set_ent_class() has been disabled
L 12/28/2021 - 19:27:52: [CSTRIKE] sv global variable is not available
L 12/28/2021 - 19:29:21: [GEOIP] Could not find GeoIP2 databases. Disabled natives.
L 12/28/2021 - 19:29:21: client_disconnected and client_remove forwards have been disabled - check your gamedata files.
L 12/28/2021 - 19:29:21: Binding/Hooking cvars have been disabled - check your gamedata files.
L 12/28/2021 - 19:29:21: -------- Mapchange to de_dust2 --------
L 12/28/2021 - 19:29:21: [CSTRIKE] GiveDefaultItems is not available - native cs_set_no_knives has been disabled
L 12/28/2021 - 19:29:21: [CSTRIKE] UTIL_FindEntByString is not available - native cs_find_ent_by_class() has been disabled
L 12/28/2021 - 19:29:21: [CSTRIKE] AddEntityHashValue or RemoveEntityHashValue is not available - native cs_set_ent_class() has been disabled
L 12/28/2021 - 19:29:21: [CSTRIKE] sv global variable is not available
L 12/28/2021 - 19:29:25: [admin.amxx] Login: "Ricky<1><STEAM_ID_LAN><>" became an admin (account "loopback") (access "abcdefghijklmnopqrstuv") (address "loopback")
L 12/28/2021 - 19:29:26: [admin.amxx] Login: "Ricky<1><STEAM_ID_LAN><>" became an admin (account "loopback") (access "abcdefghijklmnopqrstuv") (address "loopback")
L 12/28/2021 - 19:39:15: -------- Mapchange to de_dust2 --------
L 12/28/2021 - 19:39:16: [AMXX] Failed to open dictionary file: cstrike\addons\amxmodx\data\lang\grab_plus.txt
L 12/28/2021 - 19:39:16: [admin.amxx] Login: "Ricky<2><STEAM_ID_LAN><>" became an admin (account "loopback") (access "abcdefghijklmnopqrstuv") (address "loopback")
L 12/28/2021 - 19:39:17: [admin.amxx] Login: "Ricky<2><STEAM_ID_LAN><>" became an admin (account "loopback") (access "abcdefghijklmnopqrstuv") (address "loopback")
L 12/28/2021 - 19:40:48: -------- Mapchange to de_dust2 --------
L 12/28/2021 - 19:40:49: [AMXX] Failed to open dictionary file: cstrike\addons\amxmodx\data\lang\grab_plus.txt
L 12/28/2021 - 19:40:49: [admin.amxx] Login: "Ricky<3><STEAM_ID_LAN><>" became an admin (account "loopback") (access "abcdefghijklmnopqrstuv") (address "loopback")
L 12/28/2021 - 19:40:50: [admin.amxx] Login: "Ricky<3><STEAM_ID_LAN><>" became an admin (account "loopback") (access "abcdefghijklmnopqrstuv") (address "loopback")
L 12/28/2021 - 19:41:42: -------- Mapchange to de_dust2 --------
L 12/28/2021 - 19:41:43: [AMXX] Failed to open dictionary file: cstrike\addons\amxmodx\data\lang\grab_plus.txt
L 12/28/2021 - 19:41:43: [admin.amxx] Login: "Ricky<4><STEAM_ID_LAN><>" became an admin (account "loopback") (access "abcdefghijklmnopqrstuv") (address "loopback")
L 12/28/2021 - 19:41:44: [admin.amxx] Login: "Ricky<4><STEAM_ID_LAN><>" became an admin (account "loopback") (access "abcdefghijklmnopqrstuv") (address "loopback")
L 12/28/2021 - 19:43:42: -------- Mapchange to de_dust2 --------
L 12/28/2021 - 19:43:42: [AMXX] Failed to open dictionary file: cstrike\addons\amxmodx\data\lang\grab_plus.txt
L 12/28/2021 - 19:43:42: [admin.amxx] Login: "Ricky<5><STEAM_ID_LAN><>" became an admin (account "loopback") (access "abcdefghijklmnopqrstuv") (address "loopback")
L 12/28/2021 - 19:43:43: [admin.amxx] Login: "Ricky<5><STEAM_ID_LAN><>" became an admin (account "loopback") (access "abcdefghijklmnopqrstuv") (address "loopback")
L 12/28/2021 - 19:46:55: -------- Mapchange to de_dust2 --------
L 12/28/2021 - 19:46:56: [AMXX] Failed to open dictionary file: cstrike\addons\amxmodx\data\lang\grab_plus.txt
L 12/28/2021 - 19:46:56: [admin.amxx] Login: "Ricky<6><STEAM_ID_LAN><>" became an admin (account "loopback") (access "abcdefghijklmnopqrstuv") (address "loopback")
L 12/28/2021 - 19:46:57: [admin.amxx] Login: "Ricky<6><STEAM_ID_LAN><>" became an admin (account "loopback") (access "abcdefghijklmnopqrstuv") (address "loopback")
L 12/28/2021 - 19:47:50: -------- Mapchange to de_dust2 --------
L 12/28/2021 - 19:47:50: [AMXX] Failed to open dictionary file: cstrike\addons\amxmodx\data\lang\grab_plus.txt
L 12/28/2021 - 19:47:51: [admin.amxx] Login: "Ricky<7><STEAM_ID_LAN><>" became an admin (account "loopback") (access "abcdefghijklmnopqrstuv") (address "loopback")
L 12/28/2021 - 19:47:51: [admin.amxx] Login: "Ricky<7><STEAM_ID_LAN><>" became an admin (account "loopback") (access "abcdefghijklmnopqrstuv") (address "loopback")
L 12/28/2021 - 19:55:14: -------- Mapchange to de_dust2 --------
L 12/28/2021 - 19:55:14: [AMXX] Failed to open dictionary file: cstrike\addons\amxmodx\data\lang\grab_plus.txt
L 12/28/2021 - 19:55:15: [admin.amxx] Login: "Ricky<9><STEAM_ID_LAN><>" became an admin (account "loopback") (access "abcdefghijklmnopqrstuv") (address "loopback")
L 12/28/2021 - 19:55:16: [admin.amxx] Login: "Ricky<9><STEAM_ID_LAN><>" became an admin (account "loopback") (access "abcdefghijklmnopqrstuv") (address "loopback")
L 12/28/2021 - 19:56:51: -------- Mapchange to de_dust2 --------
L 12/28/2021 - 19:56:52: [AMXX] Failed to open dictionary file: cstrike\addons\amxmodx\data\lang\grab_plus.txt
L 12/28/2021 - 19:56:52: [admin.amxx] Login: "Ricky<11><STEAM_ID_LAN><>" became an admin (account "loopback") (access "abcdefghijklmnopqrstuv") (address "loopback")
L 12/28/2021 - 19:56:53: [admin.amxx] Login: "Ricky<11><STEAM_ID_LAN><>" became an admin (account "loopback") (access "abcdefghijklmnopqrstuv") (address "loopback")
L 12/28/2021 - 19:59:06: -------- Mapchange to de_dust2 --------
L 12/28/2021 - 19:59:06: [AMXX] Failed to open dictionary file: cstrike\addons\amxmodx\data\lang\grab_plus.txt
L 12/28/2021 - 19:59:06: [admin.amxx] Login: "Ricky<13><STEAM_ID_LAN><>" became an admin (account "loopback") (access "abcdefghijklmnopqrstuv") (address "loopback")
L 12/28/2021 - 19:59:07: [admin.amxx] Login: "Ricky<13><STEAM_ID_LAN><>" became an admin (account "loopback") (access "abcdefghijklmnopqrstuv") (address "loopback")
L 12/28/2021 - 20:01:19: -------- Mapchange to de_dust2 --------
L 12/28/2021 - 20:01:20: [AMXX] Failed to open dictionary file: cstrike\addons\amxmodx\data\lang\grab_plus.txt
L 12/28/2021 - 20:01:20: [admin.amxx] Login: "Ricky<17><STEAM_ID_LAN><>" became an admin (account "loopback") (access "abcdefghijklmnopqrstuv") (address "loopback")
L 12/28/2021 - 20:01:21: [admin.amxx] Login: "Ricky<17><STEAM_ID_LAN><>" became an admin (account "loopback") (access "abcdefghijklmnopqrstuv") (address "loopback")
L 12/28/2021 - 20:02:54: -------- Mapchange to de_dust2 --------
L 12/28/2021 - 20:02:54: [AMXX] Failed to open dictionary file: cstrike\addons\amxmodx\data\lang\grab_plus.txt
L 12/28/2021 - 20:02:55: [admin.amxx] Login: "Ricky<20><STEAM_ID_LAN><>" became an admin (account "loopback") (access "abcdefghijklmnopqrstuv") (address "loopback")
L 12/28/2021 - 20:02:55: [admin.amxx] Login: "Ricky<20><STEAM_ID_LAN><>" became an admin (account "loopback") (access "abcdefghijklmnopqrstuv") (address "loopback")
L 12/28/2021 - 20:03:40: -------- Mapchange to de_dust2 --------
L 12/28/2021 - 20:03:40: [AMXX] Failed to open dictionary file: cstrike\addons\amxmodx\data\lang\grab_plus.txt
L 12/28/2021 - 20:03:41: [admin.amxx] Login: "Ricky<24><STEAM_ID_LAN><>" became an admin (account "loopback") (access "abcdefghijklmnopqrstuv") (address "loopback")
L 12/28/2021 - 20:03:41: [admin.amxx] Login: "Ricky<24><STEAM_ID_LAN><>" became an admin (account "loopback") (access "abcdefghijklmnopqrstuv") (address "loopback")
L 12/28/2021 - 20:04:05: -------- Mapchange to de_dust2 --------
L 12/28/2021 - 20:04:05: [AMXX] Failed to open dictionary file: cstrike\addons\amxmodx\data\lang\grab_plus.txt
L 12/28/2021 - 20:04:05: [admin.amxx] Login: "Ricky<26><STEAM_ID_LAN><>" became an admin (account "loopback") (access "abcdefghijklmnopqrstuv") (address "loopback")
L 12/28/2021 - 20:04:06: [admin.amxx] Login: "Ricky<26><STEAM_ID_LAN><>" became an admin (account "loopback") (access "abcdefghijklmnopqrstuv") (address "loopback")
L 12/28/2021 - 20:05:42: -------- Mapchange to de_dust2 --------
L 12/28/2021 - 20:05:43: [AMXX] Failed to open dictionary file: cstrike\addons\amxmodx\data\lang\grab_plus.txt
L 12/28/2021 - 20:05:43: [admin.amxx] Login: "Ricky<30><STEAM_ID_LAN><>" became an admin (account "loopback") (access "abcdefghijklmnopqrstuv") (address "loopback")
L 12/28/2021 - 20:05:44: [admin.amxx] Login: "Ricky<30><STEAM_ID_LAN><>" became an admin (account "loopback") (access "abcdefghijklmnopqrstuv") (address "loopback")
L 12/28/2021 - 20:08:05: -------- Mapchange to de_dust2 --------
L 12/28/2021 - 20:08:05: [AMXX] Failed to open dictionary file: cstrike\addons\amxmodx\data\lang\grab_plus.txt
L 12/28/2021 - 20:08:05: [admin.amxx] Login: "Ricky<34><STEAM_ID_LAN><>" became an admin (account "loopback") (access "abcdefghijklmnopqrstuv") (address "loopback")
L 12/28/2021 - 20:08:06: [admin.amxx] Login: "Ricky<34><STEAM_ID_LAN><>" became an admin (account "loopback") (access "abcdefghijklmnopqrstuv") (address "loopback")
L 12/28/2021 - 20:09:13: -------- Mapchange to de_dust2 --------
L 12/28/2021 - 20:09:13: [AMXX] Failed to open dictionary file: cstrike\addons\amxmodx\data\lang\grab_plus.txt
L 12/28/2021 - 20:09:14: [admin.amxx] Login: "Ricky<38><STEAM_ID_LAN><>" became an admin (account "loopback") (access "abcdefghijklmnopqrstuv") (address "loopback")
L 12/28/2021 - 20:09:14: [admin.amxx] Login: "Ricky<38><STEAM_ID_LAN><>" became an admin (account "loopback") (access "abcdefghijklmnopqrstuv") (address "loopback")
L 12/28/2021 - 20:10:12: -------- Mapchange to de_dust2 --------
L 12/28/2021 - 20:10:13: [AMXX] Failed to open dictionary file: cstrike\addons\amxmodx\data\lang\grab_plus.txt
L 12/28/2021 - 20:10:13: [admin.amxx] Login: "Ricky<42><STEAM_ID_LAN><>" became an admin (account "loopback") (access "abcdefghijklmnopqrstuv") (address "loopback")
L 12/28/2021 - 20:10:14: [admin.amxx] Login: "Ricky<42><STEAM_ID_LAN><>" became an admin (account "loopback") (access "abcdefghijklmnopqrstuv") (address "loopback")
L 12/28/2021 - 20:16:16: -------- Mapchange to de_dust2 --------
L 12/28/2021 - 20:16:17: [AMXX] Failed to open dictionary file: cstrike\addons\amxmodx\data\lang\grab_plus.txt
L 12/28/2021 - 20:16:17: [admin.amxx] Login: "Ricky<46><STEAM_ID_LAN><>" became an admin (account "loopback") (access "abcdefghijklmnopqrstuv") (address "loopback")
L 12/28/2021 - 20:16:18: [admin.amxx] Login: "Ricky<46><STEAM_ID_LAN><>" became an admin (account "loopback") (access "abcdefghijklmnopqrstuv") (address "loopback")
L 12/28/2021 - 20:20:41: -------- Mapchange to de_dust2 --------
L 12/28/2021 - 20:20:42: [AMXX] Failed to open dictionary file: cstrike\addons\amxmodx\data\lang\grab_plus.txt
L 12/28/2021 - 20:20:42: [admin.amxx] Login: "Ricky<50><STEAM_ID_LAN><>" became an admin (account "loopback") (access "abcdefghijklmnopqrstuv") (address "loopback")
L 12/28/2021 - 20:20:43: [admin.amxx] Login: "Ricky<50><STEAM_ID_LAN><>" became an admin (account "loopback") (access "abcdefghijklmnopqrstuv") (address "loopback")
L 12/28/2021 - 20:21:01: [admincmd.amxx] Kick: "Ricky<50><STEAM_ID_LAN><>" kick "Fergus<52><BOT><>" (reason "")
L 12/28/2021 - 20:21:06: [admincmd.amxx] Kick: "Ricky<50><STEAM_ID_LAN><>" kick "Waldo<54><BOT><>" (reason "")
L 12/28/2021 - 20:21:11: [admincmd.amxx] Kick: "Ricky<50><STEAM_ID_LAN><>" kick "Dustin<55><BOT><>" (reason "")
L 12/28/2021 - 20:21:12: [admincmd.amxx] Kick: "Ricky<50><STEAM_ID_LAN><>" kick "Niles<56><BOT><>" (reason "")
L 12/28/2021 - 20:26:11: -------- Mapchange to de_dust2 --------
L 12/28/2021 - 20:26:12: [AMXX] Failed to open dictionary file: cstrike\addons\amxmodx\data\lang\grab_plus.txt
L 12/28/2021 - 20:26:12: [admin.amxx] Login: "Ricky<58><STEAM_ID_LAN><>" became an admin (account "loopback") (access "abcdefghijklmnopqrstuv") (address "loopback")
L 12/28/2021 - 20:26:13: [admin.amxx] Login: "Ricky<58><STEAM_ID_LAN><>" became an admin (account "loopback") (access "abcdefghijklmnopqrstuv") (address "loopback")
L 12/28/2021 - 20:31:16: -------- Mapchange to as_oilrig --------
L 12/28/2021 - 20:31:17: [AMXX] Failed to open dictionary file: cstrike\addons\amxmodx\data\lang\grab_plus.txt
L 12/28/2021 - 20:31:17: [admin.amxx] Login: "Ricky<62><STEAM_ID_LAN><>" became an admin (account "loopback") (access "abcdefghijklmnopqrstuv") (address "loopback")
L 12/28/2021 - 20:31:18: [admin.amxx] Login: "Ricky<62><STEAM_ID_LAN><>" became an admin (account "loopback") (access "abcdefghijklmnopqrstuv") (address "loopback")
L 12/28/2021 - 20:38:02: -------- Mapchange to as_oilrig --------
L 12/28/2021 - 20:38:02: [AMXX] Failed to open dictionary file: cstrike\addons\amxmodx\data\lang\grab_plus.txt
L 12/28/2021 - 20:38:02: [admin.amxx] Login: "Ricky<66><STEAM_ID_LAN><>" became an admin (account "loopback") (access "abcdefghijklmnopqrstuv") (address "loopback")
L 12/28/2021 - 20:38:03: [admin.amxx] Login: "Ricky<66><STEAM_ID_LAN><>" became an admin (account "loopback") (access "abcdefghijklmnopqrstuv") (address "loopback")
L 12/28/2021 - 20:49:56: -------- Mapchange to as_oilrig --------
L 12/28/2021 - 20:49:56: [AMXX] Failed to open dictionary file: cstrike\addons\amxmodx\data\lang\grab_plus.txt
L 12/28/2021 - 20:49:56: [admin.amxx] Login: "Ricky<70><STEAM_ID_LAN><>" became an admin (account "loopback") (access "abcdefghijklmnopqrstuv") (address "loopback")
L 12/28/2021 - 20:49:57: [admin.amxx] Login: "Ricky<70><STEAM_ID_LAN><>" became an admin (account "loopback") (access "abcdefghijklmnopqrstuv") (address "loopback")
L 12/28/2021 - 20:55:40: -------- Mapchange to as_oilrig --------
L 12/28/2021 - 20:55:41: [AMXX] Failed to open dictionary file: cstrike\addons\amxmodx\data\lang\grab_plus.txt
L 12/28/2021 - 20:55:41: [admin.amxx] Login: "Ricky<74><STEAM_ID_LAN><>" became an admin (account "loopback") (access "abcdefghijklmnopqrstuv") (address "loopback")
L 12/28/2021 - 20:55:42: [admin.amxx] Login: "Ricky<74><STEAM_ID_LAN><>" became an admin (account "loopback") (access "abcdefghijklmnopqrstuv") (address "loopback")
L 12/28/2021 - 21:00:59: -------- Mapchange to as_oilrig --------
L 12/28/2021 - 21:01:00: [AMXX] Failed to open dictionary file: cstrike\addons\amxmodx\data\lang\grab_plus.txt
L 12/28/2021 - 21:01:00: [admin.amxx] Login: "Ricky<78><STEAM_ID_LAN><>" became an admin (account "loopback") (access "abcdefghijklmnopqrstuv") (address "loopback")
L 12/28/2021 - 21:01:01: [admin.amxx] Login: "Ricky<78><STEAM_ID_LAN><>" became an admin (account "loopback") (access "abcdefghijklmnopqrstuv") (address "loopback")
L 12/28/2021 - 21:01:49: -------- Mapchange to as_oilrig --------
L 12/28/2021 - 21:01:49: [AMXX] Failed to open dictionary file: cstrike\addons\amxmodx\data\lang\grab_plus.txt
L 12/28/2021 - 21:01:49: [admin.amxx] Login: "Ricky<82><STEAM_ID_LAN><>" became an admin (account "loopback") (access "abcdefghijklmnopqrstuv") (address "loopback")
L 12/28/2021 - 21:01:51: [admin.amxx] Login: "Ricky<82><STEAM_ID_LAN><>" became an admin (account "loopback") (access "abcdefghijklmnopqrstuv") (address "loopback")
L 12/28/2021 - 21:02:07: -------- Mapchange to as_oilrig --------
L 12/28/2021 - 21:02:07: [AMXX] Failed to open dictionary file: cstrike\addons\amxmodx\data\lang\grab_plus.txt
L 12/28/2021 - 21:02:08: [admin.amxx] Login: "Ricky<86><STEAM_ID_LAN><>" became an admin (account "loopback") (access "abcdefghijklmnopqrstuv") (address "loopback")
L 12/28/2021 - 21:02:09: [admin.amxx] Login: "Ricky<86><STEAM_ID_LAN><>" became an admin (account "loopback") (access "abcdefghijklmnopqrstuv") (address "loopback")
L 12/28/2021 - 21:07:30: -------- Mapchange to as_oilrig --------
L 12/28/2021 - 21:07:30: [AMXX] Failed to open dictionary file: cstrike\addons\amxmodx\data\lang\grab_plus.txt
L 12/28/2021 - 21:07:31: [admin.amxx] Login: "Ricky<90><STEAM_ID_LAN><>" became an admin (account "loopback") (access "abcdefghijklmnopqrstuv") (address "loopback")
L 12/28/2021 - 21:07:32: [admin.amxx] Login: "Ricky<90><STEAM_ID_LAN><>" became an admin (account "loopback") (access "abcdefghijklmnopqrstuv") (address "loopback")
L 12/28/2021 - 21:09:27: -------- Mapchange to as_oilrig --------
L 12/28/2021 - 21:09:28: [AMXX] Failed to open dictionary file: cstrike\addons\amxmodx\data\lang\grab_plus.txt
L 12/28/2021 - 21:09:28: [admin.amxx] Login: "Ricky<94><STEAM_ID_LAN><>" became an admin (account "loopback") (access "abcdefghijklmnopqrstuv") (address "loopback")
L 12/28/2021 - 21:09:29: [admin.amxx] Login: "Ricky<94><STEAM_ID_LAN><>" became an admin (account "loopback") (access "abcdefghijklmnopqrstuv") (address "loopback")
L 12/28/2021 - 21:16:26: -------- Mapchange to as_oilrig --------
L 12/28/2021 - 21:16:27: [AMXX] Failed to open dictionary file: cstrike\addons\amxmodx\data\lang\grab_plus.txt
L 12/28/2021 - 21:16:27: [admin.amxx] Login: "Ricky<118><STEAM_ID_LAN><>" became an admin (account "loopback") (access "abcdefghijklmnopqrstuv") (address "loopback")
L 12/28/2021 - 21:16:28: [admin.amxx] Login: "Ricky<118><STEAM_ID_LAN><>" became an admin (account "loopback") (access "abcdefghijklmnopqrstuv") (address "loopback")
L 12/28/2021 - 21:20:15: -------- Mapchange to as_oilrig --------
L 12/28/2021 - 21:20:16: [AMXX] Failed to open dictionary file: cstrike\addons\amxmodx\data\lang\grab_plus.txt
L 12/28/2021 - 21:20:16: [admin.amxx] Login: "Ricky<142><STEAM_ID_LAN><>" became an admin (account "loopback") (access "abcdefghijklmnopqrstuv") (address "loopback")
L 12/28/2021 - 21:20:17: [admin.amxx] Login: "Ricky<142><STEAM_ID_LAN><>" became an admin (account "loopback") (access "abcdefghijklmnopqrstuv") (address "loopback")
L 12/28/2021 - 21:22:35: -------- Mapchange to as_oilrig --------
L 12/28/2021 - 21:22:36: [AMXX] Failed to open dictionary file: cstrike\addons\amxmodx\data\lang\grab_plus.txt
L 12/28/2021 - 21:22:36: [admin.amxx] Login: "Ricky<166><STEAM_ID_LAN><>" became an admin (account "loopback") (access "abcdefghijklmnopqrstuv") (address "loopback")
L 12/28/2021 - 21:22:37: [admin.amxx] Login: "Ricky<166><STEAM_ID_LAN><>" became an admin (account "loopback") (access "abcdefghijklmnopqrstuv") (address "loopback")
