L 12/30/2021 - 01:19:29: [GEOIP] Could not find GeoIP2 databases. Disabled natives.
L 12/30/2021 - 01:19:30: client_disconnected and client_remove forwards have been disabled - check your gamedata files.
L 12/30/2021 - 01:19:30: Binding/Hooking cvars have been disabled - check your gamedata files.
L 12/30/2021 - 01:19:31: -------- Mapchange to cs_747 --------
L 12/30/2021 - 01:19:31: [CSTRIKE] GiveDefaultItems is not available - native cs_set_no_knives has been disabled
L 12/30/2021 - 01:19:31: [CSTRIKE] UTIL_FindEntByString is not available - native cs_find_ent_by_class() has been disabled
L 12/30/2021 - 01:19:31: [CSTRIKE] AddEntityHashValue or RemoveEntityHashValue is not available - native cs_set_ent_class() has been disabled
L 12/30/2021 - 01:19:31: [CSTRIKE] sv global variable is not available
L 12/30/2021 - 01:19:42: [AMXX] Failed to open dictionary file: cstrike\addons\amxmodx\data\lang\grab_plus.txt
L 12/30/2021 - 01:20:04: [rpg_mod.amxx] SQL Error: Can't connect to MySQL server on 'db3.myarena.ru' (10060) (2003)
L 12/30/2021 - 01:20:04: [admin.amxx] Login: "Ricky<1><STEAM_ID_LAN><>" became an admin (account "loopback") (access "abcdefghijklmnopqrstuv") (address "loopback")
L 12/30/2021 - 01:20:09: [admin.amxx] Login: "Ricky<1><STEAM_ID_LAN><>" became an admin (account "loopback") (access "abcdefghijklmnopqrstuv") (address "loopback")
L 12/30/2021 - 01:32:22: -------- Mapchange to cs_747 --------
L 12/30/2021 - 01:32:26: [AMXX] Failed to open dictionary file: cstrike\addons\amxmodx\data\lang\grab_plus.txt
L 12/30/2021 - 01:32:50: [rpg_mod.amxx] SQL Error: Can't connect to MySQL server on 'db3.myarena.ru' (10060) (2003)
L 12/30/2021 - 01:32:50: [admin.amxx] Login: "Ricky<5><STEAM_ID_LAN><>" became an admin (account "loopback") (access "abcdefghijklmnopqrstuv") (address "loopback")
L 12/30/2021 - 01:32:54: [admin.amxx] Login: "Ricky<5><STEAM_ID_LAN><>" became an admin (account "loopback") (access "abcdefghijklmnopqrstuv") (address "loopback")
L 12/30/2021 - 01:40:14: -------- Mapchange to cs_747 --------
L 12/30/2021 - 01:40:15: [AMXX] Failed to open dictionary file: cstrike\addons\amxmodx\data\lang\grab_plus.txt
L 12/30/2021 - 01:40:36: [rpg_mod.amxx] SQL Error: Can't connect to MySQL server on 'db3.myarena.ru' (10060) (2003)
L 12/30/2021 - 01:40:36: [admin.amxx] Login: "Ricky<9><STEAM_ID_LAN><>" became an admin (account "loopback") (access "abcdefghijklmnopqrstuv") (address "loopback")
L 12/30/2021 - 01:40:39: [admin.amxx] Login: "Ricky<9><STEAM_ID_LAN><>" became an admin (account "loopback") (access "abcdefghijklmnopqrstuv") (address "loopback")
